{"D:\\LearnX\\LearnX\\frontend\\app\\layout.tsx": {"path":"D:\\LearnX\\LearnX\\frontend\\app\\layout.tsx","statementMap":{"0":{"start":{"line":7,"column":15},"end":{"line":10,"column":2}},"1":{"start":{"line":12,"column":34},"end":{"line":32,"column":1}},"2":{"start":{"line":39,"column":2},"end":{"line":48,"column":3}}},"fnMap":{"0":{"name":"RootLayout","decl":{"start":{"line":34,"column":24},"end":{"line":34,"column":34}},"loc":{"start":{"line":38,"column":4},"end":{"line":49,"column":1}},"line":38}},"branchMap":{},"s":{"0":0,"1":0,"2":0},"f":{"0":0},"b":{}}
,"D:\\LearnX\\LearnX\\frontend\\app\\page.tsx": {"path":"D:\\LearnX\\LearnX\\frontend\\app\\page.tsx","statementMap":{"0":{"start":{"line":12,"column":23},"end":{"line":12,"column":44}},"1":{"start":{"line":14,"column":2},"end":{"line":215,"column":3}},"2":{"start":{"line":91,"column":16},"end":{"line":98,"column":18}},"3":{"start":{"line":124,"column":16},"end":{"line":124,"column":70}}},"fnMap":{"0":{"name":"HomePage","decl":{"start":{"line":11,"column":24},"end":{"line":11,"column":32}},"loc":{"start":{"line":11,"column":35},"end":{"line":216,"column":1}},"line":11},"1":{"name":"(anonymous_1)","decl":{"start":{"line":90,"column":30},"end":{"line":90,"column":31}},"loc":{"start":{"line":91,"column":16},"end":{"line":98,"column":18}},"line":91},"2":{"name":"(anonymous_2)","decl":{"start":{"line":123,"column":32},"end":{"line":123,"column":33}},"loc":{"start":{"line":124,"column":16},"end":{"line":124,"column":70}},"line":124}},"branchMap":{},"s":{"0":0,"1":0,"2":0,"3":0},"f":{"0":0,"1":0,"2":0},"b":{}}
,"D:\\LearnX\\LearnX\\frontend\\app\\chat\\page.tsx": {"path":"D:\\LearnX\\LearnX\\frontend\\app\\chat\\page.tsx","statementMap":{"0":{"start":{"line":19,"column":34},"end":{"line":26,"column":4}},"1":{"start":{"line":27,"column":28},"end":{"line":27,"column":40}},"2":{"start":{"line":28,"column":36},"end":{"line":28,"column":51}},"3":{"start":{"line":29,"column":25},"end":{"line":29,"column":53}},"4":{"start":{"line":31,"column":25},"end":{"line":33,"column":3}},"5":{"start":{"line":32,"column":4},"end":{"line":32,"column":67}},"6":{"start":{"line":35,"column":2},"end":{"line":37,"column":17}},"7":{"start":{"line":36,"column":4},"end":{"line":36,"column":21}},"8":{"start":{"line":39,"column":21},"end":{"line":94,"column":3}},"9":{"start":{"line":40,"column":4},"end":{"line":40,"column":43}},"10":{"start":{"line":40,"column":36},"end":{"line":40,"column":43}},"11":{"start":{"line":42,"column":32},"end":{"line":47,"column":5}},"12":{"start":{"line":49,"column":4},"end":{"line":49,"column":47}},"13":{"start":{"line":49,"column":24},"end":{"line":49,"column":45}},"14":{"start":{"line":50,"column":4},"end":{"line":50,"column":17}},"15":{"start":{"line":51,"column":4},"end":{"line":51,"column":23}},"16":{"start":{"line":53,"column":4},"end":{"line":93,"column":5}},"17":{"start":{"line":54,"column":23},"end":{"line":68,"column":8}},"18":{"start":{"line":61,"column":36},"end":{"line":64,"column":13}},"19":{"start":{"line":70,"column":6},"end":{"line":81,"column":7}},"20":{"start":{"line":71,"column":21},"end":{"line":71,"column":42}},"21":{"start":{"line":72,"column":42},"end":{"line":77,"column":9}},"22":{"start":{"line":78,"column":8},"end":{"line":78,"column":57}},"23":{"start":{"line":78,"column":28},"end":{"line":78,"column":55}},"24":{"start":{"line":80,"column":8},"end":{"line":80,"column":50}},"25":{"start":{"line":83,"column":6},"end":{"line":83,"column":37}},"26":{"start":{"line":84,"column":36},"end":{"line":89,"column":7}},"27":{"start":{"line":90,"column":6},"end":{"line":90,"column":51}},"28":{"start":{"line":90,"column":26},"end":{"line":90,"column":49}},"29":{"start":{"line":92,"column":6},"end":{"line":92,"column":26}},"30":{"start":{"line":96,"column":25},"end":{"line":101,"column":3}},"31":{"start":{"line":97,"column":4},"end":{"line":100,"column":5}},"32":{"start":{"line":98,"column":6},"end":{"line":98,"column":25}},"33":{"start":{"line":99,"column":6},"end":{"line":99,"column":19}},"34":{"start":{"line":103,"column":2},"end":{"line":207,"column":4}},"35":{"start":{"line":131,"column":14},"end":{"line":151,"column":20}},"36":{"start":{"line":168,"column":31},"end":{"line":168,"column":55}},"37":{"start":{"line":192,"column":16},"end":{"line":198,"column":25}},"38":{"start":{"line":194,"column":33},"end":{"line":194,"column":46}}},"fnMap":{"0":{"name":"ChatPage","decl":{"start":{"line":18,"column":24},"end":{"line":18,"column":32}},"loc":{"start":{"line":18,"column":35},"end":{"line":208,"column":1}},"line":18},"1":{"name":"(anonymous_1)","decl":{"start":{"line":31,"column":25},"end":{"line":31,"column":26}},"loc":{"start":{"line":31,"column":31},"end":{"line":33,"column":3}},"line":31},"2":{"name":"(anonymous_2)","decl":{"start":{"line":35,"column":12},"end":{"line":35,"column":13}},"loc":{"start":{"line":35,"column":18},"end":{"line":37,"column":3}},"line":35},"3":{"name":"(anonymous_3)","decl":{"start":{"line":39,"column":21},"end":{"line":39,"column":22}},"loc":{"start":{"line":39,"column":33},"end":{"line":94,"column":3}},"line":39},"4":{"name":"(anonymous_4)","decl":{"start":{"line":49,"column":16},"end":{"line":49,"column":17}},"loc":{"start":{"line":49,"column":24},"end":{"line":49,"column":45}},"line":49},"5":{"name":"(anonymous_5)","decl":{"start":{"line":61,"column":28},"end":{"line":61,"column":29}},"loc":{"start":{"line":61,"column":36},"end":{"line":64,"column":13}},"line":61},"6":{"name":"(anonymous_6)","decl":{"start":{"line":78,"column":20},"end":{"line":78,"column":21}},"loc":{"start":{"line":78,"column":28},"end":{"line":78,"column":55}},"line":78},"7":{"name":"(anonymous_7)","decl":{"start":{"line":90,"column":18},"end":{"line":90,"column":19}},"loc":{"start":{"line":90,"column":26},"end":{"line":90,"column":49}},"line":90},"8":{"name":"(anonymous_8)","decl":{"start":{"line":96,"column":25},"end":{"line":96,"column":26}},"loc":{"start":{"line":96,"column":53},"end":{"line":101,"column":3}},"line":96},"9":{"name":"(anonymous_9)","decl":{"start":{"line":130,"column":26},"end":{"line":130,"column":27}},"loc":{"start":{"line":131,"column":14},"end":{"line":151,"column":20}},"line":131},"10":{"name":"(anonymous_10)","decl":{"start":{"line":168,"column":24},"end":{"line":168,"column":25}},"loc":{"start":{"line":168,"column":31},"end":{"line":168,"column":55}},"line":168},"11":{"name":"(anonymous_11)","decl":{"start":{"line":191,"column":20},"end":{"line":191,"column":21}},"loc":{"start":{"line":192,"column":16},"end":{"line":198,"column":25}},"line":192},"12":{"name":"(anonymous_12)","decl":{"start":{"line":194,"column":27},"end":{"line":194,"column":28}},"loc":{"start":{"line":194,"column":33},"end":{"line":194,"column":46}},"line":194}},"branchMap":{"0":{"loc":{"start":{"line":40,"column":4},"end":{"line":40,"column":43}},"type":"if","locations":[{"start":{"line":40,"column":4},"end":{"line":40,"column":43}},{"start":{},"end":{}}],"line":40},"1":{"loc":{"start":{"line":40,"column":8},"end":{"line":40,"column":34}},"type":"binary-expr","locations":[{"start":{"line":40,"column":8},"end":{"line":40,"column":21}},{"start":{"line":40,"column":25},"end":{"line":40,"column":34}}],"line":40},"2":{"loc":{"start":{"line":70,"column":6},"end":{"line":81,"column":7}},"type":"if","locations":[{"start":{"line":70,"column":6},"end":{"line":81,"column":7}},{"start":{"line":79,"column":13},"end":{"line":81,"column":7}}],"line":70},"3":{"loc":{"start":{"line":97,"column":4},"end":{"line":100,"column":5}},"type":"if","locations":[{"start":{"line":97,"column":4},"end":{"line":100,"column":5}},{"start":{},"end":{}}],"line":97},"4":{"loc":{"start":{"line":97,"column":8},"end":{"line":97,"column":40}},"type":"binary-expr","locations":[{"start":{"line":97,"column":8},"end":{"line":97,"column":25}},{"start":{"line":97,"column":29},"end":{"line":97,"column":40}}],"line":97},"5":{"loc":{"start":{"line":133,"column":40},"end":{"line":133,"column":97}},"type":"cond-expr","locations":[{"start":{"line":133,"column":66},"end":{"line":133,"column":79}},{"start":{"line":133,"column":82},"end":{"line":133,"column":97}}],"line":133},"6":{"loc":{"start":{"line":136,"column":59},"end":{"line":138,"column":49}},"type":"cond-expr","locations":[{"start":{"line":137,"column":22},"end":{"line":137,"column":45}},{"start":{"line":138,"column":22},"end":{"line":138,"column":49}}],"line":136},"7":{"loc":{"start":{"line":140,"column":19},"end":{"line":146,"column":19}},"type":"cond-expr","locations":[{"start":{"line":141,"column":20},"end":{"line":143,"column":26}},{"start":{"line":145,"column":20},"end":{"line":145,"column":64}}],"line":140},"8":{"loc":{"start":{"line":147,"column":48},"end":{"line":147,"column":107}},"type":"cond-expr","locations":[{"start":{"line":147,"column":74},"end":{"line":147,"column":89}},{"start":{"line":147,"column":92},"end":{"line":147,"column":107}}],"line":147},"9":{"loc":{"start":{"line":153,"column":13},"end":{"line":160,"column":13}},"type":"binary-expr","locations":[{"start":{"line":153,"column":13},"end":{"line":153,"column":22}},{"start":{"line":154,"column":14},"end":{"line":159,"column":20}}],"line":153},"10":{"loc":{"start":{"line":175,"column":24},"end":{"line":175,"column":50}},"type":"binary-expr","locations":[{"start":{"line":175,"column":24},"end":{"line":175,"column":33}},{"start":{"line":175,"column":37},"end":{"line":175,"column":50}}],"line":175}},"s":{"0":0,"1":0,"2":0,"3":0,"4":0,"5":0,"6":0,"7":0,"8":0,"9":0,"10":0,"11":0,"12":0,"13":0,"14":0,"15":0,"16":0,"17":0,"18":0,"19":0,"20":0,"21":0,"22":0,"23":0,"24":0,"25":0,"26":0,"27":0,"28":0,"29":0,"30":0,"31":0,"32":0,"33":0,"34":0,"35":0,"36":0,"37":0,"38":0},"f":{"0":0,"1":0,"2":0,"3":0,"4":0,"5":0,"6":0,"7":0,"8":0,"9":0,"10":0,"11":0,"12":0},"b":{"0":[0,0],"1":[0,0],"2":[0,0],"3":[0,0],"4":[0,0],"5":[0,0],"6":[0,0],"7":[0,0],"8":[0,0],"9":[0,0],"10":[0,0]}}
,"D:\\LearnX\\LearnX\\frontend\\app\\dashboard\\layout.tsx": {"path":"D:\\LearnX\\LearnX\\frontend\\app\\dashboard\\layout.tsx","statementMap":{"0":{"start":{"line":26,"column":21},"end":{"line":32,"column":1}},"1":{"start":{"line":39,"column":19},"end":{"line":39,"column":32}},"2":{"start":{"line":40,"column":17},"end":{"line":40,"column":28}},"3":{"start":{"line":41,"column":41},"end":{"line":41,"column":50}},"4":{"start":{"line":43,"column":2},"end":{"line":47,"column":42}},"5":{"start":{"line":44,"column":4},"end":{"line":46,"column":5}},"6":{"start":{"line":45,"column":6},"end":{"line":45,"column":27}},"7":{"start":{"line":49,"column":2},"end":{"line":55,"column":3}},"8":{"start":{"line":50,"column":4},"end":{"line":54,"column":5}},"9":{"start":{"line":57,"column":2},"end":{"line":59,"column":3}},"10":{"start":{"line":58,"column":4},"end":{"line":58,"column":15}},"11":{"start":{"line":61,"column":2},"end":{"line":110,"column":3}},"12":{"start":{"line":71,"column":45},"end":{"line":71,"column":67}},"13":{"start":{"line":82,"column":39},"end":{"line":82,"column":61}},"14":{"start":{"line":83,"column":22},"end":{"line":97,"column":23}}},"fnMap":{"0":{"name":"DashboardLayout","decl":{"start":{"line":34,"column":24},"end":{"line":34,"column":39}},"loc":{"start":{"line":38,"column":3},"end":{"line":111,"column":1}},"line":38},"1":{"name":"(anonymous_1)","decl":{"start":{"line":43,"column":12},"end":{"line":43,"column":13}},"loc":{"start":{"line":43,"column":18},"end":{"line":47,"column":3}},"line":43},"2":{"name":"(anonymous_2)","decl":{"start":{"line":71,"column":35},"end":{"line":71,"column":36}},"loc":{"start":{"line":71,"column":45},"end":{"line":71,"column":67}},"line":71},"3":{"name":"(anonymous_3)","decl":{"start":{"line":81,"column":38},"end":{"line":81,"column":39}},"loc":{"start":{"line":81,"column":48},"end":{"line":98,"column":21}},"line":81}},"branchMap":{"0":{"loc":{"start":{"line":44,"column":4},"end":{"line":46,"column":5}},"type":"if","locations":[{"start":{"line":44,"column":4},"end":{"line":46,"column":5}},{"start":{},"end":{}}],"line":44},"1":{"loc":{"start":{"line":44,"column":8},"end":{"line":44,"column":38}},"type":"binary-expr","locations":[{"start":{"line":44,"column":8},"end":{"line":44,"column":18}},{"start":{"line":44,"column":22},"end":{"line":44,"column":38}}],"line":44},"2":{"loc":{"start":{"line":49,"column":2},"end":{"line":55,"column":3}},"type":"if","locations":[{"start":{"line":49,"column":2},"end":{"line":55,"column":3}},{"start":{},"end":{}}],"line":49},"3":{"loc":{"start":{"line":57,"column":2},"end":{"line":59,"column":3}},"type":"if","locations":[{"start":{"line":57,"column":2},"end":{"line":59,"column":3}},{"start":{},"end":{}}],"line":57},"4":{"loc":{"start":{"line":71,"column":17},"end":{"line":71,"column":85}},"type":"binary-expr","locations":[{"start":{"line":71,"column":17},"end":{"line":71,"column":75}},{"start":{"line":71,"column":79},"end":{"line":71,"column":85}}],"line":71},"5":{"loc":{"start":{"line":89,"column":28},"end":{"line":91,"column":92}},"type":"cond-expr","locations":[{"start":{"line":90,"column":32},"end":{"line":90,"column":55}},{"start":{"line":91,"column":32},"end":{"line":91,"column":92}}],"line":89}},"s":{"0":0,"1":0,"2":0,"3":0,"4":0,"5":0,"6":0,"7":0,"8":0,"9":0,"10":0,"11":0,"12":0,"13":0,"14":0},"f":{"0":0,"1":0,"2":0,"3":0},"b":{"0":[0,0],"1":[0,0],"2":[0,0],"3":[0,0],"4":[0,0],"5":[0,0]}}
,"D:\\LearnX\\LearnX\\frontend\\app\\dashboard\\page.tsx": {"path":"D:\\LearnX\\LearnX\\frontend\\app\\dashboard\\page.tsx","statementMap":{"0":{"start":{"line":33,"column":19},"end":{"line":33,"column":28}},"1":{"start":{"line":34,"column":32},"end":{"line":34,"column":46}},"2":{"start":{"line":35,"column":34},"end":{"line":35,"column":60}},"3":{"start":{"line":36,"column":32},"end":{"line":36,"column":61}},"4":{"start":{"line":37,"column":56},"end":{"line":37,"column":91}},"5":{"start":{"line":38,"column":44},"end":{"line":38,"column":67}},"6":{"start":{"line":39,"column":38},"end":{"line":39,"column":58}},"7":{"start":{"line":40,"column":42},"end":{"line":40,"column":75}},"8":{"start":{"line":42,"column":2},"end":{"line":63,"column":12}},"9":{"start":{"line":44,"column":6},"end":{"line":60,"column":7}},"10":{"start":{"line":45,"column":67},"end":{"line":50,"column":10}},"11":{"start":{"line":51,"column":8},"end":{"line":55,"column":9}},"12":{"start":{"line":52,"column":10},"end":{"line":52,"column":44}},"13":{"start":{"line":53,"column":15},"end":{"line":55,"column":9}},"14":{"start":{"line":54,"column":10},"end":{"line":54,"column":32}},"15":{"start":{"line":57,"column":8},"end":{"line":57,"column":46}},"16":{"start":{"line":57,"column":24},"end":{"line":57,"column":46}},"17":{"start":{"line":59,"column":8},"end":{"line":59,"column":25}},"18":{"start":{"line":62,"column":4},"end":{"line":62,"column":15}},"19":{"start":{"line":65,"column":24},"end":{"line":65,"column":77}},"20":{"start":{"line":65,"column":56},"end":{"line":65,"column":73}},"21":{"start":{"line":66,"column":25},"end":{"line":66,"column":49}},"22":{"start":{"line":67,"column":23},"end":{"line":67,"column":45}},"23":{"start":{"line":69,"column":2},"end":{"line":84,"column":3}},"24":{"start":{"line":70,"column":4},"end":{"line":83,"column":5}},"25":{"start":{"line":75,"column":12},"end":{"line":75,"column":60}},"26":{"start":{"line":86,"column":2},"end":{"line":251,"column":3}},"27":{"start":{"line":121,"column":63},"end":{"line":121,"column":81}},"28":{"start":{"line":151,"column":18},"end":{"line":161,"column":24}},"29":{"start":{"line":187,"column":18},"end":{"line":196,"column":24}}},"fnMap":{"0":{"name":"DashboardPage","decl":{"start":{"line":32,"column":24},"end":{"line":32,"column":37}},"loc":{"start":{"line":32,"column":40},"end":{"line":252,"column":1}},"line":32},"1":{"name":"(anonymous_1)","decl":{"start":{"line":42,"column":12},"end":{"line":42,"column":13}},"loc":{"start":{"line":42,"column":18},"end":{"line":63,"column":3}},"line":42},"2":{"name":"fetchData","decl":{"start":{"line":43,"column":19},"end":{"line":43,"column":28}},"loc":{"start":{"line":43,"column":31},"end":{"line":61,"column":5}},"line":43},"3":{"name":"(anonymous_3)","decl":{"start":{"line":65,"column":44},"end":{"line":65,"column":45}},"loc":{"start":{"line":65,"column":56},"end":{"line":65,"column":73}},"line":65},"4":{"name":"(anonymous_4)","decl":{"start":{"line":74,"column":29},"end":{"line":74,"column":30}},"loc":{"start":{"line":75,"column":12},"end":{"line":75,"column":60}},"line":75},"5":{"name":"(anonymous_5)","decl":{"start":{"line":121,"column":51},"end":{"line":121,"column":52}},"loc":{"start":{"line":121,"column":63},"end":{"line":121,"column":81}},"line":121},"6":{"name":"(anonymous_6)","decl":{"start":{"line":150,"column":36},"end":{"line":150,"column":37}},"loc":{"start":{"line":151,"column":18},"end":{"line":161,"column":24}},"line":151},"7":{"name":"(anonymous_7)","decl":{"start":{"line":186,"column":34},"end":{"line":186,"column":35}},"loc":{"start":{"line":187,"column":18},"end":{"line":196,"column":24}},"line":187}},"branchMap":{"0":{"loc":{"start":{"line":51,"column":8},"end":{"line":55,"column":9}},"type":"if","locations":[{"start":{"line":51,"column":8},"end":{"line":55,"column":9}},{"start":{"line":53,"column":15},"end":{"line":55,"column":9}}],"line":51},"1":{"loc":{"start":{"line":51,"column":12},"end":{"line":51,"column":65}},"type":"binary-expr","locations":[{"start":{"line":51,"column":12},"end":{"line":51,"column":45}},{"start":{"line":51,"column":49},"end":{"line":51,"column":65}}],"line":51},"2":{"loc":{"start":{"line":53,"column":15},"end":{"line":55,"column":9}},"type":"if","locations":[{"start":{"line":53,"column":15},"end":{"line":55,"column":9}},{"start":{},"end":{}}],"line":53},"3":{"loc":{"start":{"line":57,"column":8},"end":{"line":57,"column":46}},"type":"if","locations":[{"start":{"line":57,"column":8},"end":{"line":57,"column":46}},{"start":{},"end":{}}],"line":57},"4":{"loc":{"start":{"line":69,"column":2},"end":{"line":84,"column":3}},"type":"if","locations":[{"start":{"line":69,"column":2},"end":{"line":84,"column":3}},{"start":{},"end":{}}],"line":69},"5":{"loc":{"start":{"line":148,"column":13},"end":{"line":168,"column":13}},"type":"cond-expr","locations":[{"start":{"line":149,"column":14},"end":{"line":163,"column":20}},{"start":{"line":165,"column":14},"end":{"line":167,"column":20}}],"line":148},"6":{"loc":{"start":{"line":184,"column":13},"end":{"line":203,"column":13}},"type":"cond-expr","locations":[{"start":{"line":185,"column":14},"end":{"line":198,"column":20}},{"start":{"line":200,"column":14},"end":{"line":202,"column":20}}],"line":184}},"s":{"0":0,"1":0,"2":0,"3":0,"4":0,"5":0,"6":0,"7":0,"8":0,"9":0,"10":0,"11":0,"12":0,"13":0,"14":0,"15":0,"16":0,"17":0,"18":0,"19":0,"20":0,"21":0,"22":0,"23":0,"24":0,"25":0,"26":0,"27":0,"28":0,"29":0},"f":{"0":0,"1":0,"2":0,"3":0,"4":0,"5":0,"6":0,"7":0},"b":{"0":[0,0],"1":[0,0],"2":[0,0],"3":[0,0],"4":[0,0],"5":[0,0],"6":[0,0]}}
,"D:\\LearnX\\LearnX\\frontend\\app\\dashboard\\earnings\\page.tsx": {"path":"D:\\LearnX\\LearnX\\frontend\\app\\dashboard\\earnings\\page.tsx","statementMap":{"0":{"start":{"line":49,"column":28},"end":{"line":53,"column":1}},"1":{"start":{"line":56,"column":46},"end":{"line":56,"column":58}},"2":{"start":{"line":57,"column":44},"end":{"line":57,"column":59}},"3":{"start":{"line":58,"column":48},"end":{"line":58,"column":63}},"4":{"start":{"line":59,"column":38},"end":{"line":59,"column":53}},"5":{"start":{"line":60,"column":32},"end":{"line":60,"column":46}},"6":{"start":{"line":62,"column":2},"end":{"line":76,"column":8}},"7":{"start":{"line":64,"column":6},"end":{"line":73,"column":7}},"8":{"start":{"line":65,"column":8},"end":{"line":68,"column":10}},"9":{"start":{"line":72,"column":8},"end":{"line":72,"column":25}},"10":{"start":{"line":75,"column":4},"end":{"line":75,"column":15}},"11":{"start":{"line":78,"column":25},"end":{"line":88,"column":3}},"12":{"start":{"line":79,"column":4},"end":{"line":79,"column":26}},"13":{"start":{"line":80,"column":4},"end":{"line":80,"column":61}},"14":{"start":{"line":80,"column":35},"end":{"line":80,"column":60}},"15":{"start":{"line":81,"column":4},"end":{"line":81,"column":27}},"16":{"start":{"line":82,"column":4},"end":{"line":82,"column":28}},"17":{"start":{"line":83,"column":4},"end":{"line":87,"column":12}},"18":{"start":{"line":84,"column":6},"end":{"line":84,"column":31}},"19":{"start":{"line":85,"column":6},"end":{"line":85,"column":26}},"20":{"start":{"line":86,"column":6},"end":{"line":86,"column":27}},"21":{"start":{"line":90,"column":23},"end":{"line":90,"column":76}},"22":{"start":{"line":90,"column":55},"end":{"line":90,"column":72}},"23":{"start":{"line":92,"column":2},"end":{"line":105,"column":3}},"24":{"start":{"line":93,"column":4},"end":{"line":104,"column":5}},"25":{"start":{"line":98,"column":12},"end":{"line":98,"column":60}},"26":{"start":{"line":107,"column":2},"end":{"line":344,"column":3}},"27":{"start":{"line":151,"column":41},"end":{"line":151,"column":74}},"28":{"start":{"line":159,"column":24},"end":{"line":167,"column":33}},"29":{"start":{"line":164,"column":41},"end":{"line":164,"column":105}},"30":{"start":{"line":173,"column":39},"end":{"line":173,"column":85}},"31":{"start":{"line":193,"column":59},"end":{"line":193,"column":79}},"32":{"start":{"line":263,"column":80},"end":{"line":263,"column":91}},"33":{"start":{"line":265,"column":48},"end":{"line":265,"column":74}},"34":{"start":{"line":295,"column":18},"end":{"line":308,"column":24}},"35":{"start":{"line":320,"column":18},"end":{"line":336,"column":24}}},"fnMap":{"0":{"name":"EarningsPage","decl":{"start":{"line":55,"column":24},"end":{"line":55,"column":36}},"loc":{"start":{"line":55,"column":39},"end":{"line":345,"column":1}},"line":55},"1":{"name":"(anonymous_1)","decl":{"start":{"line":62,"column":12},"end":{"line":62,"column":13}},"loc":{"start":{"line":62,"column":18},"end":{"line":76,"column":3}},"line":62},"2":{"name":"fetchData","decl":{"start":{"line":63,"column":19},"end":{"line":63,"column":28}},"loc":{"start":{"line":63,"column":31},"end":{"line":74,"column":5}},"line":63},"3":{"name":"(anonymous_3)","decl":{"start":{"line":78,"column":25},"end":{"line":78,"column":26}},"loc":{"start":{"line":78,"column":37},"end":{"line":88,"column":3}},"line":78},"4":{"name":"(anonymous_4)","decl":{"start":{"line":80,"column":22},"end":{"line":80,"column":23}},"loc":{"start":{"line":80,"column":35},"end":{"line":80,"column":60}},"line":80},"5":{"name":"(anonymous_5)","decl":{"start":{"line":83,"column":15},"end":{"line":83,"column":16}},"loc":{"start":{"line":83,"column":21},"end":{"line":87,"column":5}},"line":83},"6":{"name":"(anonymous_6)","decl":{"start":{"line":90,"column":43},"end":{"line":90,"column":44}},"loc":{"start":{"line":90,"column":55},"end":{"line":90,"column":72}},"line":90},"7":{"name":"(anonymous_7)","decl":{"start":{"line":97,"column":29},"end":{"line":97,"column":30}},"loc":{"start":{"line":98,"column":12},"end":{"line":98,"column":60}},"line":98},"8":{"name":"(anonymous_8)","decl":{"start":{"line":151,"column":34},"end":{"line":151,"column":35}},"loc":{"start":{"line":151,"column":41},"end":{"line":151,"column":74}},"line":151},"9":{"name":"(anonymous_9)","decl":{"start":{"line":158,"column":44},"end":{"line":158,"column":45}},"loc":{"start":{"line":159,"column":24},"end":{"line":167,"column":33}},"line":159},"10":{"name":"(anonymous_10)","decl":{"start":{"line":164,"column":35},"end":{"line":164,"column":36}},"loc":{"start":{"line":164,"column":41},"end":{"line":164,"column":105}},"line":164},"11":{"name":"(anonymous_11)","decl":{"start":{"line":173,"column":33},"end":{"line":173,"column":34}},"loc":{"start":{"line":173,"column":39},"end":{"line":173,"column":85}},"line":173},"12":{"name":"(anonymous_12)","decl":{"start":{"line":193,"column":53},"end":{"line":193,"column":54}},"loc":{"start":{"line":193,"column":59},"end":{"line":193,"column":79}},"line":193},"13":{"name":"(anonymous_13)","decl":{"start":{"line":263,"column":69},"end":{"line":263,"column":70}},"loc":{"start":{"line":263,"column":80},"end":{"line":263,"column":91}},"line":263},"14":{"name":"(anonymous_14)","decl":{"start":{"line":265,"column":29},"end":{"line":265,"column":30}},"loc":{"start":{"line":265,"column":48},"end":{"line":265,"column":74}},"line":265},"15":{"name":"(anonymous_15)","decl":{"start":{"line":294,"column":34},"end":{"line":294,"column":35}},"loc":{"start":{"line":295,"column":18},"end":{"line":308,"column":24}},"line":295},"16":{"name":"(anonymous_16)","decl":{"start":{"line":319,"column":37},"end":{"line":319,"column":38}},"loc":{"start":{"line":320,"column":18},"end":{"line":336,"column":24}},"line":320}},"branchMap":{"0":{"loc":{"start":{"line":92,"column":2},"end":{"line":105,"column":3}},"type":"if","locations":[{"start":{"line":92,"column":2},"end":{"line":105,"column":3}},{"start":{},"end":{}}],"line":92},"1":{"loc":{"start":{"line":123,"column":13},"end":{"line":212,"column":13}},"type":"cond-expr","locations":[{"start":{"line":124,"column":14},"end":{"line":132,"column":20}},{"start":{"line":134,"column":14},"end":{"line":211,"column":17}}],"line":123},"2":{"loc":{"start":{"line":198,"column":30},"end":{"line":198,"column":149}},"type":"binary-expr","locations":[{"start":{"line":198,"column":30},"end":{"line":198,"column":43}},{"start":{"line":198,"column":47},"end":{"line":198,"column":62}},{"start":{"line":198,"column":66},"end":{"line":198,"column":97}},{"start":{"line":198,"column":101},"end":{"line":198,"column":149}}],"line":198},"3":{"loc":{"start":{"line":201,"column":21},"end":{"line":208,"column":21}},"type":"cond-expr","locations":[{"start":{"line":202,"column":22},"end":{"line":205,"column":25}},{"start":{"line":207,"column":22},"end":{"line":207,"column":28}}],"line":201}},"s":{"0":0,"1":0,"2":0,"3":0,"4":0,"5":0,"6":0,"7":0,"8":0,"9":0,"10":0,"11":0,"12":0,"13":0,"14":0,"15":0,"16":0,"17":0,"18":0,"19":0,"20":0,"21":0,"22":0,"23":0,"24":0,"25":0,"26":0,"27":0,"28":0,"29":0,"30":0,"31":0,"32":0,"33":0,"34":0,"35":0},"f":{"0":0,"1":0,"2":0,"3":0,"4":0,"5":0,"6":0,"7":0,"8":0,"9":0,"10":0,"11":0,"12":0,"13":0,"14":0,"15":0,"16":0},"b":{"0":[0,0],"1":[0,0],"2":[0,0,0,0],"3":[0,0]}}
,"D:\\LearnX\\LearnX\\frontend\\app\\dashboard\\materials\\page.tsx": {"path":"D:\\LearnX\\LearnX\\frontend\\app\\dashboard\\materials\\page.tsx","statementMap":{"0":{"start":{"line":40,"column":36},"end":{"line":40,"column":59}},"1":{"start":{"line":41,"column":34},"end":{"line":41,"column":63}},"2":{"start":{"line":42,"column":32},"end":{"line":42,"column":46}},"3":{"start":{"line":44,"column":2},"end":{"line":55,"column":8}},"4":{"start":{"line":46,"column":6},"end":{"line":52,"column":7}},"5":{"start":{"line":47,"column":8},"end":{"line":47,"column":30}},"6":{"start":{"line":51,"column":8},"end":{"line":51,"column":25}},"7":{"start":{"line":54,"column":4},"end":{"line":54,"column":15}},"8":{"start":{"line":57,"column":23},"end":{"line":60,"column":3}},"9":{"start":{"line":58,"column":4},"end":{"line":58,"column":54}},"10":{"start":{"line":58,"column":41},"end":{"line":58,"column":52}},"11":{"start":{"line":59,"column":4},"end":{"line":59,"column":21}},"12":{"start":{"line":62,"column":33},"end":{"line":69,"column":3}},"13":{"start":{"line":64,"column":4},"end":{"line":68,"column":5}},"14":{"start":{"line":66,"column":8},"end":{"line":66,"column":76}},"15":{"start":{"line":71,"column":2},"end":{"line":214,"column":3}},"16":{"start":{"line":91,"column":12},"end":{"line":91,"column":60}},"17":{"start":{"line":97,"column":12},"end":{"line":172,"column":19}},"18":{"start":{"line":133,"column":43},"end":{"line":133,"column":78}},"19":{"start":{"line":141,"column":43},"end":{"line":141,"column":67}},"20":{"start":{"line":164,"column":24},"end":{"line":166,"column":32}},"21":{"start":{"line":194,"column":57},"end":{"line":194,"column":74}},"22":{"start":{"line":205,"column":29},"end":{"line":205,"column":63}}},"fnMap":{"0":{"name":"MyMaterialsPage","decl":{"start":{"line":39,"column":24},"end":{"line":39,"column":39}},"loc":{"start":{"line":39,"column":42},"end":{"line":215,"column":1}},"line":39},"1":{"name":"(anonymous_1)","decl":{"start":{"line":44,"column":12},"end":{"line":44,"column":13}},"loc":{"start":{"line":44,"column":18},"end":{"line":55,"column":3}},"line":44},"2":{"name":"fetchData","decl":{"start":{"line":45,"column":19},"end":{"line":45,"column":28}},"loc":{"start":{"line":45,"column":31},"end":{"line":53,"column":5}},"line":45},"3":{"name":"(anonymous_3)","decl":{"start":{"line":57,"column":23},"end":{"line":57,"column":24}},"loc":{"start":{"line":57,"column":39},"end":{"line":60,"column":3}},"line":57},"4":{"name":"(anonymous_4)","decl":{"start":{"line":58,"column":34},"end":{"line":58,"column":35}},"loc":{"start":{"line":58,"column":41},"end":{"line":58,"column":52}},"line":58},"5":{"name":"(anonymous_5)","decl":{"start":{"line":62,"column":33},"end":{"line":62,"column":34}},"loc":{"start":{"line":62,"column":49},"end":{"line":69,"column":3}},"line":62},"6":{"name":"(anonymous_6)","decl":{"start":{"line":65,"column":20},"end":{"line":65,"column":21}},"loc":{"start":{"line":66,"column":8},"end":{"line":66,"column":76}},"line":66},"7":{"name":"(anonymous_7)","decl":{"start":{"line":90,"column":29},"end":{"line":90,"column":30}},"loc":{"start":{"line":91,"column":12},"end":{"line":91,"column":60}},"line":91},"8":{"name":"(anonymous_8)","decl":{"start":{"line":96,"column":25},"end":{"line":96,"column":26}},"loc":{"start":{"line":97,"column":12},"end":{"line":172,"column":19}},"line":97},"9":{"name":"(anonymous_9)","decl":{"start":{"line":133,"column":37},"end":{"line":133,"column":38}},"loc":{"start":{"line":133,"column":43},"end":{"line":133,"column":78}},"line":133},"10":{"name":"(anonymous_10)","decl":{"start":{"line":141,"column":37},"end":{"line":141,"column":38}},"loc":{"start":{"line":141,"column":43},"end":{"line":141,"column":67}},"line":141},"11":{"name":"(anonymous_11)","decl":{"start":{"line":163,"column":41},"end":{"line":163,"column":42}},"loc":{"start":{"line":164,"column":24},"end":{"line":166,"column":32}},"line":164},"12":{"name":"(anonymous_12)","decl":{"start":{"line":194,"column":51},"end":{"line":194,"column":52}},"loc":{"start":{"line":194,"column":57},"end":{"line":194,"column":74}},"line":194},"13":{"name":"(anonymous_13)","decl":{"start":{"line":205,"column":23},"end":{"line":205,"column":24}},"loc":{"start":{"line":205,"column":29},"end":{"line":205,"column":63}},"line":205}},"branchMap":{"0":{"loc":{"start":{"line":66,"column":8},"end":{"line":66,"column":76}},"type":"cond-expr","locations":[{"start":{"line":66,"column":22},"end":{"line":66,"column":72}},{"start":{"line":66,"column":75},"end":{"line":66,"column":76}}],"line":66},"1":{"loc":{"start":{"line":66,"column":42},"end":{"line":66,"column":70}},"type":"cond-expr","locations":[{"start":{"line":66,"column":63},"end":{"line":66,"column":66}},{"start":{"line":66,"column":69},"end":{"line":66,"column":70}}],"line":66},"2":{"loc":{"start":{"line":88,"column":7},"end":{"line":191,"column":7}},"type":"cond-expr","locations":[{"start":{"line":89,"column":8},"end":{"line":93,"column":14}},{"start":{"line":94,"column":10},"end":{"line":191,"column":7}}],"line":88},"3":{"loc":{"start":{"line":94,"column":10},"end":{"line":191,"column":7}},"type":"cond-expr","locations":[{"start":{"line":95,"column":8},"end":{"line":174,"column":14}},{"start":{"line":176,"column":8},"end":{"line":190,"column":15}}],"line":94},"4":{"loc":{"start":{"line":205,"column":29},"end":{"line":205,"column":63}},"type":"binary-expr","locations":[{"start":{"line":205,"column":29},"end":{"line":205,"column":37}},{"start":{"line":205,"column":41},"end":{"line":205,"column":63}}],"line":205}},"s":{"0":0,"1":0,"2":0,"3":0,"4":0,"5":0,"6":0,"7":0,"8":0,"9":0,"10":0,"11":0,"12":0,"13":0,"14":0,"15":0,"16":0,"17":0,"18":0,"19":0,"20":0,"21":0,"22":0},"f":{"0":0,"1":0,"2":0,"3":0,"4":0,"5":0,"6":0,"7":0,"8":0,"9":0,"10":0,"11":0,"12":0,"13":0},"b":{"0":[0,0],"1":[0,0],"2":[0,0],"3":[0,0],"4":[0,0]}}
,"D:\\LearnX\\LearnX\\frontend\\app\\dashboard\\orders\\page.tsx": {"path":"D:\\LearnX\\LearnX\\frontend\\app\\dashboard\\orders\\page.tsx","statementMap":{"0":{"start":{"line":21,"column":18},"end":{"line":25,"column":1}},"1":{"start":{"line":28,"column":30},"end":{"line":28,"column":59}},"2":{"start":{"line":29,"column":32},"end":{"line":29,"column":46}},"3":{"start":{"line":31,"column":2},"end":{"line":42,"column":8}},"4":{"start":{"line":33,"column":6},"end":{"line":39,"column":7}},"5":{"start":{"line":34,"column":8},"end":{"line":34,"column":25}},"6":{"start":{"line":38,"column":8},"end":{"line":38,"column":25}},"7":{"start":{"line":41,"column":4},"end":{"line":41,"column":15}},"8":{"start":{"line":44,"column":2},"end":{"line":55,"column":3}},"9":{"start":{"line":45,"column":4},"end":{"line":54,"column":5}},"10":{"start":{"line":50,"column":12},"end":{"line":50,"column":60}},"11":{"start":{"line":56,"column":2},"end":{"line":190,"column":3}},"12":{"start":{"line":80,"column":16},"end":{"line":119,"column":27}},"13":{"start":{"line":129,"column":10},"end":{"line":171,"column":17}}},"fnMap":{"0":{"name":"OrdersPage","decl":{"start":{"line":27,"column":24},"end":{"line":27,"column":34}},"loc":{"start":{"line":27,"column":37},"end":{"line":191,"column":1}},"line":27},"1":{"name":"(anonymous_1)","decl":{"start":{"line":31,"column":12},"end":{"line":31,"column":13}},"loc":{"start":{"line":31,"column":18},"end":{"line":42,"column":3}},"line":31},"2":{"name":"fetchData","decl":{"start":{"line":32,"column":19},"end":{"line":32,"column":28}},"loc":{"start":{"line":32,"column":31},"end":{"line":40,"column":5}},"line":32},"3":{"name":"(anonymous_3)","decl":{"start":{"line":49,"column":29},"end":{"line":49,"column":30}},"loc":{"start":{"line":50,"column":12},"end":{"line":50,"column":60}},"line":50},"4":{"name":"(anonymous_4)","decl":{"start":{"line":79,"column":26},"end":{"line":79,"column":27}},"loc":{"start":{"line":80,"column":16},"end":{"line":119,"column":27}},"line":80},"5":{"name":"(anonymous_5)","decl":{"start":{"line":128,"column":20},"end":{"line":128,"column":21}},"loc":{"start":{"line":129,"column":10},"end":{"line":171,"column":17}},"line":129}},"branchMap":{"0":{"loc":{"start":{"line":44,"column":2},"end":{"line":55,"column":3}},"type":"if","locations":[{"start":{"line":44,"column":2},"end":{"line":55,"column":3}},{"start":{},"end":{}}],"line":44},"1":{"loc":{"start":{"line":97,"column":33},"end":{"line":97,"column":117}},"type":"cond-expr","locations":[{"start":{"line":97,"column":64},"end":{"line":97,"column":112}},{"start":{"line":97,"column":115},"end":{"line":97,"column":117}}],"line":97},"2":{"loc":{"start":{"line":111,"column":23},"end":{"line":116,"column":23}},"type":"binary-expr","locations":[{"start":{"line":111,"column":23},"end":{"line":111,"column":51}},{"start":{"line":112,"column":24},"end":{"line":115,"column":33}}],"line":111},"3":{"loc":{"start":{"line":145,"column":29},"end":{"line":145,"column":94}},"type":"cond-expr","locations":[{"start":{"line":145,"column":60},"end":{"line":145,"column":89}},{"start":{"line":145,"column":92},"end":{"line":145,"column":94}}],"line":145},"4":{"loc":{"start":{"line":162,"column":19},"end":{"line":167,"column":19}},"type":"binary-expr","locations":[{"start":{"line":162,"column":19},"end":{"line":162,"column":47}},{"start":{"line":163,"column":20},"end":{"line":166,"column":29}}],"line":162},"5":{"loc":{"start":{"line":175,"column":7},"end":{"line":188,"column":7}},"type":"binary-expr","locations":[{"start":{"line":175,"column":7},"end":{"line":175,"column":26}},{"start":{"line":176,"column":8},"end":{"line":187,"column":15}}],"line":175}},"s":{"0":0,"1":0,"2":0,"3":0,"4":0,"5":0,"6":0,"7":0,"8":0,"9":0,"10":0,"11":0,"12":0,"13":0},"f":{"0":0,"1":0,"2":0,"3":0,"4":0,"5":0},"b":{"0":[0,0],"1":[0,0],"2":[0,0],"3":[0,0],"4":[0,0],"5":[0,0]}}
,"D:\\LearnX\\LearnX\\frontend\\app\\dashboard\\settings\\page.tsx": {"path":"D:\\LearnX\\LearnX\\frontend\\app\\dashboard\\settings\\page.tsx","statementMap":{"0":{"start":{"line":18,"column":19},"end":{"line":18,"column":28}},"1":{"start":{"line":19,"column":34},"end":{"line":19,"column":49}},"2":{"start":{"line":20,"column":40},"end":{"line":20,"column":55}},"3":{"start":{"line":21,"column":32},"end":{"line":21,"column":46}},"4":{"start":{"line":23,"column":34},"end":{"line":27,"column":4}},"5":{"start":{"line":29,"column":2},"end":{"line":51,"column":12}},"6":{"start":{"line":31,"column":6},"end":{"line":48,"column":7}},"7":{"start":{"line":32,"column":24},"end":{"line":32,"column":42}},"8":{"start":{"line":33,"column":8},"end":{"line":37,"column":10}},"9":{"start":{"line":39,"column":8},"end":{"line":45,"column":9}},"10":{"start":{"line":40,"column":10},"end":{"line":44,"column":12}},"11":{"start":{"line":47,"column":8},"end":{"line":47,"column":25}},"12":{"start":{"line":50,"column":4},"end":{"line":50,"column":15}},"13":{"start":{"line":53,"column":44},"end":{"line":58,"column":4}},"14":{"start":{"line":60,"column":21},"end":{"line":66,"column":3}},"15":{"start":{"line":61,"column":4},"end":{"line":61,"column":21}},"16":{"start":{"line":62,"column":4},"end":{"line":62,"column":61}},"17":{"start":{"line":62,"column":35},"end":{"line":62,"column":60}},"18":{"start":{"line":63,"column":4},"end":{"line":63,"column":22}},"19":{"start":{"line":64,"column":4},"end":{"line":64,"column":24}},"20":{"start":{"line":65,"column":4},"end":{"line":65,"column":49}},"21":{"start":{"line":65,"column":21},"end":{"line":65,"column":42}},"22":{"start":{"line":68,"column":2},"end":{"line":298,"column":3}},"23":{"start":{"line":118,"column":33},"end":{"line":118,"column":83}},"24":{"start":{"line":132,"column":33},"end":{"line":132,"column":84}},"25":{"start":{"line":146,"column":35},"end":{"line":146,"column":86}},"26":{"start":{"line":218,"column":44},"end":{"line":218,"column":104}},"27":{"start":{"line":234,"column":44},"end":{"line":234,"column":107}},"28":{"start":{"line":250,"column":44},"end":{"line":250,"column":105}},"29":{"start":{"line":266,"column":44},"end":{"line":266,"column":108}}},"fnMap":{"0":{"name":"SettingsPage","decl":{"start":{"line":17,"column":24},"end":{"line":17,"column":36}},"loc":{"start":{"line":17,"column":39},"end":{"line":299,"column":1}},"line":17},"1":{"name":"(anonymous_1)","decl":{"start":{"line":29,"column":12},"end":{"line":29,"column":13}},"loc":{"start":{"line":29,"column":18},"end":{"line":51,"column":3}},"line":29},"2":{"name":"fetchData","decl":{"start":{"line":30,"column":19},"end":{"line":30,"column":28}},"loc":{"start":{"line":30,"column":31},"end":{"line":49,"column":5}},"line":30},"3":{"name":"(anonymous_3)","decl":{"start":{"line":60,"column":21},"end":{"line":60,"column":22}},"loc":{"start":{"line":60,"column":33},"end":{"line":66,"column":3}},"line":60},"4":{"name":"(anonymous_4)","decl":{"start":{"line":62,"column":22},"end":{"line":62,"column":23}},"loc":{"start":{"line":62,"column":35},"end":{"line":62,"column":60}},"line":62},"5":{"name":"(anonymous_5)","decl":{"start":{"line":65,"column":15},"end":{"line":65,"column":16}},"loc":{"start":{"line":65,"column":21},"end":{"line":65,"column":42}},"line":65},"6":{"name":"(anonymous_6)","decl":{"start":{"line":118,"column":26},"end":{"line":118,"column":27}},"loc":{"start":{"line":118,"column":33},"end":{"line":118,"column":83}},"line":118},"7":{"name":"(anonymous_7)","decl":{"start":{"line":132,"column":26},"end":{"line":132,"column":27}},"loc":{"start":{"line":132,"column":33},"end":{"line":132,"column":84}},"line":132},"8":{"name":"(anonymous_8)","decl":{"start":{"line":146,"column":28},"end":{"line":146,"column":29}},"loc":{"start":{"line":146,"column":35},"end":{"line":146,"column":86}},"line":146},"9":{"name":"(anonymous_9)","decl":{"start":{"line":218,"column":31},"end":{"line":218,"column":32}},"loc":{"start":{"line":218,"column":44},"end":{"line":218,"column":104}},"line":218},"10":{"name":"(anonymous_10)","decl":{"start":{"line":234,"column":31},"end":{"line":234,"column":32}},"loc":{"start":{"line":234,"column":44},"end":{"line":234,"column":107}},"line":234},"11":{"name":"(anonymous_11)","decl":{"start":{"line":250,"column":31},"end":{"line":250,"column":32}},"loc":{"start":{"line":250,"column":44},"end":{"line":250,"column":105}},"line":250},"12":{"name":"(anonymous_12)","decl":{"start":{"line":266,"column":31},"end":{"line":266,"column":32}},"loc":{"start":{"line":266,"column":44},"end":{"line":266,"column":108}},"line":266}},"branchMap":{"0":{"loc":{"start":{"line":39,"column":8},"end":{"line":45,"column":9}},"type":"if","locations":[{"start":{"line":39,"column":8},"end":{"line":45,"column":9}},{"start":{},"end":{}}],"line":39},"1":{"loc":{"start":{"line":76,"column":7},"end":{"line":296,"column":7}},"type":"cond-expr","locations":[{"start":{"line":77,"column":8},"end":{"line":81,"column":14}},{"start":{"line":83,"column":6},"end":{"line":295,"column":9}}],"line":76},"2":{"loc":{"start":{"line":95,"column":17},"end":{"line":95,"column":48}},"type":"binary-expr","locations":[{"start":{"line":95,"column":17},"end":{"line":95,"column":41}},{"start":{"line":95,"column":45},"end":{"line":95,"column":48}}],"line":95},"3":{"loc":{"start":{"line":274,"column":9},"end":{"line":279,"column":9}},"type":"binary-expr","locations":[{"start":{"line":274,"column":9},"end":{"line":274,"column":20}},{"start":{"line":275,"column":10},"end":{"line":278,"column":17}}],"line":274},"4":{"loc":{"start":{"line":285,"column":11},"end":{"line":292,"column":11}},"type":"cond-expr","locations":[{"start":{"line":286,"column":12},"end":{"line":289,"column":15}},{"start":{"line":291,"column":12},"end":{"line":291,"column":18}}],"line":285}},"s":{"0":0,"1":0,"2":0,"3":0,"4":0,"5":0,"6":0,"7":0,"8":0,"9":0,"10":0,"11":0,"12":0,"13":0,"14":0,"15":0,"16":0,"17":0,"18":0,"19":0,"20":0,"21":0,"22":0,"23":0,"24":0,"25":0,"26":0,"27":0,"28":0,"29":0},"f":{"0":0,"1":0,"2":0,"3":0,"4":0,"5":0,"6":0,"7":0,"8":0,"9":0,"10":0,"11":0,"12":0},"b":{"0":[0,0],"1":[0,0],"2":[0,0],"3":[0,0],"4":[0,0]}}
,"D:\\LearnX\\LearnX\\frontend\\app\\login\\page.tsx": {"path":"D:\\LearnX\\LearnX\\frontend\\app\\login\\page.tsx","statementMap":{"0":{"start":{"line":18,"column":17},"end":{"line":18,"column":28}},"1":{"start":{"line":19,"column":26},"end":{"line":19,"column":35}},"2":{"start":{"line":20,"column":36},"end":{"line":20,"column":51}},"3":{"start":{"line":21,"column":42},"end":{"line":21,"column":57}},"4":{"start":{"line":22,"column":34},"end":{"line":26,"column":4}},"5":{"start":{"line":28,"column":23},"end":{"line":45,"column":3}},"6":{"start":{"line":29,"column":4},"end":{"line":29,"column":22}},"7":{"start":{"line":30,"column":4},"end":{"line":30,"column":22}},"8":{"start":{"line":31,"column":4},"end":{"line":44,"column":5}},"9":{"start":{"line":32,"column":23},"end":{"line":35,"column":8}},"10":{"start":{"line":36,"column":6},"end":{"line":36,"column":31}},"11":{"start":{"line":37,"column":6},"end":{"line":37,"column":25}},"12":{"start":{"line":38,"column":6},"end":{"line":38,"column":27}},"13":{"start":{"line":39,"column":6},"end":{"line":39,"column":31}},"14":{"start":{"line":41,"column":6},"end":{"line":41,"column":51}},"15":{"start":{"line":43,"column":6},"end":{"line":43,"column":25}},"16":{"start":{"line":47,"column":2},"end":{"line":201,"column":3}},"17":{"start":{"line":75,"column":39},"end":{"line":75,"column":90}},"18":{"start":{"line":91,"column":39},"end":{"line":91,"column":93}},"19":{"start":{"line":100,"column":37},"end":{"line":100,"column":67}},"20":{"start":{"line":116,"column":52},"end":{"line":116,"column":110}}},"fnMap":{"0":{"name":"LoginPage","decl":{"start":{"line":17,"column":24},"end":{"line":17,"column":33}},"loc":{"start":{"line":17,"column":36},"end":{"line":202,"column":1}},"line":17},"1":{"name":"(anonymous_1)","decl":{"start":{"line":28,"column":23},"end":{"line":28,"column":24}},"loc":{"start":{"line":28,"column":53},"end":{"line":45,"column":3}},"line":28},"2":{"name":"(anonymous_2)","decl":{"start":{"line":75,"column":32},"end":{"line":75,"column":33}},"loc":{"start":{"line":75,"column":39},"end":{"line":75,"column":90}},"line":75},"3":{"name":"(anonymous_3)","decl":{"start":{"line":91,"column":32},"end":{"line":91,"column":33}},"loc":{"start":{"line":91,"column":39},"end":{"line":91,"column":93}},"line":91},"4":{"name":"(anonymous_4)","decl":{"start":{"line":100,"column":31},"end":{"line":100,"column":32}},"loc":{"start":{"line":100,"column":37},"end":{"line":100,"column":67}},"line":100},"5":{"name":"(anonymous_5)","decl":{"start":{"line":116,"column":39},"end":{"line":116,"column":40}},"loc":{"start":{"line":116,"column":52},"end":{"line":116,"column":110}},"line":116}},"branchMap":{"0":{"loc":{"start":{"line":41,"column":18},"end":{"line":41,"column":50}},"type":"binary-expr","locations":[{"start":{"line":41,"column":18},"end":{"line":41,"column":31}},{"start":{"line":41,"column":35},"end":{"line":41,"column":50}}],"line":41},"1":{"loc":{"start":{"line":88,"column":28},"end":{"line":88,"column":62}},"type":"cond-expr","locations":[{"start":{"line":88,"column":43},"end":{"line":88,"column":49}},{"start":{"line":88,"column":52},"end":{"line":88,"column":62}}],"line":88},"2":{"loc":{"start":{"line":102,"column":23},"end":{"line":106,"column":23}},"type":"cond-expr","locations":[{"start":{"line":103,"column":24},"end":{"line":103,"column":76}},{"start":{"line":105,"column":24},"end":{"line":105,"column":73}}],"line":102},"3":{"loc":{"start":{"line":132,"column":19},"end":{"line":139,"column":19}},"type":"cond-expr","locations":[{"start":{"line":133,"column":20},"end":{"line":136,"column":23}},{"start":{"line":138,"column":20},"end":{"line":138,"column":24}}],"line":132}},"s":{"0":22,"1":22,"2":22,"3":22,"4":22,"5":22,"6":3,"7":3,"8":3,"9":3,"10":1,"11":1,"12":1,"13":1,"14":1,"15":2,"16":22,"17":3,"18":3,"19":2,"20":1},"f":{"0":22,"1":3,"2":3,"3":3,"4":2,"5":1},"b":{"0":[1,0],"1":[1,21],"2":[1,21],"3":[3,19]},"_coverageSchema":"1a1c01bbd47fc00a2c39e90264f33305004495a9","hash":"25a2425a480340a74afd5292bbd9a22608e7af44"}
,"D:\\LearnX\\LearnX\\frontend\\app\\materials\\page.tsx": {"path":"D:\\LearnX\\LearnX\\frontend\\app\\materials\\page.tsx","statementMap":{"0":{"start":{"line":32,"column":23},"end":{"line":32,"column":40}},"1":{"start":{"line":33,"column":26},"end":{"line":33,"column":73}},"2":{"start":{"line":35,"column":40},"end":{"line":35,"column":52}},"3":{"start":{"line":36,"column":50},"end":{"line":36,"column":102}},"4":{"start":{"line":37,"column":30},"end":{"line":37,"column":100}},"5":{"start":{"line":38,"column":38},"end":{"line":38,"column":56}},"6":{"start":{"line":39,"column":36},"end":{"line":39,"column":59}},"7":{"start":{"line":40,"column":32},"end":{"line":40,"column":46}},"8":{"start":{"line":42,"column":2},"end":{"line":56,"column":8}},"9":{"start":{"line":44,"column":6},"end":{"line":53,"column":7}},"10":{"start":{"line":45,"column":23},"end":{"line":45,"column":43}},"11":{"start":{"line":46,"column":8},"end":{"line":48,"column":9}},"12":{"start":{"line":52,"column":8},"end":{"line":52,"column":25}},"13":{"start":{"line":55,"column":4},"end":{"line":55,"column":15}},"14":{"start":{"line":58,"column":28},"end":{"line":97,"column":57}},"15":{"start":{"line":59,"column":19},"end":{"line":59,"column":33}},"16":{"start":{"line":62,"column":4},"end":{"line":64,"column":5}},"17":{"start":{"line":63,"column":6},"end":{"line":63,"column":72}},"18":{"start":{"line":63,"column":40},"end":{"line":63,"column":71}},"19":{"start":{"line":67,"column":4},"end":{"line":75,"column":5}},"20":{"start":{"line":68,"column":20},"end":{"line":68,"column":45}},"21":{"start":{"line":69,"column":6},"end":{"line":74,"column":7}},"22":{"start":{"line":71,"column":10},"end":{"line":73,"column":65}},"23":{"start":{"line":73,"column":31},"end":{"line":73,"column":64}},"24":{"start":{"line":78,"column":4},"end":{"line":78,"column":91}},"25":{"start":{"line":78,"column":38},"end":{"line":78,"column":90}},"26":{"start":{"line":81,"column":4},"end":{"line":94,"column":5}},"27":{"start":{"line":83,"column":8},"end":{"line":83,"column":60}},"28":{"start":{"line":83,"column":32},"end":{"line":83,"column":59}},"29":{"start":{"line":84,"column":8},"end":{"line":84,"column":13}},"30":{"start":{"line":86,"column":8},"end":{"line":86,"column":98}},"31":{"start":{"line":86,"column":32},"end":{"line":86,"column":97}},"32":{"start":{"line":87,"column":8},"end":{"line":87,"column":13}},"33":{"start":{"line":89,"column":8},"end":{"line":89,"column":50}},"34":{"start":{"line":89,"column":32},"end":{"line":89,"column":49}},"35":{"start":{"line":90,"column":8},"end":{"line":90,"column":13}},"36":{"start":{"line":92,"column":8},"end":{"line":92,"column":50}},"37":{"start":{"line":92,"column":32},"end":{"line":92,"column":49}},"38":{"start":{"line":93,"column":8},"end":{"line":93,"column":13}},"39":{"start":{"line":96,"column":4},"end":{"line":96,"column":19}},"40":{"start":{"line":99,"column":24},"end":{"line":149,"column":3}},"41":{"start":{"line":100,"column":4},"end":{"line":148,"column":10}},"42":{"start":{"line":112,"column":27},"end":{"line":112,"column":53}},"43":{"start":{"line":117,"column":12},"end":{"line":128,"column":20}},"44":{"start":{"line":125,"column":29},"end":{"line":125,"column":56}},"45":{"start":{"line":151,"column":2},"end":{"line":298,"column":3}},"46":{"start":{"line":176,"column":37},"end":{"line":176,"column":67}},"47":{"start":{"line":226,"column":63},"end":{"line":226,"column":92}},"48":{"start":{"line":249,"column":33},"end":{"line":249,"column":59}},"49":{"start":{"line":254,"column":18},"end":{"line":265,"column":26}},"50":{"start":{"line":262,"column":35},"end":{"line":262,"column":62}},"51":{"start":{"line":273,"column":20},"end":{"line":273,"column":68}},"52":{"start":{"line":279,"column":20},"end":{"line":279,"column":74}},"53":{"start":{"line":302,"column":2},"end":{"line":306,"column":3}}},"fnMap":{"0":{"name":"MaterialsContent","decl":{"start":{"line":31,"column":9},"end":{"line":31,"column":25}},"loc":{"start":{"line":31,"column":28},"end":{"line":299,"column":1}},"line":31},"1":{"name":"(anonymous_1)","decl":{"start":{"line":42,"column":12},"end":{"line":42,"column":13}},"loc":{"start":{"line":42,"column":18},"end":{"line":56,"column":3}},"line":42},"2":{"name":"fetchData","decl":{"start":{"line":43,"column":19},"end":{"line":43,"column":28}},"loc":{"start":{"line":43,"column":31},"end":{"line":54,"column":5}},"line":43},"3":{"name":"(anonymous_3)","decl":{"start":{"line":58,"column":36},"end":{"line":58,"column":37}},"loc":{"start":{"line":58,"column":42},"end":{"line":97,"column":3}},"line":58},"4":{"name":"(anonymous_4)","decl":{"start":{"line":63,"column":33},"end":{"line":63,"column":34}},"loc":{"start":{"line":63,"column":40},"end":{"line":63,"column":71}},"line":63},"5":{"name":"(anonymous_5)","decl":{"start":{"line":70,"column":8},"end":{"line":70,"column":9}},"loc":{"start":{"line":71,"column":10},"end":{"line":73,"column":65}},"line":71},"6":{"name":"(anonymous_6)","decl":{"start":{"line":73,"column":22},"end":{"line":73,"column":23}},"loc":{"start":{"line":73,"column":31},"end":{"line":73,"column":64}},"line":73},"7":{"name":"(anonymous_7)","decl":{"start":{"line":78,"column":31},"end":{"line":78,"column":32}},"loc":{"start":{"line":78,"column":38},"end":{"line":78,"column":90}},"line":78},"8":{"name":"(anonymous_8)","decl":{"start":{"line":83,"column":22},"end":{"line":83,"column":23}},"loc":{"start":{"line":83,"column":32},"end":{"line":83,"column":59}},"line":83},"9":{"name":"(anonymous_9)","decl":{"start":{"line":86,"column":22},"end":{"line":86,"column":23}},"loc":{"start":{"line":86,"column":32},"end":{"line":86,"column":97}},"line":86},"10":{"name":"(anonymous_10)","decl":{"start":{"line":89,"column":22},"end":{"line":89,"column":23}},"loc":{"start":{"line":89,"column":32},"end":{"line":89,"column":49}},"line":89},"11":{"name":"(anonymous_11)","decl":{"start":{"line":92,"column":22},"end":{"line":92,"column":23}},"loc":{"start":{"line":92,"column":32},"end":{"line":92,"column":49}},"line":92},"12":{"name":"(anonymous_12)","decl":{"start":{"line":99,"column":24},"end":{"line":99,"column":25}},"loc":{"start":{"line":100,"column":4},"end":{"line":148,"column":10}},"line":100},"13":{"name":"(anonymous_13)","decl":{"start":{"line":112,"column":21},"end":{"line":112,"column":22}},"loc":{"start":{"line":112,"column":27},"end":{"line":112,"column":53}},"line":112},"14":{"name":"(anonymous_14)","decl":{"start":{"line":116,"column":26},"end":{"line":116,"column":27}},"loc":{"start":{"line":117,"column":12},"end":{"line":128,"column":20}},"line":117},"15":{"name":"(anonymous_15)","decl":{"start":{"line":125,"column":23},"end":{"line":125,"column":24}},"loc":{"start":{"line":125,"column":29},"end":{"line":125,"column":56}},"line":125},"16":{"name":"(anonymous_16)","decl":{"start":{"line":176,"column":30},"end":{"line":176,"column":31}},"loc":{"start":{"line":176,"column":37},"end":{"line":176,"column":67}},"line":176},"17":{"name":"(anonymous_17)","decl":{"start":{"line":226,"column":56},"end":{"line":226,"column":57}},"loc":{"start":{"line":226,"column":63},"end":{"line":226,"column":92}},"line":226},"18":{"name":"(anonymous_18)","decl":{"start":{"line":249,"column":27},"end":{"line":249,"column":28}},"loc":{"start":{"line":249,"column":33},"end":{"line":249,"column":59}},"line":249},"19":{"name":"(anonymous_19)","decl":{"start":{"line":253,"column":32},"end":{"line":253,"column":33}},"loc":{"start":{"line":254,"column":18},"end":{"line":265,"column":26}},"line":254},"20":{"name":"(anonymous_20)","decl":{"start":{"line":262,"column":29},"end":{"line":262,"column":30}},"loc":{"start":{"line":262,"column":35},"end":{"line":262,"column":62}},"line":262},"21":{"name":"(anonymous_21)","decl":{"start":{"line":272,"column":37},"end":{"line":272,"column":38}},"loc":{"start":{"line":273,"column":20},"end":{"line":273,"column":68}},"line":273},"22":{"name":"(anonymous_22)","decl":{"start":{"line":278,"column":41},"end":{"line":278,"column":42}},"loc":{"start":{"line":279,"column":20},"end":{"line":279,"column":74}},"line":279},"23":{"name":"MaterialsPage","decl":{"start":{"line":301,"column":24},"end":{"line":301,"column":37}},"loc":{"start":{"line":301,"column":40},"end":{"line":307,"column":1}},"line":301}},"branchMap":{"0":{"loc":{"start":{"line":36,"column":77},"end":{"line":36,"column":101}},"type":"binary-expr","locations":[{"start":{"line":36,"column":77},"end":{"line":36,"column":92}},{"start":{"line":36,"column":96},"end":{"line":36,"column":101}}],"line":36},"1":{"loc":{"start":{"line":46,"column":8},"end":{"line":48,"column":9}},"type":"if","locations":[{"start":{"line":46,"column":8},"end":{"line":48,"column":9}},{"start":{},"end":{}}],"line":46},"2":{"loc":{"start":{"line":62,"column":4},"end":{"line":64,"column":5}},"type":"if","locations":[{"start":{"line":62,"column":4},"end":{"line":64,"column":5}},{"start":{},"end":{}}],"line":62},"3":{"loc":{"start":{"line":67,"column":4},"end":{"line":75,"column":5}},"type":"if","locations":[{"start":{"line":67,"column":4},"end":{"line":75,"column":5}},{"start":{},"end":{}}],"line":67},"4":{"loc":{"start":{"line":71,"column":10},"end":{"line":73,"column":65}},"type":"binary-expr","locations":[{"start":{"line":71,"column":10},"end":{"line":71,"column":47}},{"start":{"line":72,"column":10},"end":{"line":72,"column":53}},{"start":{"line":73,"column":10},"end":{"line":73,"column":65}}],"line":71},"5":{"loc":{"start":{"line":78,"column":38},"end":{"line":78,"column":90}},"type":"binary-expr","locations":[{"start":{"line":78,"column":38},"end":{"line":78,"column":62}},{"start":{"line":78,"column":66},"end":{"line":78,"column":90}}],"line":78},"6":{"loc":{"start":{"line":81,"column":4},"end":{"line":94,"column":5}},"type":"switch","locations":[{"start":{"line":82,"column":6},"end":{"line":84,"column":13}},{"start":{"line":85,"column":6},"end":{"line":87,"column":13}},{"start":{"line":88,"column":6},"end":{"line":90,"column":13}},{"start":{"line":91,"column":6},"end":{"line":93,"column":13}}],"line":81},"7":{"loc":{"start":{"line":106,"column":21},"end":{"line":106,"column":71}},"type":"cond-expr","locations":[{"start":{"line":106,"column":50},"end":{"line":106,"column":59}},{"start":{"line":106,"column":62},"end":{"line":106,"column":71}}],"line":106},"8":{"loc":{"start":{"line":108,"column":14},"end":{"line":110,"column":34}},"type":"cond-expr","locations":[{"start":{"line":109,"column":18},"end":{"line":109,"column":48}},{"start":{"line":110,"column":18},"end":{"line":110,"column":34}}],"line":108},"9":{"loc":{"start":{"line":119,"column":23},"end":{"line":119,"column":74}},"type":"cond-expr","locations":[{"start":{"line":119,"column":53},"end":{"line":119,"column":62}},{"start":{"line":119,"column":65},"end":{"line":119,"column":74}}],"line":119},"10":{"loc":{"start":{"line":121,"column":16},"end":{"line":123,"column":36}},"type":"cond-expr","locations":[{"start":{"line":122,"column":20},"end":{"line":122,"column":50}},{"start":{"line":123,"column":20},"end":{"line":123,"column":36}}],"line":121},"11":{"loc":{"start":{"line":243,"column":27},"end":{"line":243,"column":77}},"type":"cond-expr","locations":[{"start":{"line":243,"column":56},"end":{"line":243,"column":65}},{"start":{"line":243,"column":68},"end":{"line":243,"column":77}}],"line":243},"12":{"loc":{"start":{"line":245,"column":20},"end":{"line":247,"column":26}},"type":"cond-expr","locations":[{"start":{"line":246,"column":24},"end":{"line":246,"column":36}},{"start":{"line":247,"column":24},"end":{"line":247,"column":26}}],"line":245},"13":{"loc":{"start":{"line":256,"column":29},"end":{"line":256,"column":80}},"type":"cond-expr","locations":[{"start":{"line":256,"column":59},"end":{"line":256,"column":68}},{"start":{"line":256,"column":71},"end":{"line":256,"column":80}}],"line":256},"14":{"loc":{"start":{"line":258,"column":22},"end":{"line":260,"column":28}},"type":"cond-expr","locations":[{"start":{"line":259,"column":26},"end":{"line":259,"column":38}},{"start":{"line":260,"column":26},"end":{"line":260,"column":28}}],"line":258},"15":{"loc":{"start":{"line":270,"column":15},"end":{"line":290,"column":15}},"type":"cond-expr","locations":[{"start":{"line":271,"column":16},"end":{"line":275,"column":22}},{"start":{"line":276,"column":18},"end":{"line":290,"column":15}}],"line":270},"16":{"loc":{"start":{"line":276,"column":18},"end":{"line":290,"column":15}},"type":"cond-expr","locations":[{"start":{"line":277,"column":16},"end":{"line":281,"column":22}},{"start":{"line":283,"column":16},"end":{"line":289,"column":22}}],"line":276}},"s":{"0":0,"1":0,"2":0,"3":0,"4":0,"5":0,"6":0,"7":0,"8":0,"9":0,"10":0,"11":0,"12":0,"13":0,"14":0,"15":0,"16":0,"17":0,"18":0,"19":0,"20":0,"21":0,"22":0,"23":0,"24":0,"25":0,"26":0,"27":0,"28":0,"29":0,"30":0,"31":0,"32":0,"33":0,"34":0,"35":0,"36":0,"37":0,"38":0,"39":0,"40":0,"41":0,"42":0,"43":0,"44":0,"45":0,"46":0,"47":0,"48":0,"49":0,"50":0,"51":0,"52":0,"53":0},"f":{"0":0,"1":0,"2":0,"3":0,"4":0,"5":0,"6":0,"7":0,"8":0,"9":0,"10":0,"11":0,"12":0,"13":0,"14":0,"15":0,"16":0,"17":0,"18":0,"19":0,"20":0,"21":0,"22":0,"23":0},"b":{"0":[0,0],"1":[0,0],"2":[0,0],"3":[0,0],"4":[0,0,0],"5":[0,0],"6":[0,0,0,0],"7":[0,0],"8":[0,0],"9":[0,0],"10":[0,0],"11":[0,0],"12":[0,0],"13":[0,0],"14":[0,0],"15":[0,0],"16":[0,0]}}
,"D:\\LearnX\\LearnX\\frontend\\app\\materials\\[id]\\page.tsx": {"path":"D:\\LearnX\\LearnX\\frontend\\app\\materials\\[id]\\page.tsx","statementMap":{"0":{"start":{"line":39,"column":17},"end":{"line":39,"column":28}},"1":{"start":{"line":40,"column":17},"end":{"line":40,"column":28}},"2":{"start":{"line":41,"column":46},"end":{"line":41,"column":61}},"3":{"start":{"line":42,"column":40},"end":{"line":42,"column":55}},"4":{"start":{"line":43,"column":32},"end":{"line":43,"column":47}},"5":{"start":{"line":45,"column":19},"end":{"line":45,"column":60}},"6":{"start":{"line":45,"column":41},"end":{"line":45,"column":59}},"7":{"start":{"line":47,"column":2},"end":{"line":62,"column":3}},"8":{"start":{"line":48,"column":4},"end":{"line":61,"column":5}},"9":{"start":{"line":64,"column":26},"end":{"line":64,"column":77}},"10":{"start":{"line":64,"column":48},"end":{"line":64,"column":76}},"11":{"start":{"line":65,"column":27},"end":{"line":67,"column":16}},"12":{"start":{"line":66,"column":19},"end":{"line":66,"column":75}},"13":{"start":{"line":69,"column":32},"end":{"line":71,"column":3}},"14":{"start":{"line":70,"column":4},"end":{"line":70,"column":24}},"15":{"start":{"line":73,"column":2},"end":{"line":417,"column":3}},"16":{"start":{"line":123,"column":41},"end":{"line":123,"column":61}},"17":{"start":{"line":132,"column":26},"end":{"line":134,"column":34}},"18":{"start":{"line":218,"column":28},"end":{"line":226,"column":34}},"19":{"start":{"line":234,"column":43},"end":{"line":234,"column":66}},"20":{"start":{"line":251,"column":28},"end":{"line":282,"column":34}},"21":{"start":{"line":266,"column":38},"end":{"line":273,"column":40}},"22":{"start":{"line":325,"column":39},"end":{"line":325,"column":62}},"23":{"start":{"line":371,"column":49},"end":{"line":371,"column":85}},"24":{"start":{"line":386,"column":18},"end":{"line":399,"column":25}}},"fnMap":{"0":{"name":"MaterialDetailPage","decl":{"start":{"line":38,"column":24},"end":{"line":38,"column":42}},"loc":{"start":{"line":38,"column":45},"end":{"line":418,"column":1}},"line":38},"1":{"name":"(anonymous_1)","decl":{"start":{"line":45,"column":34},"end":{"line":45,"column":35}},"loc":{"start":{"line":45,"column":41},"end":{"line":45,"column":59}},"line":45},"2":{"name":"(anonymous_2)","decl":{"start":{"line":64,"column":41},"end":{"line":64,"column":42}},"loc":{"start":{"line":64,"column":48},"end":{"line":64,"column":76}},"line":64},"3":{"name":"(anonymous_3)","decl":{"start":{"line":66,"column":12},"end":{"line":66,"column":13}},"loc":{"start":{"line":66,"column":19},"end":{"line":66,"column":75}},"line":66},"4":{"name":"(anonymous_4)","decl":{"start":{"line":69,"column":32},"end":{"line":69,"column":33}},"loc":{"start":{"line":69,"column":38},"end":{"line":71,"column":3}},"line":69},"5":{"name":"(anonymous_5)","decl":{"start":{"line":123,"column":35},"end":{"line":123,"column":36}},"loc":{"start":{"line":123,"column":41},"end":{"line":123,"column":61}},"line":123},"6":{"name":"(anonymous_6)","decl":{"start":{"line":131,"column":43},"end":{"line":131,"column":44}},"loc":{"start":{"line":132,"column":26},"end":{"line":134,"column":34}},"line":132},"7":{"name":"(anonymous_7)","decl":{"start":{"line":217,"column":41},"end":{"line":217,"column":42}},"loc":{"start":{"line":218,"column":28},"end":{"line":226,"column":34}},"line":218},"8":{"name":"(anonymous_8)","decl":{"start":{"line":234,"column":37},"end":{"line":234,"column":38}},"loc":{"start":{"line":234,"column":43},"end":{"line":234,"column":66}},"line":234},"9":{"name":"(anonymous_9)","decl":{"start":{"line":250,"column":47},"end":{"line":250,"column":48}},"loc":{"start":{"line":251,"column":28},"end":{"line":282,"column":34}},"line":251},"10":{"name":"(anonymous_10)","decl":{"start":{"line":265,"column":67},"end":{"line":265,"column":68}},"loc":{"start":{"line":266,"column":38},"end":{"line":273,"column":40}},"line":266},"11":{"name":"(anonymous_11)","decl":{"start":{"line":325,"column":33},"end":{"line":325,"column":34}},"loc":{"start":{"line":325,"column":39},"end":{"line":325,"column":62}},"line":325},"12":{"name":"(anonymous_12)","decl":{"start":{"line":371,"column":42},"end":{"line":371,"column":43}},"loc":{"start":{"line":371,"column":49},"end":{"line":371,"column":85}},"line":371},"13":{"name":"(anonymous_13)","decl":{"start":{"line":385,"column":38},"end":{"line":385,"column":39}},"loc":{"start":{"line":386,"column":18},"end":{"line":399,"column":25}},"line":386}},"branchMap":{"0":{"loc":{"start":{"line":47,"column":2},"end":{"line":62,"column":3}},"type":"if","locations":[{"start":{"line":47,"column":2},"end":{"line":62,"column":3}},{"start":{},"end":{}}],"line":47},"1":{"loc":{"start":{"line":66,"column":19},"end":{"line":66,"column":75}},"type":"binary-expr","locations":[{"start":{"line":66,"column":19},"end":{"line":66,"column":51}},{"start":{"line":66,"column":55},"end":{"line":66,"column":75}}],"line":66},"2":{"loc":{"start":{"line":122,"column":49},"end":{"line":122,"column":78}},"type":"cond-expr","locations":[{"start":{"line":122,"column":59},"end":{"line":122,"column":73}},{"start":{"line":122,"column":76},"end":{"line":122,"column":78}}],"line":122},"3":{"loc":{"start":{"line":125,"column":55},"end":{"line":125,"column":84}},"type":"cond-expr","locations":[{"start":{"line":125,"column":65},"end":{"line":125,"column":79}},{"start":{"line":125,"column":82},"end":{"line":125,"column":84}}],"line":125},"4":{"loc":{"start":{"line":248,"column":23},"end":{"line":289,"column":23}},"type":"cond-expr","locations":[{"start":{"line":249,"column":24},"end":{"line":284,"column":30}},{"start":{"line":286,"column":24},"end":{"line":288,"column":30}}],"line":248},"5":{"loc":{"start":{"line":269,"column":42},"end":{"line":271,"column":72}},"type":"cond-expr","locations":[{"start":{"line":270,"column":46},"end":{"line":270,"column":77}},{"start":{"line":271,"column":46},"end":{"line":271,"column":72}}],"line":269},"6":{"loc":{"start":{"line":309,"column":19},"end":{"line":335,"column":19}},"type":"cond-expr","locations":[{"start":{"line":310,"column":20},"end":{"line":319,"column":26}},{"start":{"line":321,"column":20},"end":{"line":334,"column":26}}],"line":309},"7":{"loc":{"start":{"line":381,"column":11},"end":{"line":403,"column":11}},"type":"binary-expr","locations":[{"start":{"line":381,"column":11},"end":{"line":381,"column":38}},{"start":{"line":382,"column":12},"end":{"line":402,"column":18}}],"line":381}},"s":{"0":0,"1":0,"2":0,"3":0,"4":0,"5":0,"6":0,"7":0,"8":0,"9":0,"10":0,"11":0,"12":0,"13":0,"14":0,"15":0,"16":0,"17":0,"18":0,"19":0,"20":0,"21":0,"22":0,"23":0,"24":0},"f":{"0":0,"1":0,"2":0,"3":0,"4":0,"5":0,"6":0,"7":0,"8":0,"9":0,"10":0,"11":0,"12":0,"13":0},"b":{"0":[0,0],"1":[0,0],"2":[0,0],"3":[0,0],"4":[0,0],"5":[0,0],"6":[0,0],"7":[0,0]}}
,"D:\\LearnX\\LearnX\\frontend\\app\\register\\page.tsx": {"path":"D:\\LearnX\\LearnX\\frontend\\app\\register\\page.tsx","statementMap":{"0":{"start":{"line":18,"column":17},"end":{"line":18,"column":28}},"1":{"start":{"line":19,"column":26},"end":{"line":19,"column":35}},"2":{"start":{"line":20,"column":36},"end":{"line":20,"column":51}},"3":{"start":{"line":21,"column":42},"end":{"line":21,"column":57}},"4":{"start":{"line":22,"column":34},"end":{"line":28,"column":4}},"5":{"start":{"line":30,"column":23},"end":{"line":56,"column":3}},"6":{"start":{"line":31,"column":4},"end":{"line":31,"column":22}},"7":{"start":{"line":32,"column":4},"end":{"line":35,"column":5}},"8":{"start":{"line":33,"column":6},"end":{"line":33,"column":31}},"9":{"start":{"line":34,"column":6},"end":{"line":34,"column":12}},"10":{"start":{"line":36,"column":4},"end":{"line":39,"column":5}},"11":{"start":{"line":37,"column":6},"end":{"line":37,"column":31}},"12":{"start":{"line":38,"column":6},"end":{"line":38,"column":12}},"13":{"start":{"line":40,"column":4},"end":{"line":40,"column":22}},"14":{"start":{"line":41,"column":4},"end":{"line":55,"column":5}},"15":{"start":{"line":42,"column":23},"end":{"line":46,"column":8}},"16":{"start":{"line":47,"column":6},"end":{"line":47,"column":31}},"17":{"start":{"line":48,"column":6},"end":{"line":48,"column":25}},"18":{"start":{"line":49,"column":6},"end":{"line":49,"column":27}},"19":{"start":{"line":50,"column":6},"end":{"line":50,"column":31}},"20":{"start":{"line":52,"column":6},"end":{"line":52,"column":48}},"21":{"start":{"line":54,"column":6},"end":{"line":54,"column":25}},"22":{"start":{"line":58,"column":27},"end":{"line":66,"column":3}},"23":{"start":{"line":59,"column":16},"end":{"line":59,"column":33}},"24":{"start":{"line":60,"column":4},"end":{"line":60,"column":37}},"25":{"start":{"line":60,"column":26},"end":{"line":60,"column":37}},"26":{"start":{"line":61,"column":4},"end":{"line":61,"column":75}},"27":{"start":{"line":61,"column":24},"end":{"line":61,"column":75}},"28":{"start":{"line":62,"column":4},"end":{"line":64,"column":5}},"29":{"start":{"line":63,"column":6},"end":{"line":63,"column":60}},"30":{"start":{"line":65,"column":4},"end":{"line":65,"column":57}},"31":{"start":{"line":68,"column":19},"end":{"line":68,"column":37}},"32":{"start":{"line":70,"column":2},"end":{"line":299,"column":3}},"33":{"start":{"line":142,"column":39},"end":{"line":142,"column":89}},"34":{"start":{"line":158,"column":39},"end":{"line":158,"column":90}},"35":{"start":{"line":174,"column":39},"end":{"line":174,"column":93}},"36":{"start":{"line":184,"column":37},"end":{"line":184,"column":67}},"37":{"start":{"line":197,"column":26},"end":{"line":202,"column":28}},"38":{"start":{"line":219,"column":39},"end":{"line":219,"column":100}},"39":{"start":{"line":233,"column":50},"end":{"line":233,"column":110}}},"fnMap":{"0":{"name":"RegisterPage","decl":{"start":{"line":17,"column":24},"end":{"line":17,"column":36}},"loc":{"start":{"line":17,"column":39},"end":{"line":300,"column":1}},"line":17},"1":{"name":"(anonymous_1)","decl":{"start":{"line":30,"column":23},"end":{"line":30,"column":24}},"loc":{"start":{"line":30,"column":53},"end":{"line":56,"column":3}},"line":30},"2":{"name":"(anonymous_2)","decl":{"start":{"line":58,"column":27},"end":{"line":58,"column":28}},"loc":{"start":{"line":58,"column":33},"end":{"line":66,"column":3}},"line":58},"3":{"name":"(anonymous_3)","decl":{"start":{"line":142,"column":32},"end":{"line":142,"column":33}},"loc":{"start":{"line":142,"column":39},"end":{"line":142,"column":89}},"line":142},"4":{"name":"(anonymous_4)","decl":{"start":{"line":158,"column":32},"end":{"line":158,"column":33}},"loc":{"start":{"line":158,"column":39},"end":{"line":158,"column":90}},"line":158},"5":{"name":"(anonymous_5)","decl":{"start":{"line":174,"column":32},"end":{"line":174,"column":33}},"loc":{"start":{"line":174,"column":39},"end":{"line":174,"column":93}},"line":174},"6":{"name":"(anonymous_6)","decl":{"start":{"line":184,"column":31},"end":{"line":184,"column":32}},"loc":{"start":{"line":184,"column":37},"end":{"line":184,"column":67}},"line":184},"7":{"name":"(anonymous_7)","decl":{"start":{"line":196,"column":39},"end":{"line":196,"column":40}},"loc":{"start":{"line":197,"column":26},"end":{"line":202,"column":28}},"line":197},"8":{"name":"(anonymous_8)","decl":{"start":{"line":219,"column":32},"end":{"line":219,"column":33}},"loc":{"start":{"line":219,"column":39},"end":{"line":219,"column":100}},"line":219},"9":{"name":"(anonymous_9)","decl":{"start":{"line":233,"column":37},"end":{"line":233,"column":38}},"loc":{"start":{"line":233,"column":50},"end":{"line":233,"column":110}},"line":233}},"branchMap":{"0":{"loc":{"start":{"line":32,"column":4},"end":{"line":35,"column":5}},"type":"if","locations":[{"start":{"line":32,"column":4},"end":{"line":35,"column":5}},{"start":{},"end":{}}],"line":32},"1":{"loc":{"start":{"line":36,"column":4},"end":{"line":39,"column":5}},"type":"if","locations":[{"start":{"line":36,"column":4},"end":{"line":39,"column":5}},{"start":{},"end":{}}],"line":36},"2":{"loc":{"start":{"line":52,"column":18},"end":{"line":52,"column":47}},"type":"binary-expr","locations":[{"start":{"line":52,"column":18},"end":{"line":52,"column":31}},{"start":{"line":52,"column":35},"end":{"line":52,"column":47}}],"line":52},"3":{"loc":{"start":{"line":60,"column":4},"end":{"line":60,"column":37}},"type":"if","locations":[{"start":{"line":60,"column":4},"end":{"line":60,"column":37}},{"start":{},"end":{}}],"line":60},"4":{"loc":{"start":{"line":61,"column":4},"end":{"line":61,"column":75}},"type":"if","locations":[{"start":{"line":61,"column":4},"end":{"line":61,"column":75}},{"start":{},"end":{}}],"line":61},"5":{"loc":{"start":{"line":62,"column":4},"end":{"line":64,"column":5}},"type":"if","locations":[{"start":{"line":62,"column":4},"end":{"line":64,"column":5}},{"start":{},"end":{}}],"line":62},"6":{"loc":{"start":{"line":62,"column":8},"end":{"line":62,"column":67}},"type":"binary-expr","locations":[{"start":{"line":62,"column":8},"end":{"line":62,"column":23}},{"start":{"line":62,"column":27},"end":{"line":62,"column":45}},{"start":{"line":62,"column":49},"end":{"line":62,"column":67}}],"line":62},"7":{"loc":{"start":{"line":171,"column":28},"end":{"line":171,"column":62}},"type":"cond-expr","locations":[{"start":{"line":171,"column":43},"end":{"line":171,"column":49}},{"start":{"line":171,"column":52},"end":{"line":171,"column":62}}],"line":171},"8":{"loc":{"start":{"line":186,"column":23},"end":{"line":190,"column":23}},"type":"cond-expr","locations":[{"start":{"line":187,"column":24},"end":{"line":187,"column":76}},{"start":{"line":189,"column":24},"end":{"line":189,"column":73}}],"line":186},"9":{"loc":{"start":{"line":193,"column":19},"end":{"line":207,"column":19}},"type":"binary-expr","locations":[{"start":{"line":193,"column":19},"end":{"line":193,"column":27}},{"start":{"line":194,"column":20},"end":{"line":206,"column":26}}],"line":193},"10":{"loc":{"start":{"line":200,"column":30},"end":{"line":200,"column":83}},"type":"cond-expr","locations":[{"start":{"line":200,"column":56},"end":{"line":200,"column":70}},{"start":{"line":200,"column":73},"end":{"line":200,"column":83}}],"line":200},"11":{"loc":{"start":{"line":224,"column":19},"end":{"line":226,"column":19}},"type":"binary-expr","locations":[{"start":{"line":224,"column":19},"end":{"line":224,"column":43}},{"start":{"line":224,"column":47},"end":{"line":224,"column":93}},{"start":{"line":225,"column":20},"end":{"line":225,"column":70}}],"line":224},"12":{"loc":{"start":{"line":251,"column":28},"end":{"line":251,"column":61}},"type":"binary-expr","locations":[{"start":{"line":251,"column":28},"end":{"line":251,"column":37}},{"start":{"line":251,"column":41},"end":{"line":251,"column":61}}],"line":251},"13":{"loc":{"start":{"line":253,"column":19},"end":{"line":260,"column":19}},"type":"cond-expr","locations":[{"start":{"line":254,"column":20},"end":{"line":257,"column":23}},{"start":{"line":259,"column":20},"end":{"line":259,"column":26}}],"line":253},"14":{"loc":{"start":{"line":263,"column":17},"end":{"line":267,"column":17}},"type":"binary-expr","locations":[{"start":{"line":263,"column":17},"end":{"line":263,"column":37}},{"start":{"line":264,"column":18},"end":{"line":266,"column":22}}],"line":263}},"s":{"0":41,"1":41,"2":41,"3":41,"4":41,"5":41,"6":3,"7":3,"8":0,"9":0,"10":3,"11":0,"12":0,"13":3,"14":3,"15":3,"16":1,"17":1,"18":1,"19":1,"20":1,"21":2,"22":41,"23":41,"24":41,"25":19,"26":22,"27":0,"28":22,"29":5,"30":17,"31":41,"32":41,"33":5,"34":5,"35":7,"36":0,"37":66,"38":6,"39":4},"f":{"0":41,"1":3,"2":41,"3":5,"4":5,"5":7,"6":0,"7":66,"8":6,"9":4},"b":{"0":[0,3],"1":[0,3],"2":[1,0],"3":[19,22],"4":[0,22],"5":[5,17],"6":[22,22,17],"7":[0,41],"8":[0,41],"9":[41,22],"10":[61,5],"11":[41,15,1],"12":[41,38],"13":[3,38],"14":[41,32]},"_coverageSchema":"1a1c01bbd47fc00a2c39e90264f33305004495a9","hash":"fc51f22e6285c59d6f7cb5bade8b1cb38dc4a51e"}
,"D:\\LearnX\\LearnX\\frontend\\app\\upload\\page.tsx": {"path":"D:\\LearnX\\LearnX\\frontend\\app\\upload\\page.tsx","statementMap":{"0":{"start":{"line":27,"column":14},"end":{"line":32,"column":1}},"1":{"start":{"line":35,"column":17},"end":{"line":35,"column":28}},"2":{"start":{"line":36,"column":40},"end":{"line":36,"column":51}},"3":{"start":{"line":37,"column":42},"end":{"line":37,"column":57}},"4":{"start":{"line":38,"column":36},"end":{"line":38,"column":51}},"5":{"start":{"line":41,"column":26},"end":{"line":41,"column":53}},"6":{"start":{"line":42,"column":28},"end":{"line":42,"column":40}},"7":{"start":{"line":43,"column":40},"end":{"line":43,"column":52}},"8":{"start":{"line":44,"column":34},"end":{"line":44,"column":64}},"9":{"start":{"line":45,"column":26},"end":{"line":45,"column":38}},"10":{"start":{"line":46,"column":28},"end":{"line":46,"column":43}},"11":{"start":{"line":47,"column":42},"end":{"line":47,"column":57}},"12":{"start":{"line":49,"column":21},"end":{"line":60,"column":3}},"13":{"start":{"line":50,"column":4},"end":{"line":59,"column":5}},"14":{"start":{"line":52,"column":8},"end":{"line":52,"column":28}},"15":{"start":{"line":54,"column":8},"end":{"line":54,"column":71}},"16":{"start":{"line":56,"column":8},"end":{"line":56,"column":67}},"17":{"start":{"line":58,"column":8},"end":{"line":58,"column":19}},"18":{"start":{"line":62,"column":21},"end":{"line":66,"column":3}},"19":{"start":{"line":63,"column":4},"end":{"line":65,"column":5}},"20":{"start":{"line":64,"column":6},"end":{"line":64,"column":37}},"21":{"start":{"line":68,"column":21},"end":{"line":72,"column":3}},"22":{"start":{"line":69,"column":4},"end":{"line":71,"column":5}},"23":{"start":{"line":70,"column":6},"end":{"line":70,"column":37}},"24":{"start":{"line":74,"column":36},"end":{"line":99,"column":3}},"25":{"start":{"line":75,"column":4},"end":{"line":75,"column":45}},"26":{"start":{"line":75,"column":39},"end":{"line":75,"column":45}},"27":{"start":{"line":77,"column":4},"end":{"line":77,"column":25}},"28":{"start":{"line":78,"column":4},"end":{"line":98,"column":5}},"29":{"start":{"line":79,"column":23},"end":{"line":88,"column":8}},"30":{"start":{"line":90,"column":6},"end":{"line":93,"column":7}},"31":{"start":{"line":91,"column":21},"end":{"line":91,"column":42}},"32":{"start":{"line":92,"column":8},"end":{"line":92,"column":45}},"33":{"start":{"line":95,"column":6},"end":{"line":95,"column":59}},"34":{"start":{"line":97,"column":6},"end":{"line":97,"column":28}},"35":{"start":{"line":101,"column":23},"end":{"line":107,"column":3}},"36":{"start":{"line":102,"column":4},"end":{"line":102,"column":25}},"37":{"start":{"line":104,"column":4},"end":{"line":104,"column":61}},"38":{"start":{"line":104,"column":35},"end":{"line":104,"column":60}},"39":{"start":{"line":105,"column":4},"end":{"line":105,"column":26}},"40":{"start":{"line":106,"column":4},"end":{"line":106,"column":22}},"41":{"start":{"line":109,"column":19},"end":{"line":109,"column":41}},"42":{"start":{"line":110,"column":22},"end":{"line":110,"column":36}},"43":{"start":{"line":111,"column":19},"end":{"line":111,"column":33}},"44":{"start":{"line":113,"column":2},"end":{"line":141,"column":3}},"45":{"start":{"line":114,"column":4},"end":{"line":140,"column":5}},"46":{"start":{"line":143,"column":2},"end":{"line":509,"column":3}},"47":{"start":{"line":170,"column":18},"end":{"line":190,"column":23}},"48":{"start":{"line":240,"column":43},"end":{"line":240,"column":67}},"49":{"start":{"line":274,"column":43},"end":{"line":274,"column":73}},"50":{"start":{"line":285,"column":48},"end":{"line":285,"column":74}},"51":{"start":{"line":289,"column":28},"end":{"line":304,"column":34}},"52":{"start":{"line":315,"column":43},"end":{"line":315,"column":66}},"53":{"start":{"line":343,"column":45},"end":{"line":343,"column":69}},"54":{"start":{"line":353,"column":26},"end":{"line":362,"column":35}},"55":{"start":{"line":359,"column":43},"end":{"line":359,"column":62}},"56":{"start":{"line":424,"column":52},"end":{"line":424,"column":69}},"57":{"start":{"line":431,"column":30},"end":{"line":431,"column":98}}},"fnMap":{"0":{"name":"UploadPage","decl":{"start":{"line":34,"column":24},"end":{"line":34,"column":34}},"loc":{"start":{"line":34,"column":37},"end":{"line":510,"column":1}},"line":34},"1":{"name":"(anonymous_1)","decl":{"start":{"line":49,"column":21},"end":{"line":49,"column":22}},"loc":{"start":{"line":49,"column":27},"end":{"line":60,"column":3}},"line":49},"2":{"name":"(anonymous_2)","decl":{"start":{"line":62,"column":21},"end":{"line":62,"column":22}},"loc":{"start":{"line":62,"column":27},"end":{"line":66,"column":3}},"line":62},"3":{"name":"(anonymous_3)","decl":{"start":{"line":68,"column":21},"end":{"lin
[...]
{"line":86,"column":62}},{"start":{"line":86,"column":65},"end":{"line":86,"column":66}}],"line":86},"3":{"loc":{"start":{"line":95,"column":6},"end":{"line":101,"column":7}},"type":"if","locations":[{"start":{"line":95,"column":6},"end":{"line":101,"column":7}},{"start":{"line":97,"column":13},"end":{"line":101,"column":7}}],"line":95},"4":{"loc":{"start":{"line":106,"column":10},"end":{"line":111,"column":15}},"type":"cond-expr","locations":[{"start":{"line":107,"column":14},"end":{"line":110,"column":15}},{"start":{"line":111,"column":14},"end":{"line":111,"column":15}}],"line":106},"5":{"loc":{"start":{"line":106,"column":10},"end":{"line":106,"column":51}},"type":"binary-expr","locations":[{"start":{"line":106,"column":10},"end":{"line":106,"column":26}},{"start":{"line":106,"column":30},"end":{"line":106,"column":51}}],"line":106},"6":{"loc":{"start":{"line":116,"column":6},"end":{"line":121,"column":7}},"type":"if","locations":[{"start":{"line":116,"column":6},"end":{"line":121,"column":7}},{"start":{},"end":{}}],"line":116},"7":{"loc":{"start":{"line":159,"column":8},"end":{"line":159,"column":28}},"type":"if","locations":[{"start":{"line":159,"column":8},"end":{"line":159,"column":28}},{"start":{},"end":{}}],"line":159},"8":{"loc":{"start":{"line":178,"column":6},"end":{"line":180,"column":7}},"type":"if","locations":[{"start":{"line":178,"column":6},"end":{"line":180,"column":7}},{"start":{},"end":{}}],"line":178}},"s":{"0":0,"1":0,"2":0,"3":0,"4":0,"5":0,"6":0,"7":0,"8":0,"9":0,"10":0,"11":0,"12":0,"13":0,"14":0,"15":0,"16":0,"17":0,"18":0,"19":0,"20":0,"21":0,"22":0,"23":0,"24":0,"25":0,"26":0,"27":0,"28":0,"29":0,"30":0,"31":0,"32":0,"33":0,"34":0,"35":0,"36":0,"37":0,"38":0,"39":0,"40":0,"41":0,"42":0,"43":0,"44":0,"45":0,"46":0,"47":0,"48":0,"49":0,"50":0,"51":0,"52":0},"f":{"0":0,"1":0,"2":0,"3":0,"4":0,"5":0,"6":0,"7":0,"8":0,"9":0,"10":0,"11":0,"12":0,"13":0,"14":0,"15":0,"16":0,"17":0},"b":{"0":[0,0],"1":[0,0,0,0],"2":[0,0],"3":[0,0],"4":[0,0],"5":[0,0],"6":[0,0],"7":[0,0],"8":[0,0]}}
,"D:\\LearnX\\LearnX\\frontend\\hooks\\use-mobile.ts": {"path":"D:\\LearnX\\LearnX\\frontend\\hooks\\use-mobile.ts","statementMap":{"0":{"start":{"line":3,"column":26},"end":{"line":3,"column":29}},"1":{"start":{"line":6,"column":34},"end":{"line":6,"column":80}},"2":{"start":{"line":8,"column":2},"end":{"line":16,"column":8}},"3":{"start":{"line":9,"column":16},"end":{"line":9,"column":76}},"4":{"start":{"line":10,"column":21},"end":{"line":12,"column":5}},"5":{"start":{"line":11,"column":6},"end":{"line":11,"column":56}},"6":{"start":{"line":13,"column":4},"end":{"line":13,"column":44}},"7":{"start":{"line":14,"column":4},"end":{"line":14,"column":54}},"8":{"start":{"line":15,"column":4},"end":{"line":15,"column":60}},"9":{"start":{"line":15,"column":17},"end":{"line":15,"column":60}},"10":{"start":{"line":18,"column":2},"end":{"line":18,"column":19}}},"fnMap":{"0":{"name":"useIsMobile","decl":{"start":{"line":5,"column":16},"end":{"line":5,"column":27}},"loc":{"start":{"line":5,"column":30},"end":{"line":19,"column":1}},"line":5},"1":{"name":"(anonymous_1)","decl":{"start":{"line":8,"column":18},"end":{"line":8,"column":19}},"loc":{"start":{"line":8,"column":24},"end":{"line":16,"column":3}},"line":8},"2":{"name":"(anonymous_2)","decl":{"start":{"line":10,"column":21},"end":{"line":10,"column":22}},"loc":{"start":{"line":10,"column":27},"end":{"line":12,"column":5}},"line":10},"3":{"name":"(anonymous_3)","decl":{"start":{"line":15,"column":11},"end":{"line":15,"column":12}},"loc":{"start":{"line":15,"column":17},"end":{"line":15,"column":60}},"line":15}},"branchMap":{},"s":{"0":0,"1":0,"2":0,"3":0,"4":0,"5":0,"6":0,"7":0,"8":0,"9":0,"10":0},"f":{"0":0,"1":0,"2":0,"3":0},"b":{}}
,"D:\\LearnX\\LearnX\\frontend\\hooks\\use-toast.ts": {"path":"D:\\LearnX\\LearnX\\frontend\\hooks\\use-toast.ts","statementMap":{"0":{"start":{"line":8,"column":20},"end":{"line":8,"column":21}},"1":{"start":{"line":9,"column":27},"end":{"line":9,"column":34}},"2":{"start":{"line":18,"column":20},"end":{"line":23,"column":10}},"3":{"start":{"line":25,"column":12},"end":{"line":25,"column":13}},"4":{"start":{"line":28,"column":2},"end":{"line":28,"column":47}},"5":{"start":{"line":29,"column":2},"end":{"line":29,"column":25}},"6":{"start":{"line":56,"column":22},"end":{"line":56,"column":70}},"7":{"start":{"line":58,"column":25},"end":{"line":72,"column":1}},"8":{"start":{"line":59,"column":2},"end":{"line":61,"column":3}},"9":{"start":{"line":60,"column":4},"end":{"line":60,"column":10}},"10":{"start":{"line":63,"column":18},"end":{"line":69,"column":24}},"11":{"start":{"line":64,"column":4},"end":{"line":64,"column":33}},"12":{"start":{"line":65,"column":4},"end":{"line":68,"column":6}},"13":{"start":{"line":71,"column":2},"end":{"line":71,"column":37}},"14":{"start":{"line":74,"column":23},"end":{"line":127,"column":1}},"15":{"start":{"line":75,"column":2},"end":{"line":126,"column":3}},"16":{"start":{"line":77,"column":6},"end":{"line":80,"column":7}},"17":{"start":{"line":83,"column":6},"end":{"line":88,"column":7}},"18":{"start":{"line":86,"column":10},"end":{"line":86,"column":66}},"19":{"start":{"line":91,"column":26},"end":{"line":91,"column":32}},"20":{"start":{"line":95,"column":6},"end":{"line":101,"column":7}},"21":{"start":{"line":96,"column":8},"end":{"line":96,"column":33}},"22":{"start":{"line":98,"column":8},"end":{"line":100,"column":10}},"23":{"start":{"line":99,"column":10},"end":{"line":99,"column":36}},"24":{"start":{"line":103,"column":6},"end":{"line":113,"column":7}},"25":{"start":{"line":106,"column":10},"end":{"line":111,"column":15}},"26":{"start":{"line":116,"column":6},"end":{"line":121,"column":7}},"27":{"start":{"line":117,"column":8},"end":{"line":120,"column":9}},"28":{"start":{"line":122,"column":6},"end":{"line":125,"column":7}},"29":{"start":{"line":124,"column":43},"end":{"line":124,"column":66}},"30":{"start":{"line":129,"column":49},"end":{"line":129,"column":51}},"31":{"start":{"line":131,"column":25},"end":{"line":131,"column":39}},"32":{"start":{"line":134,"column":2},"end":{"line":134,"column":44}},"33":{"start":{"line":135,"column":2},"end":{"line":137,"column":4}},"34":{"start":{"line":136,"column":4},"end":{"line":136,"column":25}},"35":{"start":{"line":143,"column":13},"end":{"line":143,"column":20}},"36":{"start":{"line":145,"column":17},"end":{"line":149,"column":6}},"37":{"start":{"line":146,"column":4},"end":{"line":149,"column":6}},"38":{"start":{"line":150,"column":18},"end":{"line":150,"column":72}},"39":{"start":{"line":150,"column":24},"end":{"line":150,"column":72}},"40":{"start":{"line":152,"column":2},"end":{"line":162,"column":4}},"41":{"start":{"line":159,"column":8},"end":{"line":159,"column":28}},"42":{"start":{"line":159,"column":19},"end":{"line":159,"column":28}},"43":{"start":{"line":164,"column":2},"end":{"line":168,"column":3}},"44":{"start":{"line":172,"column":28},"end":{"line":172,"column":62}},"45":{"start":{"line":174,"column":2},"end":{"line":182,"column":13}},"46":{"start":{"line":175,"column":4},"end":{"line":175,"column":28}},"47":{"start":{"line":176,"column":4},"end":{"line":181,"column":5}},"48":{"start":{"line":177,"column":20},"end":{"line":177,"column":47}},"49":{"start":{"line":178,"column":6},"end":{"line":180,"column":7}},"50":{"start":{"line":179,"column":8},"end":{"line":179,"column":34}},"51":{"start":{"line":184,"column":2},"end":{"line":188,"column":3}},"52":{"start":{"line":187,"column":35},"end":{"line":187,"column":79}}},"fnMap":{"0":{"name":"genId","decl":{"start":{"line":27,"column":9},"end":{"line":27,"column":14}},"loc":{"start":{"line":27,"column":17},"end":{"line":30,"column":1}},"line":27},"1":{"name":"(anonymous_1)","decl":{"start":{"line":58,"column":25},"end":{"line":58,"column":26}},"loc":{"start":{"line":58,"column":46},"end":{"line":72,"column":1}},"line":58},"2":{"name":"(anonymous_2)","decl":{"start":{"line":63,"column":29},"end":{"line":63,"column":30}},"loc":{"start":{"line":63,"column":35},"end":{"line":69,"column":3}},"line":63},"3":{"name":"(anonymous_3)","decl":{"start":{"line":74,"column":23},"end":{"line":74,"column":24}},"loc":{"start":{"line":74,"column":64},"end":{"line":127,"column":1}},"line":74},"4":{"name":"(anonymous_4)","decl":{"start":{"line":85,"column":33},"end":{"line":85,"column":34}},"loc":{"start":{"line":86,"column":10},"end":{"line":86,"column":66}},"line":86},"5":{"name":"(anonymous_5)","decl":{"start":{"line":98,"column":29},"end":{"line":98,"column":30}},"loc":{"start":{"line":98,"column":40},"end":{"line":100,"column":9}},"line":98},"6":{"name":"(anonymous_6)","decl":{"start":{"line":105,"column":33},"end":{"line":105,"column":34}},"loc":{"start":{"line":106,"column":10},"end":{"line":111,"column":15}},"line":106},"7":{"name":"(anonymous_7)","decl":{"start":{"line":124,"column":36},"end":{"line":124,"column":37}},"loc":{"start":{"line":124,"column":43},"end":{"line":124,"column":66}},"line":124},"8":{"name":"dispatch","decl":{"start":{"line":133,"column":9},"end":{"line":133,"column":17}},"loc":{"start":{"line":133,"column":34},"end":{"line":138,"column":1}},"line":133},"9":{"name":"(anonymous_9)","decl":{"start":{"line":135,"column":20},"end":{"line":135,"column":21}},"loc":{"start":{"line":135,"column":34},"end":{"line":137,"column":3}},"line":135},"10":{"name":"toast","decl":{"start":{"line":142,"column":9},"end":{"line":142,"column":14}},"loc":{"start":{"line":142,"column":36},"end":{"line":169,"column":1}},"line":142},"11":{"name":"(anonymous_11)","decl":{"start":{"line":145,"column":17},"end":{"line":145,"column":18}},"loc":{"start":{"line":146,"column":4},"end":{"line":149,"column":6}},"line":146},"12":{"name":"(anonymous_12)","decl":{"start":{"line":150,"column":18},"end":{"line":150,"column":19}},"loc":{"start":{"line":150,"column":24},"end":{"line":150,"column":72}},"line":150},"13":{"name":"(anonymous_13)","decl":{"start":{"line":158,"column":20},"end":{"line":158,"column":21}},"loc":{"start":{"line":158,"column":30},"end":{"line":160,"column":7}},"line":158},"14":{"name":"useToast","decl":{"start":{"line":171,"column":9},"end":{"line":171,"column":17}},"loc":{"start":{"line":171,"column":20},"end":{"line":189,"column":1}},"line":171},"15":{"name":"(anonymous_15)","decl":{"start":{"line":174,"column":18},"end":{"line":174,"column":19}},"loc":{"start":{"line":174,"column":24},"end":{"line":182,"column":3}},"line":174},"16":{"name":"(anonymous_16)","decl":{"start":{"line":176,"column":11},"end":{"line":176,"column":12}},"loc":{"start":{"line":176,"column":17},"end":{"line":181,"column":5}},"line":176},"17":{"name":"(anonymous_17)","decl":{"start":{"line":187,"column":13},"end":{"line":187,"column":14}},"loc":{"start":{"line":187,"column":35},"end":{"line":187,"column":79}},"line":187}},"branchMap":{"0":{"loc":{"start":{"line":59,"column":2},"end":{"line":61,"column":3}},"type":"if","locations":[{"start":{"line":59,"column":2},"end":{"line":61,"column":3}},{"start":{},"end":{}}],"line":59},"1":{"loc":{"start":{"line":75,"column":2},"end":{"line":126,"column":3}},"type":"switch","locations":[{"start":{"line":76,"column":4},"end":{"line":80,"column":7}},{"start":{"line":82,"column":4},"end":{"line":88,"column":7}},{"start":{"line":90,"column":4},"end":{"line":114,"column":5}},{"start":{"line":115,"column":4},"end":{"line":125,"column":7}}],"line":75},"2":{"loc":{"start":{"line":86,"column":10},"end":{"line":86,"column":66}},"type":"cond-expr","locations":[{"start":{"line":86,"column":37},"end":{"line":86,"column":62}},{"start":{"line":86,"column":65},"end":{"line":86,"column":66}}],"line":86},"3":{"loc":{"start":{"line":95,"column":6},"end":{"line":101,"column":7}},"type":"if","locations":[{"start":{"line":95,"column":6},"end":{"line":101,"column":7}},{"start":{"line":97,"column":13},"end":{"line":101,"column":7}}],"line":95},"4":{"loc":{"start":{"line":106,"column":10},"end":{"line":111,"column":15}},"type":"cond-expr","locations":[{"start":{"line":107,"column":14},"end":{"line":110,"column":15}},{"start":{"line":111,"column":14},"end":{"line":111,"column":15}}],"line":106},"5":{"loc":{"start":{"line":106,"column":10},"end":{"line":106,"column":51}},"type":"binary-expr","locations":[{"start":{"line":106,"column":10},"end":{"line":106,"column":26}},{"start":{"line":106,"column":30},"end":{"line":106,"column":51}}],"line":106},"6":{"loc":{"start":{"line":116,"column":6},"end":{"line":121,"column":7}},"type":"if","locations":[{"start":{"line":116,"column":6},"end":{"line":121,"column":7}},{"start":{},"end":{}}],"line":116},"7":{"loc":{"start":{"line":159,"column":8},"end":{"line":159,"column":28}},"type":"if","locations":[{"start":{"line":159,"column":8},"end":{"line":159,"column":28}},{"start":{},"end":{}}],"line":159},"8":{"loc":{"start":{"line":178,"column":6},"end":{"line":180,"column":7}},"type":"if","locations":[{"start":{"line":178,"column":6},"end":{"line":180,"column":7}},{"start":{},"end":{}}],"line":178}},"s":{"0":0,"1":0,"2":0,"3":0,"4":0,"5":0,"6":0,"7":0,"8":0,"9":0,"10":0,"11":0,"12":0,"13":0,"14":0,"15":0,"16":0,"17":0,"18":0,"19":0,"20":0,"21":0,"22":0,"23":0,"24":0,"25":0,"26":0,"27":0,"28":0,"29":0,"30":0,"31":0,"32":0,"33":0,"34":0,"35":0,"36":0,"37":0,"38":0,"39":0,"40":0,"41":0,"42":0,"43":0,"44":0,"45":0,"46":0,"47":0,"48":0,"49":0,"50":0,"51":0,"52":0},"f":{"0":0,"1":0,"2":0,"3":0,"4":0,"5":0,"6":0,"7":0,"8":0,"9":0,"10":0,"11":0,"12":0,"13":0,"14":0,"15":0,"16":0,"17":0},"b":{"0":[0,0],"1":[0,0,0,0],"2":[0,0],"3":[0,0],"4":[0,0],"5":[0,0],"6":[0,0],"7":[0,0],"8":[0,0]}}
,"D:\\LearnX\\LearnX\\frontend\\lib\\auth-context.tsx": {"path":"D:\\LearnX\\LearnX\\frontend\\lib\\auth-context.tsx","statementMap":{"0":{"start":{"line":14,"column":20},"end":{"line":20,"column":2}},"1":{"start":{"line":23,"column":26},"end":{"line":23,"column":60}},"2":{"start":{"line":24,"column":36},"end":{"line":24,"column":50}},"3":{"start":{"line":26,"column":22},"end":{"line":42,"column":3}},"4":{"start":{"line":27,"column":4},"end":{"line":41,"column":5}},"5":{"start":{"line":28,"column":20},"end":{"line":28,"column":30}},"6":{"start":{"line":29,"column":6},"end":{"line":33,"column":7}},"7":{"start":{"line":30,"column":8},"end":{"line":30,"column":21}},"8":{"start":{"line":31,"column":8},"end":{"line":31,"column":27}},"9":{"start":{"line":32,"column":8},"end":{"line":32,"column":14}},"10":{"start":{"line":34,"column":22},"end":{"line":34,"column":40}},"11":{"start":{"line":35,"column":6},"end":{"line":35,"column":22}},"12":{"start":{"line":37,"column":6},"end":{"line":37,"column":19}},"13":{"start":{"line":38,"column":6},"end":{"line":38,"column":19}},"14":{"start":{"line":40,"column":6},"end":{"line":40,"column":25}},"15":{"start":{"line":44,"column":2},"end":{"line":46,"column":8}},"16":{"start":{"line":45,"column":4},"end":{"line":45,"column":17}},"17":{"start":{"line":48,"column":17},"end":{"line":52,"column":3}},"18":{"start":{"line":49,"column":4},"end":{"line":49,"column":17}},"19":{"start":{"line":50,"column":4},"end":{"line":50,"column":17}},"20":{"start":{"line":51,"column":4},"end":{"line":51,"column":35}},"21":{"start":{"line":54,"column":2},"end":{"line":58,"column":3}},"22":{"start":{"line":61,"column":23},"end":{"line":61,"column":52}},"23":{"start":{"line":61,"column":29},"end":{"line":61,"column":52}}},"fnMap":{"0":{"name":"(anonymous_0)","decl":{"start":{"line":18,"column":10},"end":{"line":18,"column":11}},"loc":{"start":{"line":18,"column":16},"end":{"line":18,"column":18}},"line":18},"1":{"name":"(anonymous_1)","decl":{"start":{"line":19,"column":15},"end":{"line":19,"column":16}},"loc":{"start":{"line":19,"column":27},"end":{"line":19,"column":29}},"line":19},"2":{"name":"AuthProvider","decl":{"start":{"line":22,"column":16},"end":{"line":22,"column":28}},"loc":{"start":{"line":22,"column":68},"end":{"line":59,"column":1}},"line":22},"3":{"name":"(anonymous_3)","decl":{"start":{"line":26,"column":22},"end":{"line":26,"column":23}},"loc":{"start":{"line":26,"column":34},"end":{"line":42,"column":3}},"line":26},"4":{"name":"(anonymous_4)","decl":{"start":{"line":44,"column":12},"end":{"line":44,"column":13}},"loc":{"start":{"line":44,"column":18},"end":{"line":46,"column":3}},"line":44},"5":{"name":"(anonymous_5)","decl":{"start":{"line":48,"column":17},"end":{"line":48,"column":18}},"loc":{"start":{"line":48,"column":23},"end":{"line":52,"column":3}},"line":48},"6":{"name":"(anonymous_6)","decl":{"start":{"line":61,"column":23},"end":{"line":61,"column":24}},"loc":{"start":{"line":61,"column":29},"end":{"line":61,"column":52}},"line":61}},"branchMap":{"0":{"loc":{"start":{"line":29,"column":6},"end":{"line":33,"column":7}},"type":"if","locations":[{"start":{"line":29,"column":6},"end":{"line":33,"column":7}},{"start":{},"end":{}}],"line":29}},"s":{"0":2,"1":0,"2":0,"3":0,"4":0,"5":0,"6":0,"7":0,"8":0,"9":0,"10":0,"11":0,"12":0,"13":0,"14":0,"15":0,"16":0,"17":0,"18":0,"19":0,"20":0,"21":0,"22":2,"23":0},"f":{"0":0,"1":0,"2":0,"3":0,"4":0,"5":0,"6":0},"b":{"0":[0,0]},"_coverageSchema":"1a1c01bbd47fc00a2c39e90264f33305004495a9","hash":"9cd1acb1328bc736c200c70055950dc8f3875100"}
,"D:\\LearnX\\LearnX\\frontend\\lib\\mock-data.ts": {"path":"D:\\LearnX\\LearnX\\frontend\\lib\\mock-data.ts","statementMap":{"0":{"start":{"line":78,"column":104},"end":{"line":83,"column":1}},"1":{"start":{"line":86,"column":33},"end":{"line":94,"column":1}},"2":{"start":{"line":97,"column":37},"end":{"line":250,"column":1}},"3":{"start":{"line":253,"column":41},"end":{"line":292,"column":1}},"4":{"start":{"line":295,"column":35},"end":{"line":336,"column":1}},"5":{"start":{"line":339,"column":39},"end":{"line":395,"column":1}},"6":{"start":{"line":398,"column":45},"end":{"line":423,"column":1}},"7":{"start":{"line":426,"column":33},"end":{"line":457,"column":1}},"8":{"start":{"line":460,"column":35},"end":{"line":467,"column":1}},"9":{"start":{"line":470,"column":33},"end":{"line":475,"column":1}},"10":{"start":{"line":479,"column":40},"end":{"line":484,"column":3}},"11":{"start":{"line":485,"column":2},"end":{"line":485,"column":22}},"12":{"start":{"line":489,"column":40},"end":{"line":494,"column":3}},"13":{"start":{"line":495,"column":2},"end":{"line":495,"column":22}},"14":{"start":{"line":499,"column":2},"end":{"line":499,"column":31}},"15":{"start":{"line":503,"column":15},"end":{"line":503,"column":32}},"16":{"start":{"line":504,"column":2},"end":{"line":508,"column":4}}},"fnMap":{"0":{"name":"getCategoryName","decl":{"start":{"line":478,"column":16},"end":{"line":478,"column":31}},"loc":{"start":{"line":478,"column":60},"end":{"line":486,"column":1}},"line":478},"1":{"name":"getCategoryColor","decl":{"start":{"line":488,"column":16},"end":{"line":488,"column":32}},"loc":{"start":{"line":488,"column":61},"end":{"line":496,"column":1}},"line":488},"2":{"name":"formatPrice","decl":{"start":{"line":498,"column":16},"end":{"line":498,"column":27}},"loc":{"start":{"line":498,"column":51},"end":{"line":500,"column":1}},"line":498},"3":{"name":"formatDate","decl":{"start":{"line":502,"column":16},"end":{"line":502,"column":26}},"loc":{"start":{"line":502,"column":52},"end":{"line":509,"column":1}},"line":502}},"branchMap":{},"s":{"0":1,"1":1,"2":1,"3":1,"4":1,"5":1,"6":1,"7":1,"8":1,"9":1,"10":0,"11":0,"12":0,"13":0,"14":20,"15":0,"16":0},"f":{"0":0,"1":0,"2":20,"3":0},"b":{},"_coverageSchema":"1a1c01bbd47fc00a2c39e90264f33305004495a9","hash":"e9525a5072b430b3a21925fe5640e12ad16562c5"}
,"D:\\LearnX\\LearnX\\frontend\\lib\\utils.ts": {"path":"D:\\LearnX\\LearnX\\frontend\\lib\\utils.ts","statementMap":{"0":{"start":{"line":5,"column":2},"end":{"line":5,"column":30}}},"fnMap":{"0":{"name":"cn","decl":{"start":{"line":4,"column":16},"end":{"line":4,"column":18}},"loc":{"start":{"line":4,"column":44},"end":{"line":6,"column":1}},"line":4}},"branchMap":{},"s":{"0":1794},"f":{"0":1794},"b":{},"_coverageSchema":"1a1c01bbd47fc00a2c39e90264f33305004495a9","hash":"3a701a71845e1c0745611133b4b22c7c5e004747"}
}
