TN:
SF:app\layout.tsx
FN:34,RootLayout
FNF:1
FNH:0
FNDA:0,RootLayout
DA:7,0
DA:12,0
DA:39,0
LF:3
LH:0
BRF:0
BRH:0
end_of_record
TN:
SF:app\page.tsx
FN:11,HomePage
FN:90,(anonymous_1)
FN:123,(anonymous_2)
FNF:3
FNH:0
FNDA:0,HomePage
FNDA:0,(anonymous_1)
FNDA:0,(anonymous_2)
DA:12,0
DA:14,0
DA:91,0
DA:124,0
LF:4
LH:0
BRF:0
BRH:0
end_of_record
TN:
SF:app\chat\page.tsx
FN:18,ChatPage
FN:31,(anonymous_1)
FN:35,(anonymous_2)
FN:39,(anonymous_3)
FN:49,(anonymous_4)
FN:61,(anonymous_5)
FN:78,(anonymous_6)
FN:90,(anonymous_7)
FN:96,(anonymous_8)
FN:130,(anonymous_9)
FN:168,(anonymous_10)
FN:191,(anonymous_11)
FN:194,(anonymous_12)
FNF:13
FNH:0
FNDA:0,ChatPage
FNDA:0,(anonymous_1)
FNDA:0,(anonymous_2)
FNDA:0,(anonymous_3)
FNDA:0,(anonymous_4)
FNDA:0,(anonymous_5)
FNDA:0,(anonymous_6)
FNDA:0,(anonymous_7)
FNDA:0,(anonymous_8)
FNDA:0,(anonymous_9)
FNDA:0,(anonymous_10)
FNDA:0,(anonymous_11)
FNDA:0,(anonymous_12)
DA:19,0
DA:27,0
DA:28,0
DA:29,0
DA:31,0
DA:32,0
DA:35,0
DA:36,0
DA:39,0
DA:40,0
DA:42,0
DA:49,0
DA:50,0
DA:51,0
DA:53,0
DA:54,0
DA:61,0
DA:70,0
DA:71,0
DA:72,0
DA:78,0
DA:80,0
DA:83,0
DA:84,0
DA:90,0
DA:92,0
DA:96,0
DA:97,0
DA:98,0
DA:99,0
DA:103,0
DA:131,0
DA:168,0
DA:192,0
DA:194,0
LF:35
LH:0
BRDA:40,0,0,0
BRDA:40,0,1,0
BRDA:40,1,0,0
BRDA:40,1,1,0
BRDA:70,2,0,0
BRDA:70,2,1,0
BRDA:97,3,0,0
BRDA:97,3,1,0
BRDA:97,4,0,0
BRDA:97,4,1,0
BRDA:133,5,0,0
BRDA:133,5,1,0
BRDA:136,6,0,0
BRDA:136,6,1,0
BRDA:140,7,0,0
BRDA:140,7,1,0
BRDA:147,8,0,0
BRDA:147,8,1,0
BRDA:153,9,0,0
BRDA:153,9,1,0
BRDA:175,10,0,0
BRDA:175,10,1,0
BRF:22
BRH:0
end_of_record
TN:
SF:app\dashboard\layout.tsx
FN:34,DashboardLayout
FN:43,(anonymous_1)
FN:71,(anonymous_2)
FN:81,(anonymous_3)
FNF:4
FNH:0
FNDA:0,DashboardLayout
FNDA:0,(anonymous_1)
FNDA:0,(anonymous_2)
FNDA:0,(anonymous_3)
DA:26,0
DA:39,0
DA:40,0
DA:41,0
DA:43,0
DA:44,0
DA:45,0
DA:49,0
DA:50,0
DA:57,0
DA:58,0
DA:61,0
DA:71,0
DA:82,0
DA:83,0
LF:15
LH:0
BRDA:44,0,0,0
BRDA:44,0,1,0
BRDA:44,1,0,0
BRDA:44,1,1,0
BRDA:49,2,0,0
BRDA:49,2,1,0
BRDA:57,3,0,0
BRDA:57,3,1,0
BRDA:71,4,0,0
BRDA:71,4,1,0
BRDA:89,5,0,0
BRDA:89,5,1,0
BRF:12
BRH:0
end_of_record
TN:
SF:app\dashboard\page.tsx
FN:32,DashboardPage
FN:42,(anonymous_1)
FN:43,fetchData
FN:65,(anonymous_3)
FN:74,(anonymous_4)
FN:121,(anonymous_5)
FN:150,(anonymous_6)
FN:186,(anonymous_7)
FNF:8
FNH:0
FNDA:0,DashboardPage
FNDA:0,(anonymous_1)
FNDA:0,fetchData
FNDA:0,(anonymous_3)
FNDA:0,(anonymous_4)
FNDA:0,(anonymous_5)
FNDA:0,(anonymous_6)
FNDA:0,(anonymous_7)
DA:33,0
DA:34,0
DA:35,0
DA:36,0
DA:37,0
DA:38,0
DA:39,0
DA:40,0
DA:42,0
DA:44,0
DA:45,0
DA:51,0
DA:52,0
DA:53,0
DA:54,0
DA:57,0
DA:59,0
DA:62,0
DA:65,0
DA:66,0
DA:67,0
DA:69,0
DA:70,0
DA:75,0
DA:86,0
DA:121,0
DA:151,0
DA:187,0
LF:28
LH:0
BRDA:51,0,0,0
BRDA:51,0,1,0
BRDA:51,1,0,0
BRDA:51,1,1,0
BRDA:53,2,0,0
BRDA:53,2,1,0
BRDA:57,3,0,0
BRDA:57,3,1,0
BRDA:69,4,0,0
BRDA:69,4,1,0
BRDA:148,5,0,0
BRDA:148,5,1,0
BRDA:184,6,0,0
BRDA:184,6,1,0
BRF:14
BRH:0
end_of_record
TN:
SF:app\dashboard\earnings\page.tsx
FN:55,EarningsPage
FN:62,(anonymous_1)
FN:63,fetchData
FN:78,(anonymous_3)
FN:80,(anonymous_4)
FN:83,(anonymous_5)
FN:90,(anonymous_6)
FN:97,(anonymous_7)
FN:151,(anonymous_8)
FN:158,(anonymous_9)
FN:164,(anonymous_10)
FN:173,(anonymous_11)
FN:193,(anonymous_12)
FN:263,(anonymous_13)
FN:265,(anonymous_14)
FN:294,(anonymous_15)
FN:319,(anonymous_16)
FNF:17
FNH:0
FNDA:0,EarningsPage
FNDA:0,(anonymous_1)
FNDA:0,fetchData
FNDA:0,(anonymous_3)
FNDA:0,(anonymous_4)
FNDA:0,(anonymous_5)
FNDA:0,(anonymous_6)
FNDA:0,(anonymous_7)
FNDA:0,(anonymous_8)
FNDA:0,(anonymous_9)
FNDA:0,(anonymous_10)
FNDA:0,(anonymous_11)
FNDA:0,(anonymous_12)
FNDA:0,(anonymous_13)
FNDA:0,(anonymous_14)
FNDA:0,(anonymous_15)
FNDA:0,(anonymous_16)
DA:49,0
DA:56,0
DA:57,0
DA:58,0
DA:59,0
DA:60,0
DA:62,0
DA:64,0
DA:65,0
DA:72,0
DA:75,0
DA:78,0
DA:79,0
DA:80,0
DA:81,0
DA:82,0
DA:83,0
DA:84,0
DA:85,0
DA:86,0
DA:90,0
DA:92,0
DA:93,0
DA:98,0
DA:107,0
DA:151,0
DA:159,0
DA:164,0
DA:173,0
DA:193,0
DA:263,0
DA:265,0
DA:295,0
DA:320,0
LF:34
LH:0
BRDA:92,0,0,0
BRDA:92,0,1,0
BRDA:123,1,0,0
BRDA:123,1,1,0
BRDA:198,2,0,0
BRDA:198,2,1,0
BRDA:198,2,2,0
BRDA:198,2,3,0
BRDA:201,3,0,0
BRDA:201,3,1,0
BRF:10
BRH:0
end_of_record
TN:
SF:app\dashboard\materials\page.tsx
FN:39,MyMaterialsPage
FN:44,(anonymous_1)
FN:45,fetchData
FN:57,(anonymous_3)
FN:58,(anonymous_4)
FN:62,(anonymous_5)
FN:65,(anonymous_6)
FN:90,(anonymous_7)
FN:96,(anonymous_8)
FN:133,(anonymous_9)
FN:141,(anonymous_10)
FN:163,(anonymous_11)
FN:194,(anonymous_12)
FN:205,(anonymous_13)
FNF:14
FNH:0
FNDA:0,MyMaterialsPage
FNDA:0,(anonymous_1)
FNDA:0,fetchData
FNDA:0,(anonymous_3)
FNDA:0,(anonymous_4)
FNDA:0,(anonymous_5)
FNDA:0,(anonymous_6)
FNDA:0,(anonymous_7)
FNDA:0,(anonymous_8)
FNDA:0,(anonymous_9)
FNDA:0,(anonymous_10)
FNDA:0,(anonymous_11)
FNDA:0,(anonymous_12)
FNDA:0,(anonymous_13)
DA:40,0
DA:41,0
DA:42,0
DA:44,0
DA:46,0
DA:47,0
DA:51,0
DA:54,0
DA:57,0
DA:58,0
DA:59,0
DA:62,0
DA:64,0
DA:66,0
DA:71,0
DA:91,0
DA:97,0
DA:133,0
DA:141,0
DA:164,0
DA:194,0
DA:205,0
LF:22
LH:0
BRDA:66,0,0,0
BRDA:66,0,1,0
BRDA:66,1,0,0
BRDA:66,1,1,0
BRDA:88,2,0,0
BRDA:88,2,1,0
BRDA:94,3,0,0
BRDA:94,3,1,0
BRDA:205,4,0,0
BRDA:205,4,1,0
BRF:10
BRH:0
end_of_record
TN:
SF:app\dashboard\orders\page.tsx
FN:27,OrdersPage
FN:31,(anonymous_1)
FN:32,fetchData
FN:49,(anonymous_3)
FN:79,(anonymous_4)
FN:128,(anonymous_5)
FNF:6
FNH:0
FNDA:0,OrdersPage
FNDA:0,(anonymous_1)
FNDA:0,fetchData
FNDA:0,(anonymous_3)
FNDA:0,(anonymous_4)
FNDA:0,(anonymous_5)
DA:21,0
DA:28,0
DA:29,0
DA:31,0
DA:33,0
DA:34,0
DA:38,0
DA:41,0
DA:44,0
DA:45,0
DA:50,0
DA:56,0
DA:80,0
DA:129,0
LF:14
LH:0
BRDA:44,0,0,0
BRDA:44,0,1,0
BRDA:97,1,0,0
BRDA:97,1,1,0
BRDA:111,2,0,0
BRDA:111,2,1,0
BRDA:145,3,0,0
BRDA:145,3,1,0
BRDA:162,4,0,0
BRDA:162,4,1,0
BRDA:175,5,0,0
BRDA:175,5,1,0
BRF:12
BRH:0
end_of_record
TN:
SF:app\dashboard\settings\page.tsx
FN:17,SettingsPage
FN:29,(anonymous_1)
FN:30,fetchData
FN:60,(anonymous_3)
FN:62,(anonymous_4)
FN:65,(anonymous_5)
FN:118,(anonymous_6)
FN:132,(anonymous_7)
FN:146,(anonymous_8)
FN:218,(anonymous_9)
FN:234,(anonymous_10)
FN:250,(anonymous_11)
FN:266,(anonymous_12)
FNF:13
FNH:0
FNDA:0,SettingsPage
FNDA:0,(anonymous_1)
FNDA:0,fetchData
FNDA:0,(anonymous_3)
FNDA:0,(anonymous_4)
FNDA:0,(anonymous_5)
FNDA:0,(anonymous_6)
FNDA:0,(anonymous_7)
FNDA:0,(anonymous_8)
FNDA:0,(anonymous_9)
FNDA:0,(anonymous_10)
FNDA:0,(anonymous_11)
FNDA:0,(anonymous_12)
DA:18,0
DA:19,0
DA:20,0
DA:21,0
DA:23,0
DA:29,0
DA:31,0
DA:32,0
DA:33,0
DA:39,0
DA:40,0
DA:47,0
DA:50,0
DA:53,0
DA:60,0
DA:61,0
DA:62,0
DA:63,0
DA:64,0
DA:65,0
DA:68,0
DA:118,0
DA:132,0
DA:146,0
DA:218,0
DA:234,0
DA:250,0
DA:266,0
LF:28
LH:0
BRDA:39,0,0,0
BRDA:39,0,1,0
BRDA:76,1,0,0
BRDA:76,1,1,0
BRDA:95,2,0,0
BRDA:95,2,1,0
BRDA:274,3,0,0
BRDA:274,3,1,0
BRDA:285,4,0,0
BRDA:285,4,1,0
BRF:10
BRH:0
end_of_record
TN:
SF:app\login\page.tsx
FN:17,LoginPage
FN:28,(anonymous_1)
FN:75,(anonymous_2)
FN:91,(anonymous_3)
FN:100,(anonymous_4)
FN:116,(anonymous_5)
FNF:6
FNH:6
FNDA:22,LoginPage
FNDA:3,(anonymous_1)
FNDA:3,(anonymous_2)
FNDA:3,(anonymous_3)
FNDA:2,(anonymous_4)
FNDA:1,(anonymous_5)
DA:18,22
DA:19,22
DA:20,22
DA:21,22
DA:22,22
DA:28,22
DA:29,3
DA:30,3
DA:31,3
DA:32,3
DA:36,1
DA:37,1
DA:38,1
DA:39,1
DA:41,1
DA:43,2
DA:47,22
DA:75,3
DA:91,3
DA:100,2
DA:116,1
LF:21
LH:21
BRDA:41,0,0,1
BRDA:41,0,1,0
BRDA:88,1,0,1
BRDA:88,1,1,21
BRDA:102,2,0,1
BRDA:102,2,1,21
BRDA:132,3,0,3
BRDA:132,3,1,19
BRF:8
BRH:7
end_of_record
TN:
SF:app\materials\page.tsx
FN:31,MaterialsContent
FN:42,(anonymous_1)
FN:43,fetchData
FN:58,(anonymous_3)
FN:63,(anonymous_4)
FN:70,(anonymous_5)
FN:73,(anonymous_6)
FN:78,(anonymous_7)
FN:83,(anonymous_8)
FN:86,(anonymous_9)
FN:89,(anonymous_10)
FN:92,(anonymous_11)
FN:99,(anonymous_12)
FN:112,(anonymous_13)
FN:116,(anonymous_14)
FN:125,(anonymous_15)
FN:176,(anonymous_16)
FN:226,(anonymous_17)
FN:249,(anonymous_18)
FN:253,(anonymous_19)
FN:262,(anonymous_20)
FN:272,(anonymous_21)
FN:278,(anonymous_22)
FN:301,MaterialsPage
FNF:24
FNH:0
FNDA:0,MaterialsContent
FNDA:0,(anonymous_1)
FNDA:0,fetchData
FNDA:0,(anonymous_3)
FNDA:0,(anonymous_4)
FNDA:0,(anonymous_5)
FNDA:0,(anonymous_6)
FNDA:0,(anonymous_7)
FNDA:0,(anonymous_8)
FNDA:0,(anonymous_9)
FNDA:0,(anonymous_10)
FNDA:0,(anonymous_11)
FNDA:0,(anonymous_12)
FNDA:0,(anonymous_13)
FNDA:0,(anonymous_14)
FNDA:0,(anonymous_15)
FNDA:0,(anonymous_16)
FNDA:0,(anonymous_17)
FNDA:0,(anonymous_18)
FNDA:0,(anonymous_19)
FNDA:0,(anonymous_20)
FNDA:0,(anonymous_21)
FNDA:0,(anonymous_22)
FNDA:0,MaterialsPage
DA:32,0
DA:33,0
DA:35,0
DA:36,0
DA:37,0
DA:38,0
DA:39,0
DA:40,0
DA:42,0
DA:44,0
DA:45,0
DA:46,0
DA:52,0
DA:55,0
DA:58,0
DA:59,0
DA:62,0
DA:63,0
DA:67,0
DA:68,0
DA:69,0
DA:71,0
DA:73,0
DA:78,0
DA:81,0
DA:83,0
DA:84,0
DA:86,0
DA:87,0
DA:89,0
DA:90,0
DA:92,0
DA:93,0
DA:96,0
DA:99,0
DA:100,0
DA:112,0
DA:117,0
DA:125,0
DA:151,0
DA:176,0
DA:226,0
DA:249,0
DA:254,0
DA:262,0
DA:273,0
DA:279,0
DA:302,0
LF:48
LH:0
BRDA:36,0,0,0
BRDA:36,0,1,0
BRDA:46,1,0,0
BRDA:46,1,1,0
BRDA:62,2,0,0
BRDA:62,2,1,0
BRDA:67,3,0,0
BRDA:67,3,1,0
BRDA:71,4,0,0
BRDA:71,4,1,0
BRDA:71,4,2,0
BRDA:78,5,0,0
BRDA:78,5,1,0
BRDA:81,6,0,0
BRDA:81,6,1,0
BRDA:81,6,2,0
BRDA:81,6,3,0
BRDA:106,7,0,0
BRDA:106,7,1,0
BRDA:108,8,0,0
BRDA:108,8,1,0
BRDA:119,9,0,0
BRDA:119,9,1,0
BRDA:121,10,0,0
BRDA:121,10,1,0
BRDA:243,11,0,0
BRDA:243,11,1,0
BRDA:245,12,0,0
BRDA:245,12,1,0
BRDA:256,13,0,0
BRDA:256,13,1,0
BRDA:258,14,0,0
BRDA:258,14,1,0
BRDA:270,15,0,0
BRDA:270,15,1,0
BRDA:276,16,0,0
BRDA:276,16,1,0
BRF:37
BRH:0
end_of_record
TN:
SF:app\materials\[id]\page.tsx
FN:38,MaterialDetailPage
FN:45,(anonymous_1)
FN:64,(anonymous_2)
FN:66,(anonymous_3)
FN:69,(anonymous_4)
FN:123,(anonymous_5)
FN:131,(anonymous_6)
FN:217,(anonymous_7)
FN:234,(anonymous_8)
FN:250,(anonymous_9)
FN:265,(anonymous_10)
FN:325,(anonymous_11)
FN:371,(anonymous_12)
FN:385,(anonymous_13)
FNF:14
FNH:0
FNDA:0,MaterialDetailPage
FNDA:0,(anonymous_1)
FNDA:0,(anonymous_2)
FNDA:0,(anonymous_3)
FNDA:0,(anonymous_4)
FNDA:0,(anonymous_5)
FNDA:0,(anonymous_6)
FNDA:0,(anonymous_7)
FNDA:0,(anonymous_8)
FNDA:0,(anonymous_9)
FNDA:0,(anonymous_10)
FNDA:0,(anonymous_11)
FNDA:0,(anonymous_12)
FNDA:0,(anonymous_13)
DA:39,0
DA:40,0
DA:41,0
DA:42,0
DA:43,0
DA:45,0
DA:47,0
DA:48,0
DA:64,0
DA:65,0
DA:66,0
DA:69,0
DA:70,0
DA:73,0
DA:123,0
DA:132,0
DA:218,0
DA:234,0
DA:251,0
DA:266,0
DA:325,0
DA:371,0
DA:386,0
LF:23
LH:0
BRDA:47,0,0,0
BRDA:47,0,1,0
BRDA:66,1,0,0
BRDA:66,1,1,0
BRDA:122,2,0,0
BRDA:122,2,1,0
BRDA:125,3,0,0
BRDA:125,3,1,0
BRDA:248,4,0,0
BRDA:248,4,1,0
BRDA:269,5,0,0
BRDA:269,5,1,0
BRDA:309,6,0,0
BRDA:309,6,1,0
BRDA:381,7,0,0
BRDA:381,7,1,0
BRF:16
BRH:0
end_of_record
TN:
SF:app\register\page.tsx
FN:17,RegisterPage
FN:30,(anonymous_1)
FN:58,(anonymous_2)
FN:142,(anonymous_3)
FN:158,(anonymous_4)
FN:174,(anonymous_5)
FN:184,(anonymous_6)
FN:196,(anonymous_7)
FN:219,(anonymous_8)
FN:233,(anonymous_9)
FNF:10
FNH:9
FNDA:41,RegisterPage
FNDA:3,(anonymous_1)
FNDA:41,(anonymous_2)
FNDA:5,(anonymous_3)
FNDA:5,(anonymous_4)
FNDA:7,(anonymous_5)
FNDA:0,(anonymous_6)
FNDA:66,(anonymous_7)
FNDA:6,(anonymous_8)
FNDA:4,(anonymous_9)
DA:18,41
DA:19,41
DA:20,41
DA:21,41
DA:22,41
DA:30,41
DA:31,3
DA:32,3
DA:33,0
DA:34,0
DA:36,3
DA:37,0
DA:38,0
DA:40,3
DA:41,3
DA:42,3
DA:47,1
DA:48,1
DA:49,1
DA:50,1
DA:52,1
DA:54,2
DA:58,41
DA:59,41
DA:60,41
DA:61,22
DA:62,22
DA:63,5
DA:65,17
DA:68,41
DA:70,41
DA:142,5
DA:158,5
DA:174,7
DA:184,0
DA:197,66
DA:219,6
DA:233,4
LF:38
LH:33
BRDA:32,0,0,0
BRDA:32,0,1,3
BRDA:36,1,0,0
BRDA:36,1,1,3
BRDA:52,2,0,1
BRDA:52,2,1,0
BRDA:60,3,0,19
BRDA:60,3,1,22
BRDA:61,4,0,0
BRDA:61,4,1,22
BRDA:62,5,0,5
BRDA:62,5,1,17
BRDA:62,6,0,22
BRDA:62,6,1,22
BRDA:62,6,2,17
BRDA:171,7,0,0
BRDA:171,7,1,41
BRDA:186,8,0,0
BRDA:186,8,1,41
BRDA:193,9,0,41
BRDA:193,9,1,22
BRDA:200,10,0,61
BRDA:200,10,1,5
BRDA:224,11,0,41
BRDA:224,11,1,15
BRDA:224,11,2,1
BRDA:251,12,0,41
BRDA:251,12,1,38
BRDA:253,13,0,3
BRDA:253,13,1,38
BRDA:263,14,0,41
BRDA:263,14,1,32
BRF:32
BRH:26
end_of_record
TN:
SF:app\upload\page.tsx
FN:34,UploadPage
FN:49,(anonymous_1)
FN:62,(anonymous_2)
FN:68,(anonymous_3)
FN:74,(anonymous_4)
FN:101,(anonymous_5)
FN:104,(anonymous_6)
FN:169,(anonymous_7)
FN:240,(anonymous_8)
FN:274,(anonymous_9)
FN:285,(anonymous_10)
FN:288,(anonymous_11)
FN:315,(anonymous_12)
FN:343,(anonymous_13)
FN:352,(anonymous_14)
FN:359,(anonymous_15)
FN:424,(anonymous_16)
FN:430,(anonymous_17)
FNF:18
FNH:11
FNDA:47,UploadPage
FNDA:46,(anonymous_1)
FNDA:12,(anonymous_2)
FNDA:0,(anonymous_3)
FNDA:2,(anonymous_4)
FNDA:0,(anonymous_5)
FNDA:0,(anonymous_6)
FNDA:188,(anonymous_7)
FNDA:7,(anonymous_8)
FNDA:4,(anonymous_9)
FNDA:0,(anonymous_10)
FNDA:92,(anonymous_11)
FNDA:0,(anonymous_12)
FNDA:3,(anonymous_13)
FNDA:30,(anonymous_14)
FNDA:0,(anonymous_15)
FNDA:1,(anonymous_16)
FNDA:0,(anonymous_17)
DA:27,1
DA:35,47
DA:36,47
DA:37,47
DA:38,47
DA:41,47
DA:42,47
DA:43,47
DA:44,47
DA:45,47
DA:46,47
DA:47,47
DA:49,47
DA:50,46
DA:52,17
DA:54,23
DA:56,6
DA:58,0
DA:62,47
DA:63,12
DA:64,12
DA:68,47
DA:69,0
DA:70,0
DA:74,47
DA:75,2
DA:77,2
DA:78,2
DA:79,2
DA:90,1
DA:91,1
DA:92,1
DA:95,1
DA:97,2
DA:101,47
DA:102,0
DA:104,0
DA:105,0
DA:106,0
DA:109,47
DA:110,47
DA:111,47
DA:113,47
DA:114,0
DA:143,47
DA:170,188
DA:240,7
DA:274,4
DA:285,0
DA:289,92
DA:315,0
DA:343,3
DA:353,30
DA:359,0
DA:424,1
DA:431,0
LF:56
LH:44
BRDA:50,0,0,17
BRDA:50,0,1,23
BRDA:50,0,2,6
BRDA:50,0,3,0
BRDA:54,1,0,23
BRDA:54,1,1,15
BRDA:56,2,0,6
BRDA:56,2,1,5
BRDA:63,3,0,12
BRDA:63,3,1,0
BRDA:69,4,0,0
BRDA:69,4,1,0
BRDA:75,5,0,0
BRDA:75,5,1,2
BRDA:75,6,0,2
BRDA:75,6,1,2
BRDA:90,7,0,1
BRDA:90,7,1,0
BRDA:109,8,0,47
BRDA:109,8,1,0
BRDA:113,9,0,0
BRDA:113,9,1,47
BRDA:173,10,0,47
BRDA:173,10,1,141
BRDA:175,11,0,38
BRDA:175,11,1,103
BRDA:180,12,0,38
BRDA:180,12,1,150
BRDA:187,13,0,188
BRDA:187,13,1,141
BRDA:203,14,0,47
BRDA:203,14,1,17
BRDA:226,15,0,47
BRDA:226,15,1,23
BRDA:254,16,0,23
BRDA:254,16,1,15
BRDA:257,17,0,2
BRDA:257,17,1,21
BRDA:324,18,0,47
BRDA:324,18,1,6
BRDA:356,19,0,3
BRDA:356,19,1,27
BRDA:358,20,0,3
BRDA:358,20,1,27
BRDA:394,21,0,47
BRDA:394,21,1,1
BRDA:410,22,0,1
BRDA:410,22,1,1
BRDA:470,23,0,46
BRDA:470,23,1,1
BRDA:487,24,0,0
BRDA:487,24,1,1
BRF:52
BRH:43
end_of_record
TN:
SF:components\category-card.tsx
FN:22,CategoryCard
FNF:1
FNH:0
FNDA:0,CategoryCard
DA:15,0
DA:23,0
DA:25,0
LF:3
LH:0
BRDA:23,0,0,0
BRDA:23,0,1,0
BRF:2
BRH:0
end_of_record
TN:
SF:components\file-upload.tsx
FN:13,FileUpload
FN:18,(anonymous_1)
FN:22,(anonymous_2)
FN:38,(anonymous_3)
FN:46,(anonymous_4)
FN:58,(anonymous_5)
FN:63,(anonymous_6)
FN:68,(anonymous_7)
FN:75,(anonymous_8)
FN:81,(anonymous_9)
FNF:10
FNH:0
FNDA:0,FileUpload
FNDA:0,(anonymous_1)
FNDA:0,(anonymous_2)
FNDA:0,(anonymous_3)
FNDA:0,(anonymous_4)
FNDA:0,(anonymous_5)
FNDA:0,(anonymous_6)
FNDA:0,(anonymous_7)
FNDA:0,(anonymous_8)
FNDA:0,(anonymous_9)
DA:14,0
DA:15,0
DA:16,0
DA:18,0
DA:19,0
DA:22,0
DA:23,0
DA:24,0
DA:25,0
DA:26,0
DA:30,0
DA:31,0
DA:32,0
DA:35,0
DA:38,0
DA:39,0
DA:40,0
DA:41,0
DA:45,0
DA:47,0
DA:48,0
DA:50,0
DA:51,0
DA:52,0
DA:58,0
DA:59,0
DA:60,0
DA:63,0
DA:64,0
DA:65,0
DA:68,0
DA:69,0
DA:70,0
DA:71,0
DA:75,0
DA:76,0
DA:77,0
DA:78,0
DA:81,0
DA:82,0
DA:83,0
DA:84,0
DA:87,0
DA:88,0
DA:109,0
LF:45
LH:0
BRDA:13,0,0,0
BRDA:13,1,0,0
BRDA:24,2,0,0
BRDA:24,2,1,0
BRDA:30,3,0,0
BRDA:30,3,1,0
BRDA:39,4,0,0
BRDA:39,4,1,0
BRDA:51,5,0,0
BRDA:51,5,1,0
BRDA:70,6,0,0
BRDA:70,6,1,0
BRDA:82,7,0,0
BRDA:82,7,1,0
BRDA:83,8,0,0
BRDA:83,8,1,0
BRDA:87,9,0,0
BRDA:87,9,1,0
BRDA:113,10,0,0
BRDA:113,10,1,0
BRDA:115,11,0,0
BRDA:115,11,1,0
BRDA:135,12,0,0
BRDA:135,12,1,0
BRDA:146,13,0,0
BRDA:146,13,1,0
BRF:26
BRH:0
end_of_record
TN:
SF:components\material-card.tsx
FN:13,MaterialCard
FN:50,(anonymous_1)
FNF:2
FNH:0
FNDA:0,MaterialCard
FNDA:0,(anonymous_1)
DA:14,0
DA:51,0
LF:2
LH:0
BRDA:59,0,0,0
BRDA:59,0,1,0
BRF:2
BRH:0
end_of_record
TN:
SF:components\purchase-dialog.tsx
FN:25,PurchaseDialog
FN:30,(anonymous_1)
FN:33,(anonymous_2)
FN:37,(anonymous_3)
FN:114,(anonymous_4)
FNF:5
FNH:0
FNDA:0,PurchaseDialog
FNDA:0,(anonymous_1)
FNDA:0,(anonymous_2)
FNDA:0,(anonymous_3)
FNDA:0,(anonymous_4)
DA:26,0
DA:27,0
DA:28,0
DA:30,0
DA:31,0
DA:33,0
DA:34,0
DA:35,0
DA:37,0
DA:38,0
DA:39,0
DA:40,0
DA:44,0
DA:45,0
DA:62,0
DA:114,0
LF:16
LH:0
BRDA:44,0,0,0
BRDA:44,0,1,0
BRDA:122,1,0,0
BRDA:122,1,1,0
BRF:4
BRH:0
end_of_record
TN:
SF:components\stats-card.tsx
FN:17,StatsCard
FNF:1
FNH:0
FNDA:0,StatsCard
DA:25,0
LF:1
LH:0
BRDA:23,0,0,0
BRDA:32,1,0,0
BRDA:32,1,1,0
BRDA:35,2,0,0
BRDA:35,2,1,0
BRDA:38,3,0,0
BRDA:38,3,1,0
BRDA:40,4,0,0
BRDA:40,4,1,0
BRF:9
BRH:0
end_of_record
TN:
SF:components\theme-provider.tsx
FN:9,ThemeProvider
FNF:1
FNH:0
FNDA:0,ThemeProvider
DA:10,0
LF:1
LH:0
BRF:0
BRH:0
end_of_record
TN:
SF:components\layout\dashboard-sidebar.tsx
FN:27,DashboardSidebar
FN:56,(anonymous_1)
FNF:2
FNH:0
FNDA:0,DashboardSidebar
FNDA:0,(anonymous_1)
DA:19,0
DA:28,0
DA:30,0
DA:57,0
DA:58,0
LF:5
LH:0
BRDA:64,0,0,0
BRDA:64,0,1,0
BRDA:71,1,0,0
BRDA:71,1,1,0
BRF:4
BRH:0
end_of_record
TN:
SF:components\layout\footer.tsx
FN:4,Footer
FNF:1
FNH:0
FNDA:0,Footer
DA:5,0
LF:1
LH:0
BRF:0
BRH:0
end_of_record
TN:
SF:components\layout\header.tsx
FN:18,Header
FN:117,(anonymous_1)
FN:140,(anonymous_2)
FN:160,(anonymous_3)
FN:163,(anonymous_4)
FN:166,(anonymous_5)
FNF:6
FNH:0
FNDA:0,Header
FNDA:0,(anonymous_1)
FNDA:0,(anonymous_2)
FNDA:0,(anonymous_3)
FNDA:0,(anonymous_4)
FNDA:0,(anonymous_5)
DA:19,0
DA:20,0
DA:22,0
DA:117,0
DA:140,0
DA:160,0
DA:163,0
DA:166,0
LF:8
LH:0
BRDA:62,0,0,0
BRDA:62,0,1,0
BRDA:62,1,0,0
BRDA:62,1,1,0
BRDA:68,2,0,0
BRDA:68,2,1,0
BRDA:76,3,0,0
BRDA:76,3,1,0
BRDA:142,4,0,0
BRDA:142,4,1,0
BRDA:148,5,0,0
BRDA:148,5,1,0
BRDA:170,6,0,0
BRDA:170,6,1,0
BRF:14
BRH:0
end_of_record
TN:
SF:components\ui\accordion.tsx
FN:9,Accordion
FN:15,AccordionItem
FN:28,AccordionTrigger
FN:50,AccordionContent
FNF:4
FNH:0
FNDA:0,Accordion
FNDA:0,AccordionItem
FNDA:0,AccordionTrigger
FNDA:0,AccordionContent
DA:12,0
DA:19,0
DA:33,0
DA:55,0
LF:4
LH:0
BRF:0
BRH:0
end_of_record
TN:
SF:components\ui\alert-dialog.tsx
FN:9,AlertDialog
FN:15,AlertDialogTrigger
FN:23,AlertDialogPortal
FN:31,AlertDialogOverlay
FN:47,AlertDialogContent
FN:66,AlertDialogHeader
FN:79,AlertDialogFooter
FN:95,AlertDialogTitle
FN:108,AlertDialogDescription
FN:121,AlertDialogAction
FN:133,AlertDialogCancel
FNF:11
FNH:0
FNDA:0,AlertDialog
FNDA:0,AlertDialogTrigger
FNDA:0,AlertDialogPortal
FNDA:0,AlertDialogOverlay
FNDA:0,AlertDialogContent
FNDA:0,AlertDialogHeader
FNDA:0,AlertDialogFooter
FNDA:0,AlertDialogTitle
FNDA:0,AlertDialogDescription
FNDA:0,AlertDialogAction
FNDA:0,AlertDialogCancel
DA:12,0
DA:18,0
DA:26,0
DA:35,0
DA:51,0
DA:70,0
DA:83,0
DA:99,0
DA:112,0
DA:125,0
DA:137,0
LF:11
LH:0
BRF:0
BRH:0
end_of_record
TN:
SF:components\ui\alert.tsx
FN:22,Alert
FN:37,AlertTitle
FN:50,AlertDescription
FNF:3
FNH:0
FNDA:0,Alert
FNDA:0,AlertTitle
FNDA:0,AlertDescription
DA:6,0
DA:27,0
DA:38,0
DA:54,0
LF:4
LH:0
BRF:0
BRH:0
end_of_record
TN:
SF:components\ui\aspect-ratio.tsx
FN:5,AspectRatio
FNF:1
FNH:0
FNDA:0,AspectRatio
DA:8,0
LF:1
LH:0
BRF:0
BRH:0
end_of_record
TN:
SF:components\ui\avatar.tsx
FN:8,Avatar
FN:24,AvatarImage
FN:37,AvatarFallback
FNF:3
FNH:0
FNDA:0,Avatar
FNDA:0,AvatarImage
FNDA:0,AvatarFallback
DA:12,0
DA:28,0
DA:41,0
LF:3
LH:0
BRF:0
BRH:0
end_of_record
TN:
SF:components\ui\badge.tsx
FN:28,Badge
FNF:1
FNH:1
FNDA:1,Badge
DA:7,1
DA:35,1
DA:37,1
LF:3
LH:3
BRDA:31,0,0,1
BRDA:35,1,0,0
BRDA:35,1,1,1
BRF:3
BRH:2
end_of_record
TN:
SF:components\ui\breadcrumb.tsx
FN:7,Breadcrumb
FN:11,BreadcrumbList
FN:24,BreadcrumbItem
FN:34,BreadcrumbLink
FN:52,BreadcrumbPage
FN:65,BreadcrumbSeparator
FN:83,BreadcrumbEllipsis
FNF:7
FNH:0
FNDA:0,Breadcrumb
FNDA:0,BreadcrumbList
FNDA:0,BreadcrumbItem
FNDA:0,BreadcrumbLink
FNDA:0,BreadcrumbPage
FNDA:0,BreadcrumbSeparator
FNDA:0,BreadcrumbEllipsis
DA:8,0
DA:12,0
DA:25,0
DA:41,0
DA:43,0
DA:53,0
DA:70,0
DA:87,0
LF:8
LH:0
BRDA:41,0,0,0
BRDA:41,0,1,0
BRDA:78,1,0,0
BRDA:78,1,1,0
BRF:4
BRH:0
end_of_record
TN:
SF:components\ui\button-group.tsx
FN:24,ButtonGroup
FN:40,ButtonGroupText
FN:60,ButtonGroupSeparator
FNF:3
FNH:0
FNDA:0,ButtonGroup
FNDA:0,ButtonGroupText
FNDA:0,ButtonGroupSeparator
DA:7,0
DA:29,0
DA:47,0
DA:49,0
DA:65,0
LF:5
LH:0
BRDA:42,0,0,0
BRDA:47,1,0,0
BRDA:47,1,1,0
BRDA:62,2,0,0
BRF:4
BRH:0
end_of_record
TN:
SF:components\ui\button.tsx
FN:39,Button
FNF:1
FNH:1
FNDA:399,Button
DA:7,3
DA:49,399
DA:51,399
LF:3
LH:3
BRDA:43,0,0,399
BRDA:49,1,0,0
BRDA:49,1,1,399
BRF:3
BRH:2
end_of_record
TN:
SF:components\ui\calendar.tsx
FN:14,Calendar
FN:39,(anonymous_1)
FN:128,(anonymous_2)
FN:138,(anonymous_3)
FN:159,(anonymous_4)
FN:175,CalendarDayButton
FN:184,(anonymous_6)
FNF:7
FNH:0
FNDA:0,Calendar
FNDA:0,(anonymous_1)
FNDA:0,(anonymous_2)
FNDA:0,(anonymous_3)
FNDA:0,(anonymous_4)
FNDA:0,CalendarDayButton
FNDA:0,(anonymous_6)
DA:26,0
DA:28,0
DA:40,0
DA:129,0
DA:139,0
DA:140,0
DA:145,0
DA:146,0
DA:154,0
DA:160,0
DA:181,0
DA:183,0
DA:184,0
DA:185,0
DA:188,0
LF:15
LH:0
BRDA:17,0,0,0
BRDA:18,1,0,0
BRDA:19,2,0,0
BRDA:82,3,0,0
BRDA:82,3,1,0
BRDA:139,4,0,0
BRDA:139,4,1,0
BRDA:145,5,0,0
BRDA:145,5,1,0
BRDA:185,6,0,0
BRDA:185,6,1,0
BRDA:195,7,0,0
BRDA:195,7,1,0
BRDA:195,7,2,0
BRDA:195,7,3,0
BRF:15
BRH:0
end_of_record
TN:
SF:components\ui\card.tsx
FN:5,Card
FN:18,CardHeader
FN:31,CardTitle
FN:41,CardDescription
FN:51,CardAction
FN:64,CardContent
FN:74,CardFooter
FNF:7
FNH:5
FNDA:110,Card
FNDA:63,CardHeader
FNDA:63,CardTitle
FNDA:63,CardDescription
FNDA:0,CardAction
FNDA:110,CardContent
FNDA:0,CardFooter
DA:6,110
DA:19,63
DA:32,63
DA:42,63
DA:52,0
DA:65,110
DA:75,0
LF:7
LH:5
BRF:0
BRH:0
end_of_record
TN:
SF:components\ui\carousel.tsx
FN:35,useCarousel
FN:45,Carousel
FN:64,(anonymous_2)
FN:70,(anonymous_3)
FN:74,(anonymous_4)
FN:79,(anonymous_5)
FN:91,(anonymous_6)
FN:96,(anonymous_7)
FN:102,(anonymous_8)
FN:135,CarouselContent
FN:156,CarouselItem
FN:174,CarouselPrevious
FN:204,CarouselNext
FNF:13
FNH:0
FNDA:0,useCarousel
FNDA:0,Carousel
FNDA:0,(anonymous_2)
FNDA:0,(anonymous_3)
FNDA:0,(anonymous_4)
FNDA:0,(anonymous_5)
FNDA:0,(anonymous_6)
FNDA:0,(anonymous_7)
FNDA:0,(anonymous_8)
FNDA:0,CarouselContent
FNDA:0,CarouselItem
FNDA:0,CarouselPrevious
FNDA:0,CarouselNext
DA:33,0
DA:36,0
DA:38,0
DA:39,0
DA:42,0
DA:54,0
DA:61,0
DA:62,0
DA:64,0
DA:65,0
DA:66,0
DA:67,0
DA:70,0
DA:71,0
DA:74,0
DA:75,0
DA:78,0
DA:80,0
DA:81,0
DA:82,0
DA:83,0
DA:84,0
DA:85,0
DA:91,0
DA:92,0
DA:93,0
DA:96,0
DA:97,0
DA:98,0
DA:99,0
DA:100,0
DA:102,0
DA:103,0
DA:107,0
DA:136,0
DA:138,0
DA:157,0
DA:159,0
DA:180,0
DA:182,0
DA:210,0
DA:212,0
LF:42
LH:0
BRDA:38,0,0,0
BRDA:38,0,1,0
BRDA:46,1,0,0
BRDA:57,2,0,0
BRDA:57,2,1,0
BRDA:65,3,0,0
BRDA:65,3,1,0
BRDA:80,4,0,0
BRDA:80,4,1,0
BRDA:83,5,0,0
BRDA:83,5,1,0
BRDA:92,6,0,0
BRDA:92,6,1,0
BRDA:92,7,0,0
BRDA:92,7,1,0
BRDA:97,8,0,0
BRDA:97,8,1,0
BRDA:114,9,0,0
BRDA:114,9,1,0
BRDA:114,10,0,0
BRDA:114,10,1,0
BRDA:147,11,0,0
BRDA:147,11,1,0
BRDA:166,12,0,0
BRDA:166,12,1,0
BRDA:176,13,0,0
BRDA:177,14,0,0
BRDA:189,15,0,0
BRDA:189,15,1,0
BRDA:206,16,0,0
BRDA:207,17,0,0
BRDA:219,18,0,0
BRDA:219,18,1,0
BRF:33
BRH:0
end_of_record
TN:
SF:components\ui\chart.tsx
FN:27,useChart
FN:37,ChartContainer
FN:72,(anonymous_2)
FN:74,(anonymous_3)
FN:86,(anonymous_4)
FN:89,(anonymous_5)
FN:107,ChartTooltipContent
FN:131,(anonymous_7)
FN:182,(anonymous_8)
FN:253,ChartLegendContent
FN:278,(anonymous_10)
FN:308,getPayloadConfigFromPayload
FNF:12
FNH:0
FNDA:0,useChart
FNDA:0,ChartContainer
FNDA:0,(anonymous_2)
FNDA:0,(anonymous_3)
FNDA:0,(anonymous_4)
FNDA:0,(anonymous_5)
FNDA:0,ChartTooltipContent
FNDA:0,(anonymous_7)
FNDA:0,(anonymous_8)
FNDA:0,ChartLegendContent
FNDA:0,(anonymous_10)
FNDA:0,getPayloadConfigFromPayload
DA:9,0
DA:25,0
DA:28,0
DA:30,0
DA:31,0
DA:34,0
DA:49,0
DA:50,0
DA:52,0
DA:72,0
DA:73,0
DA:74,0
DA:77,0
DA:78,0
DA:81,0
DA:86,0
DA:91,0
DA:93,0
DA:105,0
DA:129,0
DA:131,0
DA:132,0
DA:133,0
DA:136,0
DA:137,0
DA:138,0
DA:140,0
DA:144,0
DA:145,0
DA:152,0
DA:153,0
DA:156,0
DA:167,0
DA:168,0
DA:171,0
DA:173,0
DA:183,0
DA:184,0
DA:185,0
DA:187,0
DA:251,0
DA:264,0
DA:266,0
DA:267,0
DA:270,0
DA:279,0
DA:280,0
DA:282,0
DA:313,0
DA:314,0
DA:318,0
DA:324,0
DA:326,0
DA:330,0
DA:331,0
DA:336,0
DA:341,0
LF:57
LH:0
BRDA:30,0,0,0
BRDA:30,0,1,0
BRDA:50,1,0,0
BRDA:50,1,1,0
BRDA:74,2,0,0
BRDA:74,2,1,0
BRDA:77,3,0,0
BRDA:77,3,1,0
BRDA:91,4,0,0
BRDA:91,4,1,0
BRDA:93,5,0,0
BRDA:93,5,1,0
BRDA:111,6,0,0
BRDA:112,7,0,0
BRDA:113,8,0,0
BRDA:132,9,0,0
BRDA:132,9,1,0
BRDA:132,10,0,0
BRDA:132,10,1,0
BRDA:137,11,0,0
BRDA:137,11,1,0
BRDA:137,11,2,0
BRDA:137,11,3,0
BRDA:140,12,0,0
BRDA:140,12,1,0
BRDA:140,13,0,0
BRDA:140,13,1,0
BRDA:141,14,0,0
BRDA:141,14,1,0
BRDA:144,15,0,0
BRDA:144,15,1,0
BRDA:152,16,0,0
BRDA:152,16,1,0
BRDA:167,17,0,0
BRDA:167,17,1,0
BRDA:167,18,0,0
BRDA:167,18,1,0
BRDA:171,19,0,0
BRDA:171,19,1,0
BRDA:180,20,0,0
BRDA:180,20,1,0
BRDA:183,21,0,0
BRDA:183,21,1,0
BRDA:183,21,2,0
BRDA:183,21,3,0
BRDA:185,22,0,0
BRDA:185,22,1,0
BRDA:185,22,2,0
BRDA:192,23,0,0
BRDA:192,23,1,0
BRDA:195,24,0,0
BRDA:195,24,1,0
BRDA:195,25,0,0
BRDA:195,25,1,0
BRDA:195,25,2,0
BRDA:199,26,0,0
BRDA:199,26,1,0
BRDA:202,27,0,0
BRDA:202,27,1,0
BRDA:211,28,0,0
BRDA:211,28,1,0
BRDA:226,29,0,0
BRDA:226,29,1,0
BRDA:230,30,0,0
BRDA:230,30,1,0
BRDA:232,31,0,0
BRDA:232,31,1,0
BRDA:235,32,0,0
BRDA:235,32,1,0
BRDA:255,33,0,0
BRDA:257,34,0,0
BRDA:266,35,0,0
BRDA:266,35,1,0
BRDA:274,36,0,0
BRDA:274,36,1,0
BRDA:279,37,0,0
BRDA:279,37,1,0
BRDA:279,37,2,0
BRDA:289,38,0,0
BRDA:289,38,1,0
BRDA:289,39,0,0
BRDA:289,39,1,0
BRDA:313,40,0,0
BRDA:313,40,1,0
BRDA:313,41,0,0
BRDA:313,41,1,0
BRDA:318,42,0,0
BRDA:318,42,1,0
BRDA:318,43,0,0
BRDA:318,43,1,0
BRDA:318,43,2,0
BRDA:326,44,0,0
BRDA:326,44,1,0
BRDA:327,45,0,0
BRDA:327,45,1,0
BRDA:331,46,0,0
BRDA:331,46,1,0
BRDA:332,47,0,0
BRDA:332,47,1,0
BRDA:332,47,2,0
BRDA:341,48,0,0
BRDA:341,48,1,0
BRF:102
BRH:0
end_of_record
TN:
SF:components\ui\checkbox.tsx
FN:9,Checkbox
FNF:1
FNH:1
FNDA:63,Checkbox
DA:13,63
LF:1
LH:1
BRF:0
BRH:0
end_of_record
TN:
SF:components\ui\collapsible.tsx
FN:5,Collapsible
FN:11,CollapsibleTrigger
FN:22,CollapsibleContent
FNF:3
FNH:0
FNDA:0,Collapsible
FNDA:0,CollapsibleTrigger
FNDA:0,CollapsibleContent
DA:8,0
DA:14,0
DA:25,0
LF:3
LH:0
BRF:0
BRH:0
end_of_record
TN:
SF:components\ui\command.tsx
FN:16,Command
FN:32,CommandDialog
FN:63,CommandInput
FN:85,CommandList
FN:101,CommandEmpty
FN:113,CommandGroup
FN:129,CommandSeparator
FN:142,CommandItem
FN:158,CommandShortcut
FNF:9
FNH:0
FNDA:0,Command
FNDA:0,CommandDialog
FNDA:0,CommandInput
FNDA:0,CommandList
FNDA:0,CommandEmpty
FNDA:0,CommandGroup
FNDA:0,CommandSeparator
FNDA:0,CommandItem
FNDA:0,CommandShortcut
DA:20,0
DA:45,0
DA:67,0
DA:89,0
DA:104,0
DA:117,0
DA:133,0
DA:146,0
DA:162,0
LF:9
LH:0
BRDA:33,0,0,0
BRDA:34,1,0,0
BRDA:37,2,0,0
BRF:3
BRH:0
end_of_record
TN:
SF:components\ui\context-menu.tsx
FN:9,ContextMenu
FN:15,ContextMenuTrigger
FN:23,ContextMenuGroup
FN:31,ContextMenuPortal
FN:39,ContextMenuSub
FN:45,ContextMenuRadioGroup
FN:56,ContextMenuSubTrigger
FN:80,ContextMenuSubContent
FN:96,ContextMenuContent
FN:114,ContextMenuItem
FN:137,ContextMenuCheckboxItem
FN:163,ContextMenuRadioItem
FN:187,ContextMenuLabel
FN:207,ContextMenuSeparator
FN:220,ContextMenuShortcut
FNF:15
FNH:0
FNDA:0,ContextMenu
FNDA:0,ContextMenuTrigger
FNDA:0,ContextMenuGroup
FNDA:0,ContextMenuPortal
FNDA:0,ContextMenuSub
FNDA:0,ContextMenuRadioGroup
FNDA:0,ContextMenuSubTrigger
FNDA:0,ContextMenuSubContent
FNDA:0,ContextMenuContent
FNDA:0,ContextMenuItem
FNDA:0,ContextMenuCheckboxItem
FNDA:0,ContextMenuRadioItem
FNDA:0,ContextMenuLabel
FNDA:0,ContextMenuSeparator
FNDA:0,ContextMenuShortcut
DA:12,0
DA:18,0
DA:26,0
DA:34,0
DA:42,0
DA:48,0
DA:64,0
DA:84,0
DA:100,0
DA:123,0
DA:143,0
DA:168,0
DA:194,0
DA:211,0
DA:224,0
LF:15
LH:0
BRDA:117,0,0,0
BRF:1
BRH:0
end_of_record
TN:
SF:components\ui\dialog.tsx
FN:9,Dialog
FN:15,DialogTrigger
FN:21,DialogPortal
FN:27,DialogClose
FN:33,DialogOverlay
FN:49,DialogContent
FN:83,DialogHeader
FN:93,DialogFooter
FN:106,DialogTitle
FN:119,DialogDescription
FNF:10
FNH:0
FNDA:0,Dialog
FNDA:0,DialogTrigger
FNDA:0,DialogPortal
FNDA:0,DialogClose
FNDA:0,DialogOverlay
FNDA:0,DialogContent
FNDA:0,DialogHeader
FNDA:0,DialogFooter
FNDA:0,DialogTitle
FNDA:0,DialogDescription
DA:12,0
DA:18,0
DA:24,0
DA:30,0
DA:37,0
DA:57,0
DA:84,0
DA:94,0
DA:110,0
DA:123,0
LF:10
LH:0
BRDA:52,0,0,0
BRDA:69,1,0,0
BRDA:69,1,1,0
BRF:3
BRH:0
end_of_record
TN:
SF:components\ui\drawer.tsx
FN:8,Drawer
FN:14,DrawerTrigger
FN:20,DrawerPortal
FN:26,DrawerClose
FN:32,DrawerOverlay
FN:48,DrawerContent
FN:75,DrawerHeader
FN:88,DrawerFooter
FN:98,DrawerTitle
FN:111,DrawerDescription
FNF:10
FNH:0
FNDA:0,Drawer
FNDA:0,DrawerTrigger
FNDA:0,DrawerPortal
FNDA:0,DrawerClose
FNDA:0,DrawerOverlay
FNDA:0,DrawerContent
FNDA:0,DrawerHeader
FNDA:0,DrawerFooter
FNDA:0,DrawerTitle
FNDA:0,DrawerDescription
DA:11,0
DA:17,0
DA:23,0
DA:29,0
DA:36,0
DA:53,0
DA:76,0
DA:89,0
DA:102,0
DA:115,0
LF:10
LH:0
BRF:0
BRH:0
end_of_record
TN:
SF:components\ui\dropdown-menu.tsx
FN:9,DropdownMenu
FN:15,DropdownMenuPortal
FN:23,DropdownMenuTrigger
FN:34,DropdownMenuContent
FN:54,DropdownMenuGroup
FN:62,DropdownMenuItem
FN:85,DropdownMenuCheckboxItem
FN:111,DropdownMenuRadioGroup
FN:122,DropdownMenuRadioItem
FN:146,DropdownMenuLabel
FN:166,DropdownMenuSeparator
FN:179,DropdownMenuShortcut
FN:195,DropdownMenuSub
FN:201,DropdownMenuSubTrigger
FN:225,DropdownMenuSubContent
FNF:15
FNH:0
FNDA:0,DropdownMenu
FNDA:0,DropdownMenuPortal
FNDA:0,DropdownMenuTrigger
FNDA:0,DropdownMenuContent
FNDA:0,DropdownMenuGroup
FNDA:0,DropdownMenuItem
FNDA:0,DropdownMenuCheckboxItem
FNDA:0,DropdownMenuRadioGroup
FNDA:0,DropdownMenuRadioItem
FNDA:0,DropdownMenuLabel
FNDA:0,DropdownMenuSeparator
FNDA:0,DropdownMenuShortcut
FNDA:0,DropdownMenuSub
FNDA:0,DropdownMenuSubTrigger
FNDA:0,DropdownMenuSubContent
DA:12,0
DA:18,0
DA:26,0
DA:39,0
DA:57,0
DA:71,0
DA:91,0
DA:114,0
DA:127,0
DA:153,0
DA:170,0
DA:183,0
DA:198,0
DA:209,0
DA:229,0
LF:15
LH:0
BRDA:36,0,0,0
BRDA:65,1,0,0
BRF:2
BRH:0
end_of_record
TN:
SF:components\ui\empty.tsx
FN:5,Empty
FN:18,EmptyHeader
FN:46,EmptyMedia
FN:61,EmptyTitle
FN:71,EmptyDescription
FN:84,EmptyContent
FNF:6
FNH:0
FNDA:0,Empty
FNDA:0,EmptyHeader
FNDA:0,EmptyMedia
FNDA:0,EmptyTitle
FNDA:0,EmptyDescription
FNDA:0,EmptyContent
DA:6,0
DA:19,0
DA:31,0
DA:51,0
DA:62,0
DA:72,0
DA:85,0
LF:7
LH:0
BRDA:48,0,0,0
BRF:1
BRH:0
end_of_record
TN:
SF:components\ui\field.tsx
FN:10,FieldSet
FN:24,FieldLegend
FN:44,FieldGroup
FN:81,Field
FN:97,FieldContent
FN:110,FieldLabel
FN:128,FieldTitle
FN:141,FieldDescription
FN:156,FieldSeparator
FN:186,FieldError
FN:194,(anonymous_10)
FN:210,(anonymous_11)
FNF:12
FNH:0
FNDA:0,FieldSet
FNDA:0,FieldLegend
FNDA:0,FieldGroup
FNDA:0,Field
FNDA:0,FieldContent
FNDA:0,FieldLabel
FNDA:0,FieldTitle
FNDA:0,FieldDescription
FNDA:0,FieldSeparator
FNDA:0,FieldError
FNDA:0,(anonymous_10)
FNDA:0,(anonymous_11)
DA:11,0
DA:29,0
DA:45,0
DA:57,0
DA:86,0
DA:98,0
DA:114,0
DA:129,0
DA:142,0
DA:163,0
DA:194,0
DA:195,0
DA:196,0
DA:199,0
DA:200,0
DA:203,0
DA:204,0
DA:207,0
DA:211,0
DA:217,0
DA:218,0
DA:221,0
LF:22
LH:0
BRDA:26,0,0,0
BRDA:83,1,0,0
BRDA:174,2,0,0
BRDA:174,2,1,0
BRDA:195,3,0,0
BRDA:195,3,1,0
BRDA:199,4,0,0
BRDA:199,4,1,0
BRDA:203,5,0,0
BRDA:203,5,1,0
BRDA:203,6,0,0
BRDA:203,6,1,0
BRDA:211,7,0,0
BRDA:211,7,1,0
BRDA:217,8,0,0
BRDA:217,8,1,0
BRF:16
BRH:0
end_of_record
TN:
SF:components\ui\form.tsx
FN:32,(anonymous_0)
FN:45,(anonymous_1)
FN:76,FormItem
FN:90,FormLabel
FN:107,FormControl
FN:125,FormDescription
FN:138,FormMessage
FNF:7
FNH:0
FNDA:0,(anonymous_0)
FNDA:0,(anonymous_1)
FNDA:0,FormItem
FNDA:0,FormLabel
FNDA:0,FormControl
FNDA:0,FormDescription
FNDA:0,FormMessage
DA:19,0
DA:28,0
DA:32,0
DA:38,0
DA:45,0
DA:46,0
DA:47,0
DA:48,0
DA:49,0
DA:50,0
DA:52,0
DA:53,0
DA:56,0
DA:58,0
DA:72,0
DA:77,0
DA:79,0
DA:94,0
DA:96,0
DA:108,0
DA:110,0
DA:126,0
DA:128,0
DA:139,0
DA:140,0
DA:142,0
DA:143,0
DA:146,0
LF:28
LH:0
BRDA:52,0,0,0
BRDA:52,0,1,0
BRDA:115,1,0,0
BRDA:115,1,1,0
BRDA:140,2,0,0
BRDA:140,2,1,0
BRDA:140,3,0,0
BRDA:140,3,1,0
BRDA:142,4,0,0
BRDA:142,4,1,0
BRF:10
BRH:0
end_of_record
TN:
SF:components\ui\hover-card.tsx
FN:8,HoverCard
FN:14,HoverCardTrigger
FN:22,HoverCardContent
FNF:3
FNH:0
FNDA:0,HoverCard
FNDA:0,HoverCardTrigger
FNDA:0,HoverCardContent
DA:11,0
DA:17,0
DA:28,0
LF:3
LH:0
BRDA:24,0,0,0
BRDA:25,1,0,0
BRF:2
BRH:0
end_of_record
TN:
SF:components\ui\input-group.tsx
FN:10,InputGroup
FN:59,InputGroupAddon
FN:70,(anonymous_2)
FN:99,InputGroupButton
FN:118,InputGroupText
FN:130,InputGroupInput
FN:146,InputGroupTextarea
FNF:7
FNH:0
FNDA:0,InputGroup
FNDA:0,InputGroupAddon
FNDA:0,(anonymous_2)
FNDA:0,InputGroupButton
FNDA:0,InputGroupText
FNDA:0,InputGroupInput
FNDA:0,InputGroupTextarea
DA:11,0
DA:38,0
DA:64,0
DA:71,0
DA:72,0
DA:74,0
DA:81,0
DA:107,0
DA:119,0
DA:134,0
DA:150,0
LF:11
LH:0
BRDA:61,0,0,0
BRDA:71,1,0,0
BRDA:71,1,1,0
BRDA:101,2,0,0
BRDA:102,3,0,0
BRDA:103,4,0,0
BRF:6
BRH:0
end_of_record
TN:
SF:components\ui\input-otp.tsx
FN:9,InputOTP
FN:29,InputOTPGroup
FN:39,InputOTPSlot
FN:69,InputOTPSeparator
FNF:4
FNH:0
FNDA:0,InputOTP
FNDA:0,InputOTPGroup
FNDA:0,InputOTPSlot
FNDA:0,InputOTPSeparator
DA:16,0
DA:30,0
DA:46,0
DA:47,0
DA:49,0
DA:70,0
LF:6
LH:0
BRDA:47,0,0,0
BRDA:47,0,1,0
BRDA:60,1,0,0
BRDA:60,1,1,0
BRF:4
BRH:0
end_of_record
TN:
SF:components\ui\input.tsx
FN:5,Input
FNF:1
FNH:1
FNDA:260,Input
DA:6,260
LF:1
LH:1
BRF:0
BRH:0
end_of_record
TN:
SF:components\ui\item.tsx
FN:8,ItemGroup
FN:19,ItemSeparator
FN:54,Item
FN:91,ItemMedia
FN:106,ItemContent
FN:119,ItemTitle
FN:132,ItemDescription
FN:146,ItemActions
FN:156,ItemHeader
FN:169,ItemFooter
FNF:10
FNH:0
FNDA:0,ItemGroup
FNDA:0,ItemSeparator
FNDA:0,Item
FNDA:0,ItemMedia
FNDA:0,ItemContent
FNDA:0,ItemTitle
FNDA:0,ItemDescription
FNDA:0,ItemActions
FNDA:0,ItemHeader
FNDA:0,ItemFooter
DA:9,0
DA:23,0
DA:33,0
DA:62,0
DA:63,0
DA:74,0
DA:96,0
DA:107,0
DA:120,0
DA:133,0
DA:147,0
DA:157,0
DA:170,0
LF:13
LH:0
BRDA:56,0,0,0
BRDA:57,1,0,0
BRDA:58,2,0,0
BRDA:62,3,0,0
BRDA:62,3,1,0
BRDA:93,4,0,0
BRF:6
BRH:0
end_of_record
TN:
SF:components\ui\kbd.tsx
FN:3,Kbd
FN:18,KbdGroup
FNF:2
FNH:0
FNDA:0,Kbd
FNDA:0,KbdGroup
DA:4,0
DA:19,0
LF:2
LH:0
BRF:0
BRH:0
end_of_record
TN:
SF:components\ui\label.tsx
FN:8,Label
FNF:1
FNH:1
FNDA:461,Label
DA:12,461
LF:1
LH:1
BRF:0
BRH:0
end_of_record
TN:
SF:components\ui\menubar.tsx
FN:9,Menubar
FN:25,MenubarMenu
FN:31,MenubarGroup
FN:37,MenubarPortal
FN:43,MenubarRadioGroup
FN:51,MenubarTrigger
FN:67,MenubarContent
FN:91,MenubarItem
FN:114,MenubarCheckboxItem
FN:140,MenubarRadioItem
FN:164,MenubarLabel
FN:184,MenubarSeparator
FN:197,MenubarShortcut
FN:213,MenubarSub
FN:219,MenubarSubTrigger
FN:243,MenubarSubContent
FNF:16
FNH:0
FNDA:0,Menubar
FNDA:0,MenubarMenu
FNDA:0,MenubarGroup
FNDA:0,MenubarPortal
FNDA:0,MenubarRadioGroup
FNDA:0,MenubarTrigger
FNDA:0,MenubarContent
FNDA:0,MenubarItem
FNDA:0,MenubarCheckboxItem
FNDA:0,MenubarRadioItem
FNDA:0,MenubarLabel
FNDA:0,MenubarSeparator
FNDA:0,MenubarShortcut
FNDA:0,MenubarSub
FNDA:0,MenubarSubTrigger
FNDA:0,MenubarSubContent
DA:13,0
DA:28,0
DA:34,0
DA:40,0
DA:46,0
DA:55,0
DA:74,0
DA:100,0
DA:120,0
DA:145,0
DA:171,0
DA:188,0
DA:201,0
DA:216,0
DA:227,0
DA:247,0
LF:16
LH:0
BRDA:69,0,0,0
BRDA:70,1,0,0
BRDA:71,2,0,0
BRDA:94,3,0,0
BRF:4
BRH:0
end_of_record
TN:
SF:components\ui\navigation-menu.tsx
FN:8,NavigationMenu
FN:32,NavigationMenuList
FN:48,NavigationMenuItem
FN:65,NavigationMenuTrigger
FN:85,NavigationMenuContent
FN:102,NavigationMenuViewport
FN:122,NavigationMenuLink
FN:138,NavigationMenuIndicator
FNF:8
FNH:0
FNDA:0,NavigationMenu
FNDA:0,NavigationMenuList
FNDA:0,NavigationMenuItem
FNDA:0,NavigationMenuTrigger
FNDA:0,NavigationMenuContent
FNDA:0,NavigationMenuViewport
FNDA:0,NavigationMenuLink
FNDA:0,NavigationMenuIndicator
DA:16,0
DA:36,0
DA:52,0
DA:61,0
DA:70,0
DA:89,0
DA:106,0
DA:126,0
DA:142,0
LF:9
LH:0
BRDA:11,0,0,0
BRDA:27,1,0,0
BRDA:27,1,1,0
BRF:3
BRH:0
end_of_record
TN:
SF:components\ui\pagination.tsx
FN:11,Pagination
FN:23,PaginationContent
FN:36,PaginationItem
FN:45,PaginationLink
FN:68,PaginationPrevious
FN:85,PaginationNext
FN:102,PaginationEllipsis
FNF:7
FNH:0
FNDA:0,Pagination
FNDA:0,PaginationContent
FNDA:0,PaginationItem
FNDA:0,PaginationLink
FNDA:0,PaginationPrevious
FNDA:0,PaginationNext
FNDA:0,PaginationEllipsis
DA:12,0
DA:27,0
DA:37,0
DA:51,0
DA:72,0
DA:89,0
DA:106,0
LF:7
LH:0
BRDA:48,0,0,0
BRDA:53,1,0,0
BRDA:53,1,1,0
BRDA:58,2,0,0
BRDA:58,2,1,0
BRF:5
BRH:0
end_of_record
TN:
SF:components\ui\popover.tsx
FN:8,Popover
FN:14,PopoverTrigger
FN:20,PopoverContent
FN:42,PopoverAnchor
FNF:4
FNH:0
FNDA:0,Popover
FNDA:0,PopoverTrigger
FNDA:0,PopoverContent
FNDA:0,PopoverAnchor
DA:11,0
DA:17,0
DA:26,0
DA:45,0
LF:4
LH:0
BRDA:22,0,0,0
BRDA:23,1,0,0
BRF:2
BRH:0
end_of_record
TN:
SF:components\ui\progress.tsx
FN:8,Progress
FNF:1
FNH:0
FNDA:0,Progress
DA:13,0
LF:1
LH:0
BRDA:25,0,0,0
BRDA:25,0,1,0
BRF:2
BRH:0
end_of_record
TN:
SF:components\ui\radio-group.tsx
FN:9,RadioGroup
FN:22,RadioGroupItem
FNF:2
FNH:2
FNDA:23,RadioGroup
FNDA:92,RadioGroupItem
DA:13,23
DA:26,92
LF:2
LH:2
BRF:0
BRH:0
end_of_record
TN:
SF:components\ui\resizable.tsx
FN:9,ResizablePanelGroup
FN:25,ResizablePanel
FN:31,ResizableHandle
FNF:3
FNH:0
FNDA:0,ResizablePanelGroup
FNDA:0,ResizablePanel
FNDA:0,ResizableHandle
DA:13,0
DA:28,0
DA:38,0
LF:3
LH:0
BRDA:47,0,0,0
BRDA:47,0,1,0
BRF:2
BRH:0
end_of_record
TN:
SF:components\ui\scroll-area.tsx
FN:8,ScrollArea
FN:31,ScrollBar
FNF:2
FNH:0
FNDA:0,ScrollArea
FNDA:0,ScrollBar
DA:13,0
DA:36,0
LF:2
LH:0
BRDA:33,0,0,0
BRDA:42,1,0,0
BRDA:42,1,1,0
BRDA:44,2,0,0
BRDA:44,2,1,0
BRF:5
BRH:0
end_of_record
TN:
SF:components\ui\select.tsx
FN:9,Select
FN:15,SelectGroup
FN:21,SelectValue
FN:27,SelectTrigger
FN:53,SelectContent
FN:88,SelectLabel
FN:101,SelectItem
FN:125,SelectSeparator
FN:138,SelectScrollUpButton
FN:156,SelectScrollDownButton
FNF:10
FNH:0
FNDA:0,Select
FNDA:0,SelectGroup
FNDA:0,SelectValue
FNDA:0,SelectTrigger
FNDA:0,SelectContent
FNDA:0,SelectLabel
FNDA:0,SelectItem
FNDA:0,SelectSeparator
FNDA:0,SelectScrollUpButton
FNDA:0,SelectScrollDownButton
DA:12,0
DA:18,0
DA:24,0
DA:35,0
DA:59,0
DA:92,0
DA:106,0
DA:129,0
DA:142,0
DA:160,0
LF:10
LH:0
BRDA:29,0,0,0
BRDA:56,1,0,0
BRDA:65,2,0,0
BRDA:65,2,1,0
BRDA:76,3,0,0
BRDA:76,3,1,0
BRF:6
BRH:0
end_of_record
TN:
SF:components\ui\separator.tsx
FN:8,Separator
FNF:1
FNH:1
FNDA:63,Separator
DA:14,63
LF:1
LH:1
BRDA:10,0,0,63
BRDA:11,1,0,63
BRF:2
BRH:2
end_of_record
TN:
SF:components\ui\sheet.tsx
FN:9,Sheet
FN:13,SheetTrigger
FN:19,SheetClose
FN:25,SheetPortal
FN:31,SheetOverlay
FN:47,SheetContent
FN:84,SheetHeader
FN:94,SheetFooter
FN:104,SheetTitle
FN:117,SheetDescription
FNF:10
FNH:0
FNDA:0,Sheet
FNDA:0,SheetTrigger
FNDA:0,SheetClose
FNDA:0,SheetPortal
FNDA:0,SheetOverlay
FNDA:0,SheetContent
FNDA:0,SheetHeader
FNDA:0,SheetFooter
FNDA:0,SheetTitle
FNDA:0,SheetDescription
DA:10,0
DA:16,0
DA:22,0
DA:28,0
DA:35,0
DA:55,0
DA:85,0
DA:95,0
DA:108,0
DA:121,0
LF:10
LH:0
BRDA:50,0,0,0
BRDA:62,1,0,0
BRDA:62,1,1,0
BRDA:64,2,0,0
BRDA:64,2,1,0
BRDA:66,3,0,0
BRDA:66,3,1,0
BRDA:68,4,0,0
BRDA:68,4,1,0
BRF:9
BRH:0
end_of_record
TN:
SF:components\ui\sidebar.tsx
FN:47,useSidebar
FN:56,SidebarProvider
FN:77,(anonymous_2)
FN:92,(anonymous_3)
FN:93,(anonymous_4)
FN:93,(anonymous_5)
FN:97,(anonymous_6)
FN:98,(anonymous_7)
FN:109,(anonymous_8)
FN:117,(anonymous_9)
FN:154,Sidebar
FN:256,SidebarTrigger
FN:270,(anonymous_12)
FN:282,SidebarRail
FN:307,SidebarInset
FN:321,SidebarInput
FN:335,SidebarHeader
FN:346,SidebarFooter
FN:357,SidebarSeparator
FN:371,SidebarContent
FN:385,SidebarGroup
FN:396,SidebarGroupLabel
FN:417,SidebarGroupAction
FN:440,SidebarGroupContent
FN:454,SidebarMenu
FN:465,SidebarMenuItem
FN:498,SidebarMenuButton
FN:548,SidebarMenuAction
FN:580,SidebarMenuBadge
FN:602,SidebarMenuSkeleton
FN:610,(anonymous_30)
FN:640,SidebarMenuSub
FN:655,SidebarMenuSubItem
FN:669,SidebarMenuSubButton
FNF:34
FNH:0
FNDA:0,useSidebar
FNDA:0,SidebarProvider
FNDA:0,(anonymous_2)
FNDA:0,(anonymous_3)
FNDA:0,(anonymous_4)
FNDA:0,(anonymous_5)
FNDA:0,(anonymous_6)
FNDA:0,(anonymous_7)
FNDA:0,(anonymous_8)
FNDA:0,(anonymous_9)
FNDA:0,Sidebar
FNDA:0,SidebarTrigger
FNDA:0,(anonymous_12)
FNDA:0,SidebarRail
FNDA:0,SidebarInset
FNDA:0,SidebarInput
FNDA:0,SidebarHeader
FNDA:0,SidebarFooter
FNDA:0,SidebarSeparator
FNDA:0,SidebarContent
FNDA:0,SidebarGroup
FNDA:0,SidebarGroupLabel
FNDA:0,SidebarGroupAction
FNDA:0,SidebarGroupContent
FNDA:0,SidebarMenu
FNDA:0,SidebarMenuItem
FNDA:0,SidebarMenuButton
FNDA:0,SidebarMenuAction
FNDA:0,SidebarMenuBadge
FNDA:0,SidebarMenuSkeleton
FNDA:0,(anonymous_30)
FNDA:0,SidebarMenuSub
FNDA:0,SidebarMenuSubItem
FNDA:0,SidebarMenuSubButton
DA:28,0
DA:29,0
DA:30,0
DA:31,0
DA:32,0
DA:33,0
DA:45,0
DA:48,0
DA:49,0
DA:50,0
DA:53,0
DA:69,0
DA:70,0
DA:74,0
DA:75,0
DA:76,0
DA:78,0
DA:79,0
DA:80,0
DA:82,0
DA:86,0
DA:92,0
DA:93,0
DA:97,0
DA:98,0
DA:99,0
DA:103,0
DA:104,0
DA:108,0
DA:109,0
DA:114,0
DA:116,0
DA:117,0
DA:129,0
DA:166,0
DA:168,0
DA:169,0
DA:183,0
DA:184,0
DA:208,0
DA:261,0
DA:263,0
DA:271,0
DA:272,0
DA:283,0
DA:285,0
DA:308,0
DA:325,0
DA:336,0
DA:347,0
DA:361,0
DA:372,0
DA:386,0
DA:401,0
DA:403,0
DA:422,0
DA:424,0
DA:444,0
DA:455,0
DA:466,0
DA:476,0
DA:511,0
DA:512,0
DA:515,0
DA:525,0
DA:526,0
DA:529,0
DA:530,0
DA:535,0
DA:557,0
DA:559,0
DA:584,0
DA:610,0
DA:611,0
DA:614,0
DA:641,0
DA:659,0
DA:680,0
DA:682,0
LF:79
LH:0
BRDA:49,0,0,0
BRDA:49,0,1,0
BRDA:57,1,0,0
BRDA:75,2,0,0
BRDA:75,2,1,0
BRDA:78,3,0,0
BRDA:78,3,1,0
BRDA:79,4,0,0
BRDA:79,4,1,0
BRDA:93,5,0,0
BRDA:93,5,1,0
BRDA:99,6,0,0
BRDA:99,6,1,0
BRDA:100,7,0,0
BRDA:100,7,1,0
BRDA:100,7,2,0
BRDA:114,8,0,0
BRDA:114,8,1,0
BRDA:155,9,0,0
BRDA:156,10,0,0
BRDA:157,11,0,0
BRDA:168,12,0,0
BRDA:168,12,1,0
BRDA:183,13,0,0
BRDA:183,13,1,0
BRDA:212,14,0,0
BRDA:212,14,1,0
BRDA:224,15,0,0
BRDA:224,15,1,0
BRDA:224,16,0,0
BRDA:224,16,1,0
BRDA:233,17,0,0
BRDA:233,17,1,0
BRDA:237,18,0,0
BRDA:237,18,1,0
BRDA:237,19,0,0
BRDA:237,19,1,0
BRDA:398,20,0,0
BRDA:401,21,0,0
BRDA:401,21,1,0
BRDA:419,22,0,0
BRDA:422,23,0,0
BRDA:422,23,1,0
BRDA:499,24,0,0
BRDA:500,25,0,0
BRDA:501,26,0,0
BRDA:502,27,0,0
BRDA:511,28,0,0
BRDA:511,28,1,0
BRDA:525,29,0,0
BRDA:525,29,1,0
BRDA:529,30,0,0
BRDA:529,30,1,0
BRDA:541,31,0,0
BRDA:541,31,1,0
BRDA:550,32,0,0
BRDA:551,33,0,0
BRDA:557,34,0,0
BRDA:557,34,1,0
BRDA:571,35,0,0
BRDA:571,35,1,0
BRDA:604,36,0,0
BRDA:621,37,0,0
BRDA:621,37,1,0
BRDA:670,38,0,0
BRDA:671,39,0,0
BRDA:672,40,0,0
BRDA:680,41,0,0
BRDA:680,41,1,0
BRDA:691,42,0,0
BRDA:691,42,1,0
BRDA:692,43,0,0
BRDA:692,43,1,0
BRF:73
BRH:0
end_of_record
TN:
SF:components\ui\skeleton.tsx
FN:3,Skeleton
FNF:1
FNH:0
FNDA:0,Skeleton
DA:4,0
LF:1
LH:0
BRF:0
BRH:0
end_of_record
TN:
SF:components\ui\slider.tsx
FN:8,Slider
FN:17,(anonymous_1)
FN:52,(anonymous_2)
FNF:3
FNH:0
FNDA:0,Slider
FNDA:0,(anonymous_1)
FNDA:0,(anonymous_2)
DA:16,0
DA:18,0
DA:26,0
DA:53,0
LF:4
LH:0
BRDA:12,0,0,0
BRDA:13,1,0,0
BRDA:18,2,0,0
BRDA:18,2,1,0
BRDA:20,3,0,0
BRDA:20,3,1,0
BRF:6
BRH:0
end_of_record
TN:
SF:components\ui\sonner.tsx
FN:6,(anonymous_0)
FNF:1
FNH:0
FNDA:0,(anonymous_0)
DA:6,0
DA:7,0
DA:9,0
LF:3
LH:0
BRDA:7,0,0,0
BRF:1
BRH:0
end_of_record
TN:
SF:components\ui\spinner.tsx
FN:5,Spinner
FNF:1
FNH:0
FNDA:0,Spinner
DA:6,0
LF:1
LH:0
BRF:0
BRH:0
end_of_record
TN:
SF:components\ui\switch.tsx
FN:8,Switch
FNF:1
FNH:0
FNDA:0,Switch
DA:12,0
LF:1
LH:0
BRF:0
BRH:0
end_of_record
TN:
SF:components\ui\table.tsx
FN:7,Table
FN:22,TableHeader
FN:32,TableBody
FN:42,TableFooter
FN:55,TableRow
FN:68,TableHead
FN:81,TableCell
FN:94,TableCaption
FNF:8
FNH:0
FNDA:0,Table
FNDA:0,TableHeader
FNDA:0,TableBody
FNDA:0,TableFooter
FNDA:0,TableRow
FNDA:0,TableHead
FNDA:0,TableCell
FNDA:0,TableCaption
DA:8,0
DA:23,0
DA:33,0
DA:43,0
DA:56,0
DA:69,0
DA:82,0
DA:98,0
LF:8
LH:0
BRF:0
BRH:0
end_of_record
TN:
SF:components\ui\tabs.tsx
FN:8,Tabs
FN:21,TabsList
FN:37,TabsTrigger
FN:53,TabsContent
FNF:4
FNH:0
FNDA:0,Tabs
FNDA:0,TabsList
FNDA:0,TabsTrigger
FNDA:0,TabsContent
DA:12,0
DA:25,0
DA:41,0
DA:57,0
LF:4
LH:0
BRF:0
BRH:0
end_of_record
TN:
SF:components\ui\textarea.tsx
FN:5,Textarea
FNF:1
FNH:1
FNDA:23,Textarea
DA:6,23
LF:1
LH:1
BRF:0
BRH:0
end_of_record
TN:
SF:components\ui\toast.tsx
FN:15,(anonymous_0)
FN:47,(anonymous_1)
FN:61,(anonymous_2)
FN:76,(anonymous_3)
FN:94,(anonymous_4)
FN:106,(anonymous_5)
FNF:6
FNH:0
FNDA:0,(anonymous_0)
FNDA:0,(anonymous_1)
FNDA:0,(anonymous_2)
FNDA:0,(anonymous_3)
FNDA:0,(anonymous_4)
FNDA:0,(anonymous_5)
DA:10,0
DA:12,0
DA:16,0
DA:25,0
DA:27,0
DA:43,0
DA:48,0
DA:56,0
DA:58,0
DA:62,0
DA:71,0
DA:73,0
DA:77,0
DA:89,0
DA:91,0
DA:95,0
DA:101,0
DA:103,0
DA:107,0
DA:113,0
LF:20
LH:0
BRF:0
BRH:0
end_of_record
TN:
SF:components\ui\toaster.tsx
FN:13,Toaster
FN:18,(anonymous_1)
FNF:2
FNH:0
FNDA:0,Toaster
FNDA:0,(anonymous_1)
DA:14,0
DA:16,0
DA:19,0
LF:3
LH:0
BRDA:22,0,0,0
BRDA:22,0,1,0
BRDA:23,1,0,0
BRDA:23,1,1,0
BRF:4
BRH:0
end_of_record
TN:
SF:components\ui\toggle-group.tsx
FN:17,ToggleGroup
FN:43,ToggleGroupItem
FNF:2
FNH:0
FNDA:0,ToggleGroup
FNDA:0,ToggleGroupItem
DA:10,0
DA:25,0
DA:51,0
DA:53,0
LF:4
LH:0
BRDA:56,0,0,0
BRDA:56,0,1,0
BRDA:57,1,0,0
BRDA:57,1,1,0
BRDA:60,2,0,0
BRDA:60,2,1,0
BRDA:61,3,0,0
BRDA:61,3,1,0
BRF:8
BRH:0
end_of_record
TN:
SF:components\ui\toggle.tsx
FN:31,Toggle
FNF:1
FNH:0
FNDA:0,Toggle
DA:9,0
DA:38,0
LF:2
LH:0
BRF:0
BRH:0
end_of_record
TN:
SF:components\ui\tooltip.tsx
FN:8,TooltipProvider
FN:21,Tooltip
FN:31,TooltipTrigger
FN:37,TooltipContent
FNF:4
FNH:0
FNDA:0,TooltipProvider
FNDA:0,Tooltip
FNDA:0,TooltipTrigger
FNDA:0,TooltipContent
DA:12,0
DA:24,0
DA:34,0
DA:43,0
LF:4
LH:0
BRDA:9,0,0,0
BRDA:39,1,0,0
BRF:2
BRH:0
end_of_record
TN:
SF:components\ui\use-mobile.tsx
FN:5,useIsMobile
FN:8,(anonymous_1)
FN:10,(anonymous_2)
FN:15,(anonymous_3)
FNF:4
FNH:0
FNDA:0,useIsMobile
FNDA:0,(anonymous_1)
FNDA:0,(anonymous_2)
FNDA:0,(anonymous_3)
DA:3,0
DA:6,0
DA:8,0
DA:9,0
DA:10,0
DA:11,0
DA:13,0
DA:14,0
DA:15,0
DA:18,0
LF:10
LH:0
BRF:0
BRH:0
end_of_record
TN:
SF:components\ui\use-toast.ts
FN:27,genId
FN:58,(anonymous_1)
FN:63,(anonymous_2)
FN:74,(anonymous_3)
FN:85,(anonymous_4)
FN:98,(anonymous_5)
FN:105,(anonymous_6)
FN:124,(anonymous_7)
FN:133,dispatch
FN:135,(anonymous_9)
FN:142,toast
FN:145,(anonymous_11)
FN:150,(anonymous_12)
FN:158,(anonymous_13)
FN:171,useToast
FN:174,(anonymous_15)
FN:176,(anonymous_16)
FN:187,(anonymous_17)
FNF:18
FNH:0
FNDA:0,genId
FNDA:0,(anonymous_1)
FNDA:0,(anonymous_2)
FNDA:0,(anonymous_3)
FNDA:0,(anonymous_4)
FNDA:0,(anonymous_5)
FNDA:0,(anonymous_6)
FNDA:0,(anonymous_7)
FNDA:0,dispatch
FNDA:0,(anonymous_9)
FNDA:0,toast
FNDA:0,(anonymous_11)
FNDA:0,(anonymous_12)
FNDA:0,(anonymous_13)
FNDA:0,useToast
FNDA:0,(anonymous_15)
FNDA:0,(anonymous_16)
FNDA:0,(anonymous_17)
DA:8,0
DA:9,0
DA:18,0
DA:25,0
DA:28,0
DA:29,0
DA:56,0
DA:58,0
DA:59,0
DA:60,0
DA:63,0
DA:64,0
DA:65,0
DA:71,0
DA:74,0
DA:75,0
DA:77,0
DA:83,0
DA:86,0
DA:91,0
DA:95,0
DA:96,0
DA:98,0
DA:99,0
DA:103,0
DA:106,0
DA:116,0
DA:117,0
DA:122,0
DA:124,0
DA:129,0
DA:131,0
DA:134,0
DA:135,0
DA:136,0
DA:143,0
DA:145,0
DA:146,0
DA:150,0
DA:152,0
DA:159,0
DA:164,0
DA:172,0
DA:174,0
DA:175,0
DA:176,0
DA:177,0
DA:178,0
DA:179,0
DA:184,0
DA:187,0
LF:51
LH:0
BRDA:59,0,0,0
BRDA:59,0,1,0
BRDA:75,1,0,0
BRDA:75,1,1,0
BRDA:75,1,2,0
BRDA:75,1,3,0
BRDA:86,2,0,0
BRDA:86,2,1,0
BRDA:95,3,0,0
BRDA:95,3,1,0
BRDA:106,4,0,0
BRDA:106,4,1,0
BRDA:106,5,0,0
BRDA:106,5,1,0
BRDA:116,6,0,0
BRDA:116,6,1,0
BRDA:159,7,0,0
BRDA:159,7,1,0
BRDA:178,8,0,0
BRDA:178,8,1,0
BRF:20
BRH:0
end_of_record
TN:
SF:hooks\use-mobile.ts
FN:5,useIsMobile
FN:8,(anonymous_1)
FN:10,(anonymous_2)
FN:15,(anonymous_3)
FNF:4
FNH:0
FNDA:0,useIsMobile
FNDA:0,(anonymous_1)
FNDA:0,(anonymous_2)
FNDA:0,(anonymous_3)
DA:3,0
DA:6,0
DA:8,0
DA:9,0
DA:10,0
DA:11,0
DA:13,0
DA:14,0
DA:15,0
DA:18,0
LF:10
LH:0
BRF:0
BRH:0
end_of_record
TN:
SF:hooks\use-toast.ts
FN:27,genId
FN:58,(anonymous_1)
FN:63,(anonymous_2)
FN:74,(anonymous_3)
FN:85,(anonymous_4)
FN:98,(anonymous_5)
FN:105,(anonymous_6)
FN:124,(anonymous_7)
FN:133,dispatch
FN:135,(anonymous_9)
FN:142,toast
FN:145,(anonymous_11)
FN:150,(anonymous_12)
FN:158,(anonymous_13)
FN:171,useToast
FN:174,(anonymous_15)
FN:176,(anonymous_16)
FN:187,(anonymous_17)
FNF:18
FNH:0
FNDA:0,genId
FNDA:0,(anonymous_1)
FNDA:0,(anonymous_2)
FNDA:0,(anonymous_3)
FNDA:0,(anonymous_4)
FNDA:0,(anonymous_5)
FNDA:0,(anonymous_6)
FNDA:0,(anonymous_7)
FNDA:0,dispatch
FNDA:0,(anonymous_9)
FNDA:0,toast
FNDA:0,(anonymous_11)
FNDA:0,(anonymous_12)
FNDA:0,(anonymous_13)
FNDA:0,useToast
FNDA:0,(anonymous_15)
FNDA:0,(anonymous_16)
FNDA:0,(anonymous_17)
DA:8,0
DA:9,0
DA:18,0
DA:25,0
DA:28,0
DA:29,0
DA:56,0
DA:58,0
DA:59,0
DA:60,0
DA:63,0
DA:64,0
DA:65,0
DA:71,0
DA:74,0
DA:75,0
DA:77,0
DA:83,0
DA:86,0
DA:91,0
DA:95,0
DA:96,0
DA:98,0
DA:99,0
DA:103,0
DA:106,0
DA:116,0
DA:117,0
DA:122,0
DA:124,0
DA:129,0
DA:131,0
DA:134,0
DA:135,0
DA:136,0
DA:143,0
DA:145,0
DA:146,0
DA:150,0
DA:152,0
DA:159,0
DA:164,0
DA:172,0
DA:174,0
DA:175,0
DA:176,0
DA:177,0
DA:178,0
DA:179,0
DA:184,0
DA:187,0
LF:51
LH:0
BRDA:59,0,0,0
BRDA:59,0,1,0
BRDA:75,1,0,0
BRDA:75,1,1,0
BRDA:75,1,2,0
BRDA:75,1,3,0
BRDA:86,2,0,0
BRDA:86,2,1,0
BRDA:95,3,0,0
BRDA:95,3,1,0
BRDA:106,4,0,0
BRDA:106,4,1,0
BRDA:106,5,0,0
BRDA:106,5,1,0
BRDA:116,6,0,0
BRDA:116,6,1,0
BRDA:159,7,0,0
BRDA:159,7,1,0
BRDA:178,8,0,0
BRDA:178,8,1,0
BRF:20
BRH:0
end_of_record
TN:
SF:lib\auth-context.tsx
FN:18,(anonymous_0)
FN:19,(anonymous_1)
FN:22,AuthProvider
FN:26,(anonymous_3)
FN:44,(anonymous_4)
FN:48,(anonymous_5)
FN:61,(anonymous_6)
FNF:7
FNH:0
FNDA:0,(anonymous_0)
FNDA:0,(anonymous_1)
FNDA:0,AuthProvider
FNDA:0,(anonymous_3)
FNDA:0,(anonymous_4)
FNDA:0,(anonymous_5)
FNDA:0,(anonymous_6)
DA:14,2
DA:23,0
DA:24,0
DA:26,0
DA:27,0
DA:28,0
DA:29,0
DA:30,0
DA:31,0
DA:32,0
DA:34,0
DA:35,0
DA:37,0
DA:38,0
DA:40,0
DA:44,0
DA:45,0
DA:48,0
DA:49,0
DA:50,0
DA:51,0
DA:54,0
DA:61,2
LF:23
LH:2
BRDA:29,0,0,0
BRDA:29,0,1,0
BRF:2
BRH:0
end_of_record
TN:
SF:lib\mock-data.ts
FN:478,getCategoryName
FN:488,getCategoryColor
FN:498,formatPrice
FN:502,formatDate
FNF:4
FNH:1
FNDA:0,getCategoryName
FNDA:0,getCategoryColor
FNDA:20,formatPrice
FNDA:0,formatDate
DA:78,1
DA:86,1
DA:97,1
DA:253,1
DA:295,1
DA:339,1
DA:398,1
DA:426,1
DA:460,1
DA:470,1
DA:479,0
DA:485,0
DA:489,0
DA:495,0
DA:499,20
DA:503,0
DA:504,0
LF:17
LH:11
BRF:0
BRH:0
end_of_record
TN:
SF:lib\utils.ts
FN:4,cn
FNF:1
FNH:1
FNDA:1794,cn
DA:5,1794
LF:1
LH:1
BRF:0
BRH:0
end_of_record
