TN:
SF:src\controllers\ai.controller.ts
FN:13,(anonymous_0)
FN:18,(anonymous_1)
FN:36,(anonymous_2)
FN:41,(anonymous_3)
FNF:4
FNH:4
FNDA:4,(anonymous_0)
FNDA:2,(anonymous_1)
FNDA:3,(anonymous_2)
FNDA:2,(anonymous_3)
DA:2,1
DA:3,1
DA:4,1
DA:6,1
DA:14,4
DA:16,4
DA:17,4
DA:18,2
DA:21,2
DA:22,2
DA:24,1
DA:26,1
DA:37,3
DA:39,3
DA:40,3
DA:41,2
DA:44,1
DA:45,1
DA:47,1
DA:49,0
LF:20
LH:19
BRDA:17,0,0,2
BRDA:17,0,1,2
BRDA:40,1,0,2
BRDA:40,1,1,1
BRF:4
BRH:4
end_of_record
TN:
SF:src\controllers\auth.controller.ts
FN:13,(anonymous_0)
FN:18,(anonymous_1)
FN:36,(anonymous_2)
FN:41,(anonymous_3)
FN:54,(anonymous_4)
FNF:5
FNH:4
FNDA:4,(anonymous_0)
FNDA:2,(anonymous_1)
FNDA:3,(anonymous_2)
FNDA:1,(anonymous_3)
FNDA:0,(anonymous_4)
DA:2,1
DA:3,1
DA:4,1
DA:6,1
DA:14,4
DA:16,4
DA:17,4
DA:18,2
DA:21,2
DA:22,2
DA:24,1
DA:26,1
DA:37,3
DA:39,3
DA:40,3
DA:41,1
DA:44,2
DA:45,2
DA:47,1
DA:49,1
DA:55,0
DA:56,0
DA:57,0
DA:59,0
DA:66,0
LF:25
LH:20
BRDA:17,0,0,2
BRDA:17,0,1,2
BRDA:40,1,0,1
BRDA:40,1,1,2
BRF:4
BRH:4
end_of_record
TN:
SF:src\controllers\earnings.controller.ts
FN:6,(anonymous_0)
FN:16,(anonymous_1)
FNF:2
FNH:0
FNDA:0,(anonymous_0)
FNDA:0,(anonymous_1)
DA:2,0
DA:3,0
DA:5,0
DA:7,0
DA:8,0
DA:9,0
DA:10,0
DA:12,0
DA:17,0
DA:18,0
DA:19,0
DA:20,0
DA:22,0
DA:23,0
DA:25,0
LF:15
LH:0
BRDA:19,0,0,0
BRDA:19,0,1,0
BRDA:20,1,0,0
BRDA:20,1,1,0
BRF:4
BRH:0
end_of_record
TN:
SF:src\controllers\materials.controller.ts
FN:21,(anonymous_0)
FN:26,(anonymous_1)
FN:57,(anonymous_2)
FN:71,(anonymous_3)
FN:81,(anonymous_4)
FN:94,(anonymous_5)
FN:106,(anonymous_6)
FN:116,(anonymous_7)
FN:137,(anonymous_8)
FN:141,(anonymous_9)
FN:177,(anonymous_10)
FNF:11
FNH:0
FNDA:0,(anonymous_0)
FNDA:0,(anonymous_1)
FNDA:0,(anonymous_2)
FNDA:0,(anonymous_3)
FNDA:0,(anonymous_4)
FNDA:0,(anonymous_5)
FNDA:0,(anonymous_6)
FNDA:0,(anonymous_7)
FNDA:0,(anonymous_8)
FNDA:0,(anonymous_9)
FNDA:0,(anonymous_10)
DA:2,0
DA:3,0
DA:4,0
DA:5,0
DA:7,0
DA:22,0
DA:24,0
DA:25,0
DA:26,0
DA:30,0
DA:31,0
DA:34,0
DA:35,0
DA:36,0
DA:37,0
DA:39,0
DA:50,0
DA:52,0
DA:58,0
DA:59,0
DA:60,0
DA:61,0
DA:62,0
DA:64,0
DA:65,0
DA:67,0
DA:72,0
DA:73,0
DA:74,0
DA:75,0
DA:77,0
DA:82,0
DA:83,0
DA:84,0
DA:85,0
DA:87,0
DA:88,0
DA:90,0
DA:95,0
DA:96,0
DA:97,0
DA:99,0
DA:100,0
DA:102,0
DA:107,0
DA:108,0
DA:109,0
DA:110,0
DA:112,0
DA:117,0
DA:118,0
DA:119,0
DA:120,0
DA:122,0
DA:138,0
DA:139,0
DA:140,0
DA:141,0
DA:144,0
DA:145,0
DA:147,0
DA:148,0
DA:149,0
DA:152,0
DA:153,0
DA:156,0
DA:157,0
DA:158,0
DA:160,0
DA:161,0
DA:162,0
DA:163,0
DA:164,0
DA:165,0
DA:166,0
DA:167,0
DA:169,0
DA:170,0
DA:172,0
DA:178,0
DA:179,0
DA:180,0
DA:182,0
DA:183,0
DA:184,0
DA:187,0
DA:188,0
DA:191,0
DA:192,0
DA:194,0
LF:90
LH:0
BRDA:25,0,0,0
BRDA:25,0,1,0
BRDA:30,1,0,0
BRDA:30,1,1,0
BRDA:30,2,0,0
BRDA:30,2,1,0
BRDA:43,3,0,0
BRDA:43,3,1,0
BRDA:47,4,0,0
BRDA:47,4,1,0
BRDA:59,5,0,0
BRDA:59,5,1,0
BRDA:60,6,0,0
BRDA:60,6,1,0
BRDA:84,7,0,0
BRDA:84,7,1,0
BRDA:85,8,0,0
BRDA:85,8,1,0
BRDA:96,9,0,0
BRDA:96,9,1,0
BRDA:97,10,0,0
BRDA:97,10,1,0
BRDA:140,11,0,0
BRDA:140,11,1,0
BRDA:148,12,0,0
BRDA:148,12,1,0
BRDA:152,13,0,0
BRDA:152,13,1,0
BRDA:161,14,0,0
BRDA:161,14,1,0
BRDA:162,15,0,0
BRDA:162,15,1,0
BRDA:163,16,0,0
BRDA:163,16,1,0
BRDA:164,17,0,0
BRDA:164,17,1,0
BRDA:165,18,0,0
BRDA:165,18,1,0
BRDA:166,19,0,0
BRDA:166,19,1,0
BRDA:167,20,0,0
BRDA:167,20,1,0
BRDA:183,21,0,0
BRDA:183,21,1,0
BRDA:187,22,0,0
BRDA:187,22,1,0
BRF:46
BRH:0
end_of_record
TN:
SF:src\controllers\orders.controller.ts
FN:13,(anonymous_0)
FN:18,(anonymous_1)
FN:32,(anonymous_2)
FN:45,(anonymous_3)
FN:61,(anonymous_4)
FN:66,(anonymous_5)
FNF:6
FNH:0
FNDA:0,(anonymous_0)
FNDA:0,(anonymous_1)
FNDA:0,(anonymous_2)
FNDA:0,(anonymous_3)
FNDA:0,(anonymous_4)
FNDA:0,(anonymous_5)
DA:2,0
DA:3,0
DA:4,0
DA:6,0
DA:14,0
DA:16,0
DA:17,0
DA:18,0
DA:21,0
DA:22,0
DA:24,0
DA:25,0
DA:27,0
DA:33,0
DA:34,0
DA:35,0
DA:36,0
DA:38,0
DA:39,0
DA:41,0
DA:46,0
DA:47,0
DA:48,0
DA:50,0
DA:51,0
DA:53,0
DA:62,0
DA:64,0
DA:65,0
DA:66,0
DA:69,0
DA:70,0
DA:71,0
DA:73,0
DA:74,0
DA:76,0
LF:36
LH:0
BRDA:17,0,0,0
BRDA:17,0,1,0
BRDA:35,1,0,0
BRDA:35,1,1,0
BRDA:36,2,0,0
BRDA:36,2,1,0
BRDA:65,3,0,0
BRDA:65,3,1,0
BRF:8
BRH:0
end_of_record
TN:
SF:src\middleware\auth.middleware.ts
FN:5,(anonymous_0)
FN:28,(anonymous_1)
FNF:2
FNH:1
FNDA:4,(anonymous_0)
FNDA:0,(anonymous_1)
DA:2,1
DA:3,1
DA:5,1
DA:6,4
DA:8,4
DA:9,2
DA:12,2
DA:14,2
DA:15,2
DA:17,1
DA:22,1
DA:24,1
DA:28,1
DA:29,0
DA:30,0
DA:31,0
DA:33,0
LF:17
LH:13
BRDA:8,0,0,2
BRDA:8,0,1,2
BRDA:8,1,0,4
BRDA:8,1,1,3
BRDA:30,2,0,0
BRDA:30,2,1,0
BRDA:30,3,0,0
BRDA:30,3,1,0
BRF:8
BRH:4
end_of_record
TN:
SF:src\middleware\error.middleware.ts
FN:4,(anonymous_0)
FNF:1
FNH:1
FNDA:1,(anonymous_0)
DA:2,1
DA:4,1
DA:5,1
DA:7,1
DA:8,1
DA:10,1
LF:6
LH:6
BRDA:7,0,0,1
BRDA:7,0,1,1
BRDA:8,1,0,1
BRDA:8,1,1,0
BRF:4
BRH:3
end_of_record
TN:
SF:src\models\earnings.model.ts
FNF:0
FNH:0
DA:1,1
DA:2,1
DA:3,1
DA:4,1
DA:21,1
DA:31,1
DA:83,1
DA:84,1
DA:86,1
LF:9
LH:9
BRF:0
BRH:0
end_of_record
TN:
SF:src\models\material.model.ts
FNF:0
FNH:0
DA:1,2
DA:2,2
DA:3,2
DA:24,2
DA:38,2
DA:103,2
DA:104,2
LF:7
LH:7
BRF:0
BRH:0
end_of_record
TN:
SF:src\models\order.model.ts
FNF:0
FNH:0
DA:1,2
DA:2,2
DA:3,2
DA:4,2
DA:17,2
DA:26,2
DA:70,2
DA:71,2
DA:74,2
DA:84,2
DA:129,2
DA:130,2
DA:131,2
LF:13
LH:13
BRF:0
BRH:0
end_of_record
TN:
SF:src\models\tag.model.ts
FNF:0
FNH:0
DA:1,0
DA:2,0
DA:3,0
DA:14,0
DA:21,0
DA:51,0
DA:74,0
DA:75,0
LF:8
LH:0
BRF:0
BRH:0
end_of_record
TN:
SF:src\models\user.model.ts
FNF:0
FNH:0
DA:1,5
DA:2,5
DA:18,5
DA:30,5
LF:4
LH:4
BRF:0
BRH:0
end_of_record
TN:
SF:src\services\ai.service.ts
FN:21,createAiClient
FN:44,(anonymous_1)
FN:68,(anonymous_2)
FNF:3
FNH:3
FNDA:6,createAiClient
FNDA:4,(anonymous_1)
FNDA:2,(anonymous_2)
DA:1,1
DA:2,1
DA:22,6
DA:23,1
DA:30,5
DA:31,1
DA:37,4
DA:43,1
DA:45,4
DA:47,3
DA:62,3
DA:69,2
DA:71,2
DA:87,2
LF:14
LH:14
BRDA:22,0,0,1
BRDA:22,0,1,5
BRDA:25,1,0,1
BRDA:25,1,1,0
BRDA:30,2,0,1
BRDA:30,2,1,4
BRDA:64,3,0,3
BRDA:64,3,1,1
BRDA:88,4,0,2
BRDA:88,4,1,1
BRF:10
BRH:9
end_of_record
TN:
SF:src\services\auth.service.ts
FN:17,(anonymous_0)
FN:52,(anonymous_1)
FN:112,(anonymous_2)
FNF:3
FNH:3
FNDA:4,(anonymous_0)
FNDA:5,(anonymous_1)
FNDA:2,(anonymous_2)
DA:1,2
DA:2,2
DA:3,2
DA:16,2
DA:19,4
DA:20,4
DA:21,2
DA:25,2
DA:28,2
DA:35,2
DA:41,2
DA:53,5
DA:54,5
DA:56,5
DA:57,5
DA:58,1
DA:61,4
DA:62,0
DA:63,0
DA:64,0
DA:65,0
DA:66,0
DA:68,0
DA:69,0
DA:70,0
DA:74,4
DA:75,4
DA:76,2
DA:77,2
DA:78,0
DA:79,0
DA:80,0
DA:81,0
DA:83,2
DA:84,2
DA:85,1
DA:89,2
DA:90,0
DA:91,0
DA:92,0
DA:95,2
DA:101,2
DA:113,2
DA:114,2
DA:115,1
DA:117,1
LF:46
LH:31
BRDA:20,0,0,2
BRDA:20,0,1,2
BRDA:57,1,0,1
BRDA:57,1,1,4
BRDA:61,2,0,0
BRDA:61,2,1,4
BRDA:64,3,0,0
BRDA:64,3,1,0
BRDA:75,4,0,2
BRDA:75,4,1,2
BRDA:77,5,0,0
BRDA:77,5,1,2
BRDA:89,6,0,0
BRDA:89,6,1,2
BRDA:89,7,0,2
BRDA:89,7,1,2
BRDA:114,8,0,1
BRDA:114,8,1,1
BRF:18
BRH:13
end_of_record
TN:
SF:src\services\earnings.service.ts
FN:15,(anonymous_0)
FN:62,(anonymous_1)
FNF:2
FNH:2
FNDA:2,(anonymous_0)
FNDA:1,(anonymous_1)
DA:1,1
DA:2,1
DA:3,1
DA:4,1
DA:5,1
DA:14,1
DA:16,2
DA:17,2
DA:18,2
DA:19,2
DA:22,2
DA:25,2
DA:28,2
DA:34,2
DA:37,2
DA:43,2
DA:46,2
DA:52,2
DA:54,2
DA:63,1
DA:95,1
LF:21
LH:21
BRDA:25,0,0,2
BRDA:25,0,1,1
BRDA:34,1,0,2
BRDA:34,1,1,1
BRDA:43,2,0,2
BRDA:43,2,1,1
BRDA:52,3,0,2
BRDA:52,3,1,1
BRDA:62,4,0,0
BRDA:62,5,0,0
BRF:10
BRH:8
end_of_record
TN:
SF:src\services\materials.service.ts
FN:29,(anonymous_0)
FN:68,(anonymous_1)
FN:103,(anonymous_2)
FN:123,(anonymous_3)
FN:144,(anonymous_4)
FN:166,(anonymous_5)
FN:187,(anonymous_6)
FN:242,(anonymous_7)
FNF:8
FNH:6
FNDA:2,(anonymous_0)
FNDA:3,(anonymous_1)
FNDA:2,(anonymous_2)
FNDA:1,(anonymous_3)
FNDA:0,(anonymous_4)
FNDA:0,(anonymous_5)
FNDA:3,(anonymous_6)
FNDA:3,(anonymous_7)
DA:1,2
DA:2,2
DA:3,2
DA:4,2
DA:28,2
DA:31,2
DA:42,2
DA:43,2
DA:45,2
DA:46,2
DA:47,1
DA:50,2
DA:58,2
DA:65,2
DA:69,3
DA:71,3
DA:72,1
DA:75,3
DA:76,1
DA:82,3
DA:94,3
DA:104,2
DA:105,2
DA:106,0
DA:109,2
DA:116,2
DA:117,1
DA:120,1
DA:124,1
DA:135,1
DA:145,0
DA:157,0
DA:167,0
DA:168,0
DA:169,0
DA:172,0
DA:173,0
DA:174,0
DA:177,0
DA:179,0
DA:188,3
DA:189,3
DA:190,0
DA:193,3
DA:194,3
DA:195,1
DA:199,2
DA:200,1
DA:204,1
DA:214,1
DA:216,0
DA:219,0
DA:220,0
DA:221,0
DA:222,0
DA:224,0
DA:232,1
DA:239,1
DA:243,3
DA:244,3
DA:245,0
DA:248,3
DA:249,3
DA:250,1
DA:254,2
DA:255,1
DA:259,1
DA:262,1
DA:264,1
LF:69
LH:50
BRDA:35,0,0,2
BRDA:35,0,1,2
BRDA:42,1,0,2
BRDA:42,1,1,0
BRDA:42,2,0,2
BRDA:42,2,1,2
BRDA:46,3,0,1
BRDA:46,3,1,1
BRDA:68,4,0,0
BRDA:68,5,0,0
BRDA:71,6,0,1
BRDA:71,6,1,2
BRDA:75,7,0,1
BRDA:75,7,1,2
BRDA:105,8,0,0
BRDA:105,8,1,2
BRDA:105,9,0,2
BRDA:105,9,1,2
BRDA:116,10,0,1
BRDA:116,10,1,1
BRDA:123,11,0,0
BRDA:123,12,0,0
BRDA:144,13,0,0
BRDA:144,14,0,0
BRDA:168,15,0,0
BRDA:168,15,1,0
BRDA:168,16,0,0
BRDA:168,16,1,0
BRDA:173,17,0,0
BRDA:173,17,1,0
BRDA:189,18,0,0
BRDA:189,18,1,3
BRDA:189,19,0,3
BRDA:189,19,1,3
BRDA:194,20,0,1
BRDA:194,20,1,2
BRDA:199,21,0,1
BRDA:199,21,1,1
BRDA:208,22,0,1
BRDA:208,22,1,1
BRDA:214,23,0,0
BRDA:214,23,1,1
BRDA:221,24,0,0
BRDA:221,24,1,0
BRDA:244,25,0,0
BRDA:244,25,1,3
BRDA:244,26,0,3
BRDA:244,26,1,3
BRDA:249,27,0,1
BRDA:249,27,1,2
BRDA:254,28,0,1
BRDA:254,28,1,1
BRF:52
BRH:33
end_of_record
TN:
SF:src\services\orders.service.ts
FN:16,(anonymous_0)
FN:17,(anonymous_1)
FN:120,(anonymous_2)
FN:157,(anonymous_3)
FN:192,(anonymous_4)
FNF:5
FNH:5
FNDA:2,(anonymous_0)
FNDA:2,(anonymous_1)
FNDA:1,(anonymous_2)
FNDA:3,(anonymous_3)
FNDA:3,(anonymous_4)
DA:1,1
DA:2,1
DA:3,1
DA:4,1
DA:5,1
DA:15,1
DA:17,2
DA:18,2
DA:25,2
DA:27,2
DA:28,2
DA:32,2
DA:33,1
DA:36,1
DA:37,0
DA:40,1
DA:41,1
DA:42,0
DA:45,1
DA:46,1
DA:47,1
DA:49,1
DA:58,1
DA:67,1
DA:68,1
DA:78,1
DA:79,1
DA:80,1
DA:92,1
DA:116,1
DA:121,1
DA:148,1
DA:158,3
DA:180,3
DA:181,1
DA:185,2
DA:186,1
DA:189,1
DA:193,3
DA:194,3
DA:195,1
DA:199,2
DA:200,1
DA:203,1
DA:204,1
DA:206,1
LF:46
LH:44
BRDA:32,0,0,1
BRDA:32,0,1,1
BRDA:36,1,0,0
BRDA:36,1,1,1
BRDA:41,2,0,0
BRDA:41,2,1,1
BRDA:41,3,0,1
BRDA:41,3,1,1
BRDA:79,4,0,1
BRDA:79,4,1,0
BRDA:120,5,0,1
BRDA:120,6,0,1
BRDA:180,7,0,1
BRDA:180,7,1,2
BRDA:185,8,0,1
BRDA:185,8,1,1
BRDA:194,9,0,1
BRDA:194,9,1,2
BRDA:199,10,0,1
BRDA:199,10,1,1
BRF:20
BRH:17
end_of_record
TN:
SF:src\utils\jwt.ts
FN:10,(anonymous_1)
FN:18,(anonymous_2)
FNF:2
FNH:2
FNDA:1,(anonymous_1)
FNDA:2,(anonymous_2)
DA:1,4
DA:2,4
DA:10,4
DA:11,1
DA:15,1
DA:18,4
DA:19,2
LF:7
LH:7
BRF:0
BRH:0
end_of_record
TN:
SF:src\utils\password.ts
FN:3,(anonymous_1)
FN:8,(anonymous_2)
FNF:2
FNH:2
FNDA:6,(anonymous_1)
FNDA:3,(anonymous_2)
DA:1,3
DA:3,3
DA:4,6
DA:5,6
DA:8,3
DA:9,3
LF:6
LH:6
BRF:0
BRH:0
end_of_record
TN:
SF:src\utils\response.ts
FN:10,success
FN:14,error
FNF:2
FNH:2
FNDA:7,success
FNDA:10,error
DA:10,4
DA:11,7
DA:14,4
DA:15,10
LF:4
LH:4
BRDA:10,0,0,5
BRDA:14,1,0,10
BRF:2
BRH:2
end_of_record
TN:
SF:src\utils\upload.ts
FN:12,(anonymous_1)
FN:15,(anonymous_2)
FN:22,(anonymous_3)
FNF:3
FNH:0
FNDA:0,(anonymous_1)
FNDA:0,(anonymous_2)
FNDA:0,(anonymous_3)
DA:1,0
DA:2,0
DA:3,0
DA:4,0
DA:6,0
DA:7,0
DA:8,0
DA:11,0
DA:13,0
DA:16,0
DA:17,0
DA:18,0
DA:22,0
DA:24,0
DA:35,0
DA:36,0
DA:38,0
DA:42,0
LF:18
LH:0
BRDA:7,0,0,0
BRDA:7,0,1,0
BRDA:35,1,0,0
BRDA:35,1,1,0
BRF:4
BRH:0
end_of_record
