TN:
SF:src\controllers\ai.controller.ts
FN:13,(anonymous_0)
FN:18,(anonymous_1)
FN:36,(anonymous_2)
FN:41,(anonymous_3)
FNF:4
FNH:0
FNDA:0,(anonymous_0)
FNDA:0,(anonymous_1)
FNDA:0,(anonymous_2)
FNDA:0,(anonymous_3)
DA:2,0
DA:3,0
DA:4,0
DA:6,0
DA:14,0
DA:16,0
DA:17,0
DA:18,0
DA:21,0
DA:22,0
DA:24,0
DA:26,0
DA:37,0
DA:39,0
DA:40,0
DA:41,0
DA:44,0
DA:45,0
DA:47,0
DA:49,0
LF:20
LH:0
BRDA:17,0,0,0
BRDA:17,0,1,0
BRDA:40,1,0,0
BRDA:40,1,1,0
BRF:4
BRH:0
end_of_record
TN:
SF:src\controllers\auth.controller.ts
FN:13,(anonymous_0)
FN:18,(anonymous_1)
FN:36,(anonymous_2)
FN:41,(anonymous_3)
FN:54,(anonymous_4)
FNF:5
FNH:4
FNDA:4,(anonymous_0)
FNDA:2,(anonymous_1)
FNDA:3,(anonymous_2)
FNDA:1,(anonymous_3)
FNDA:0,(anonymous_4)
DA:2,1
DA:3,1
DA:4,1
DA:6,1
DA:14,4
DA:16,4
DA:17,4
DA:18,2
DA:21,2
DA:22,2
DA:24,1
DA:26,1
DA:37,3
DA:39,3
DA:40,3
DA:41,1
DA:44,2
DA:45,2
DA:47,1
DA:49,1
DA:55,0
DA:56,0
DA:57,0
DA:59,0
DA:66,0
LF:25
LH:20
BRDA:17,0,0,2
BRDA:17,0,1,2
BRDA:40,1,0,1
BRDA:40,1,1,2
BRF:4
BRH:4
end_of_record
TN:
SF:src\controllers\earnings.controller.ts
FN:6,(anonymous_0)
FN:16,(anonymous_1)
FNF:2
FNH:0
FNDA:0,(anonymous_0)
FNDA:0,(anonymous_1)
DA:2,0
DA:3,0
DA:5,0
DA:7,0
DA:8,0
DA:9,0
DA:10,0
DA:12,0
DA:17,0
DA:18,0
DA:19,0
DA:20,0
DA:22,0
DA:23,0
DA:25,0
LF:15
LH:0
BRDA:19,0,0,0
BRDA:19,0,1,0
BRDA:20,1,0,0
BRDA:20,1,1,0
BRF:4
BRH:0
end_of_record
TN:
SF:src\controllers\materials.controller.ts
FN:21,(anonymous_0)
FN:26,(anonymous_1)
FN:57,(anonymous_2)
FN:71,(anonymous_3)
FN:81,(anonymous_4)
FN:107,(anonymous_5)
FN:112,(anonymous_6)
FN:138,(anonymous_7)
FNF:8
FNH:0
FNDA:0,(anonymous_0)
FNDA:0,(anonymous_1)
FNDA:0,(anonymous_2)
FNDA:0,(anonymous_3)
FNDA:0,(anonymous_4)
FNDA:0,(anonymous_5)
FNDA:0,(anonymous_6)
FNDA:0,(anonymous_7)
DA:2,0
DA:3,0
DA:4,0
DA:5,0
DA:7,0
DA:22,0
DA:24,0
DA:25,0
DA:26,0
DA:30,0
DA:31,0
DA:34,0
DA:35,0
DA:36,0
DA:37,0
DA:39,0
DA:50,0
DA:52,0
DA:58,0
DA:59,0
DA:60,0
DA:61,0
DA:62,0
DA:64,0
DA:65,0
DA:67,0
DA:72,0
DA:73,0
DA:74,0
DA:75,0
DA:77,0
DA:82,0
DA:83,0
DA:84,0
DA:85,0
DA:87,0
DA:88,0
DA:90,0
DA:108,0
DA:110,0
DA:111,0
DA:112,0
DA:115,0
DA:116,0
DA:117,0
DA:118,0
DA:119,0
DA:121,0
DA:122,0
DA:123,0
DA:124,0
DA:125,0
DA:126,0
DA:127,0
DA:128,0
DA:130,0
DA:131,0
DA:133,0
DA:139,0
DA:140,0
DA:141,0
DA:143,0
DA:144,0
DA:146,0
LF:64
LH:0
BRDA:25,0,0,0
BRDA:25,0,1,0
BRDA:30,1,0,0
BRDA:30,1,1,0
BRDA:30,2,0,0
BRDA:30,2,1,0
BRDA:43,3,0,0
BRDA:43,3,1,0
BRDA:47,4,0,0
BRDA:47,4,1,0
BRDA:59,5,0,0
BRDA:59,5,1,0
BRDA:60,6,0,0
BRDA:60,6,1,0
BRDA:84,7,0,0
BRDA:84,7,1,0
BRDA:85,8,0,0
BRDA:85,8,1,0
BRDA:111,9,0,0
BRDA:111,9,1,0
BRDA:122,10,0,0
BRDA:122,10,1,0
BRDA:123,11,0,0
BRDA:123,11,1,0
BRDA:124,12,0,0
BRDA:124,12,1,0
BRDA:125,13,0,0
BRDA:125,13,1,0
BRDA:126,14,0,0
BRDA:126,14,1,0
BRDA:127,15,0,0
BRDA:127,15,1,0
BRDA:128,16,0,0
BRDA:128,16,1,0
BRF:34
BRH:0
end_of_record
TN:
SF:src\controllers\orders.controller.ts
FN:13,(anonymous_0)
FN:18,(anonymous_1)
FN:32,(anonymous_2)
FN:45,(anonymous_3)
FN:61,(anonymous_4)
FN:66,(anonymous_5)
FNF:6
FNH:0
FNDA:0,(anonymous_0)
FNDA:0,(anonymous_1)
FNDA:0,(anonymous_2)
FNDA:0,(anonymous_3)
FNDA:0,(anonymous_4)
FNDA:0,(anonymous_5)
DA:2,0
DA:3,0
DA:4,0
DA:6,0
DA:14,0
DA:16,0
DA:17,0
DA:18,0
DA:21,0
DA:22,0
DA:24,0
DA:25,0
DA:27,0
DA:33,0
DA:34,0
DA:35,0
DA:36,0
DA:38,0
DA:39,0
DA:41,0
DA:46,0
DA:47,0
DA:48,0
DA:50,0
DA:51,0
DA:53,0
DA:62,0
DA:64,0
DA:65,0
DA:66,0
DA:69,0
DA:70,0
DA:71,0
DA:73,0
DA:74,0
DA:76,0
LF:36
LH:0
BRDA:17,0,0,0
BRDA:17,0,1,0
BRDA:35,1,0,0
BRDA:35,1,1,0
BRDA:36,2,0,0
BRDA:36,2,1,0
BRDA:65,3,0,0
BRDA:65,3,1,0
BRF:8
BRH:0
end_of_record
TN:
SF:src\middleware\auth.middleware.ts
FN:4,(anonymous_0)
FNF:1
FNH:1
FNDA:4,(anonymous_0)
DA:2,1
DA:4,1
DA:5,4
DA:7,4
DA:8,2
DA:11,2
DA:13,2
DA:14,2
DA:16,1
DA:21,1
DA:23,1
LF:11
LH:11
BRDA:7,0,0,2
BRDA:7,0,1,2
BRDA:7,1,0,4
BRDA:7,1,1,3
BRF:4
BRH:4
end_of_record
TN:
SF:src\middleware\error.middleware.ts
FN:4,(anonymous_0)
FNF:1
FNH:0
FNDA:0,(anonymous_0)
DA:2,0
DA:4,0
DA:5,0
DA:7,0
DA:8,0
DA:10,0
LF:6
LH:0
BRDA:7,0,0,0
BRDA:7,0,1,0
BRDA:8,1,0,0
BRDA:8,1,1,0
BRF:4
BRH:0
end_of_record
TN:
SF:src\models\earnings.model.ts
FNF:0
FNH:0
DA:1,1
DA:2,1
DA:3,1
DA:4,1
DA:21,1
DA:31,1
DA:83,1
DA:84,1
DA:86,1
LF:9
LH:9
BRF:0
BRH:0
end_of_record
TN:
SF:src\models\material.model.ts
FNF:0
FNH:0
DA:1,2
DA:2,2
DA:3,2
DA:23,2
DA:36,2
DA:96,2
DA:97,2
LF:7
LH:7
BRF:0
BRH:0
end_of_record
TN:
SF:src\models\order.model.ts
FNF:0
FNH:0
DA:1,2
DA:2,2
DA:3,2
DA:4,2
DA:17,2
DA:26,2
DA:70,2
DA:71,2
DA:74,2
DA:84,2
DA:129,2
DA:130,2
DA:131,2
LF:13
LH:13
BRF:0
BRH:0
end_of_record
TN:
SF:src\models\tag.model.ts
FNF:0
FNH:0
DA:1,0
DA:2,0
DA:3,0
DA:14,0
DA:21,0
DA:51,0
DA:74,0
DA:75,0
LF:8
LH:0
BRF:0
BRH:0
end_of_record
TN:
SF:src\models\user.model.ts
FNF:0
FNH:0
DA:1,5
DA:2,5
DA:16,5
DA:26,5
LF:4
LH:4
BRF:0
BRH:0
end_of_record
TN:
SF:src\services\ai.service.ts
FN:21,createAiClient
FN:44,(anonymous_1)
FN:68,(anonymous_2)
FNF:3
FNH:0
FNDA:0,createAiClient
FNDA:0,(anonymous_1)
FNDA:0,(anonymous_2)
DA:1,0
DA:2,0
DA:22,0
DA:23,0
DA:30,0
DA:31,0
DA:37,0
DA:43,0
DA:45,0
DA:47,0
DA:62,0
DA:69,0
DA:71,0
DA:87,0
LF:14
LH:0
BRDA:22,0,0,0
BRDA:22,0,1,0
BRDA:25,1,0,0
BRDA:25,1,1,0
BRDA:30,2,0,0
BRDA:30,2,1,0
BRDA:64,3,0,0
BRDA:64,3,1,0
BRDA:88,4,0,0
BRDA:88,4,1,0
BRF:10
BRH:0
end_of_record
TN:
SF:src\services\auth.service.ts
FN:17,(anonymous_0)
FN:52,(anonymous_1)
FN:83,(anonymous_2)
FNF:3
FNH:3
FNDA:4,(anonymous_0)
FNDA:5,(anonymous_1)
FNDA:2,(anonymous_2)
DA:1,2
DA:2,2
DA:3,2
DA:16,2
DA:19,4
DA:20,4
DA:21,2
DA:25,2
DA:28,2
DA:35,2
DA:41,2
DA:54,5
DA:55,5
DA:56,1
DA:60,4
DA:61,4
DA:62,2
DA:66,2
DA:72,2
DA:84,2
DA:85,2
DA:86,1
DA:88,1
LF:23
LH:23
BRDA:20,0,0,2
BRDA:20,0,1,2
BRDA:55,1,0,1
BRDA:55,1,1,4
BRDA:61,2,0,2
BRDA:61,2,1,2
BRDA:85,3,0,1
BRDA:85,3,1,1
BRF:8
BRH:8
end_of_record
TN:
SF:src\services\earnings.service.ts
FN:13,(anonymous_0)
FN:60,(anonymous_1)
FNF:2
FNH:2
FNDA:2,(anonymous_0)
FNDA:1,(anonymous_1)
DA:1,1
DA:2,1
DA:3,1
DA:12,1
DA:14,2
DA:15,2
DA:16,2
DA:17,2
DA:20,2
DA:23,2
DA:26,2
DA:32,2
DA:35,2
DA:41,2
DA:44,2
DA:50,2
DA:52,2
DA:61,1
DA:69,1
LF:19
LH:19
BRDA:23,0,0,2
BRDA:23,0,1,1
BRDA:32,1,0,2
BRDA:32,1,1,1
BRDA:41,2,0,2
BRDA:41,2,1,1
BRDA:50,3,0,2
BRDA:50,3,1,1
BRDA:60,4,0,0
BRDA:60,5,0,0
BRF:10
BRH:8
end_of_record
TN:
SF:src\services\materials.service.ts
FN:28,(anonymous_0)
FN:67,(anonymous_1)
FN:101,(anonymous_2)
FN:116,(anonymous_3)
FN:136,(anonymous_4)
FN:186,(anonymous_5)
FNF:6
FNH:6
FNDA:2,(anonymous_0)
FNDA:3,(anonymous_1)
FNDA:2,(anonymous_2)
FNDA:1,(anonymous_3)
FNDA:3,(anonymous_4)
FNDA:3,(anonymous_5)
DA:1,2
DA:2,2
DA:3,2
DA:4,2
DA:27,2
DA:30,2
DA:41,2
DA:42,2
DA:44,2
DA:45,2
DA:46,1
DA:49,2
DA:57,2
DA:64,2
DA:68,3
DA:70,3
DA:71,1
DA:74,3
DA:75,1
DA:81,3
DA:92,3
DA:102,2
DA:109,2
DA:110,1
DA:113,1
DA:117,1
DA:127,1
DA:137,3
DA:138,3
DA:139,1
DA:143,2
DA:144,1
DA:148,1
DA:158,1
DA:160,0
DA:163,0
DA:164,0
DA:165,0
DA:166,0
DA:168,0
DA:176,1
DA:183,1
DA:187,3
DA:188,3
DA:189,1
DA:193,2
DA:194,1
DA:198,1
DA:201,1
DA:203,1
LF:50
LH:44
BRDA:34,0,0,2
BRDA:34,0,1,2
BRDA:41,1,0,2
BRDA:41,1,1,0
BRDA:41,2,0,2
BRDA:41,2,1,2
BRDA:45,3,0,1
BRDA:45,3,1,1
BRDA:67,4,0,0
BRDA:67,5,0,0
BRDA:70,6,0,1
BRDA:70,6,1,2
BRDA:74,7,0,1
BRDA:74,7,1,2
BRDA:109,8,0,1
BRDA:109,8,1,1
BRDA:116,9,0,0
BRDA:116,10,0,0
BRDA:138,11,0,1
BRDA:138,11,1,2
BRDA:143,12,0,1
BRDA:143,12,1,1
BRDA:152,13,0,1
BRDA:152,13,1,1
BRDA:158,14,0,0
BRDA:158,14,1,1
BRDA:165,15,0,0
BRDA:165,15,1,0
BRDA:188,16,0,1
BRDA:188,16,1,2
BRDA:193,17,0,1
BRDA:193,17,1,1
BRF:32
BRH:24
end_of_record
TN:
SF:src\services\orders.service.ts
FN:14,(anonymous_0)
FN:79,(anonymous_1)
FN:103,(anonymous_2)
FN:122,(anonymous_3)
FNF:4
FNH:4
FNDA:2,(anonymous_0)
FNDA:1,(anonymous_1)
FNDA:3,(anonymous_2)
FNDA:3,(anonymous_3)
DA:1,1
DA:2,1
DA:3,1
DA:13,1
DA:15,2
DA:16,2
DA:19,2
DA:20,2
DA:21,2
DA:22,1
DA:25,1
DA:26,1
DA:28,1
DA:38,1
DA:45,1
DA:46,1
DA:55,1
DA:56,1
DA:57,1
DA:66,1
DA:76,1
DA:80,1
DA:94,1
DA:104,3
DA:110,3
DA:111,1
DA:115,2
DA:116,1
DA:119,1
DA:123,3
DA:124,3
DA:125,1
DA:129,2
DA:130,1
DA:133,1
DA:134,1
DA:136,1
LF:37
LH:37
BRDA:21,0,0,1
BRDA:21,0,1,1
BRDA:79,1,0,1
BRDA:79,2,0,1
BRDA:110,3,0,1
BRDA:110,3,1,2
BRDA:115,4,0,1
BRDA:115,4,1,1
BRDA:124,5,0,1
BRDA:124,5,1,2
BRDA:129,6,0,1
BRDA:129,6,1,1
BRF:12
BRH:12
end_of_record
TN:
SF:src\utils\jwt.ts
FN:10,(anonymous_1)
FN:18,(anonymous_2)
FNF:2
FNH:2
FNDA:1,(anonymous_1)
FNDA:2,(anonymous_2)
DA:1,4
DA:2,4
DA:10,4
DA:11,1
DA:15,1
DA:18,4
DA:19,2
LF:7
LH:7
BRF:0
BRH:0
end_of_record
TN:
SF:src\utils\password.ts
FN:3,(anonymous_1)
FN:8,(anonymous_2)
FNF:2
FNH:2
FNDA:6,(anonymous_1)
FNDA:3,(anonymous_2)
DA:1,3
DA:3,3
DA:4,6
DA:5,6
DA:8,3
DA:9,3
LF:6
LH:6
BRF:0
BRH:0
end_of_record
TN:
SF:src\utils\response.ts
FN:10,success
FN:14,error
FNF:2
FNH:2
FNDA:5,success
FNDA:5,error
DA:10,2
DA:11,5
DA:14,2
DA:15,5
LF:4
LH:4
BRDA:10,0,0,3
BRDA:14,1,0,5
BRF:2
BRH:2
end_of_record
TN:
SF:src\utils\upload.ts
FN:12,(anonymous_1)
FN:15,(anonymous_2)
FN:22,(anonymous_3)
FNF:3
FNH:0
FNDA:0,(anonymous_1)
FNDA:0,(anonymous_2)
FNDA:0,(anonymous_3)
DA:1,0
DA:2,0
DA:3,0
DA:4,0
DA:6,0
DA:7,0
DA:8,0
DA:11,0
DA:13,0
DA:16,0
DA:17,0
DA:18,0
DA:22,0
DA:24,0
DA:25,0
DA:26,0
DA:28,0
DA:32,0
LF:18
LH:0
BRDA:7,0,0,0
BRDA:7,0,1,0
BRDA:25,1,0,0
BRDA:25,1,1,0
BRF:4
BRH:0
end_of_record
